2024-03-30 08:47:20,424 [INFO] Activator:176 - 


2024-03-30 08:47:20,426 [INFO] Activator:177 - !SESSION log4j initialized
2024-03-30 08:47:22,431 [INFO] LogOutputStream:77 - [STDOUT_REDIRECT] 
2024-03-30 08:47:24,757 [INFO] ApplicationProperties:184 - Using Application install path: /opt/st/stm32cubeide_1.15.0/plugins/com.st.stm32cube.common.mx_6.11.0.202403141607
2024-03-30 08:47:24,777 [INFO] DbMcusXml:78 - Set database path to: /opt/st/stm32cubeide_1.15.0/plugins/com.st.stm32cube.common.mx_6.11.0.202403141607//db//mcu/
2024-03-30 08:47:24,777 [INFO] ApiDb:274 - Set plugin database path to: /opt/st/stm32cubeide_1.15.0/plugins/com.st.stm32cube.common.mx_6.11.0.202403141607//db//plugins/boardmanager/
2024-03-30 08:47:24,777 [WARN] ApiDb:259 - Overriding images path with different value:  => /opt/st/stm32cubeide_1.15.0/plugins/com.st.stm32cube.common.mx_6.11.0.202403141607//db//plugins/mcufinder/images/
2024-03-30 08:47:24,782 [INFO] ApiDb:250 - Set database path to: /home/anushree/.stmcufinder/plugins/mcufinder//mcu/
2024-03-30 08:47:24,784 [INFO] DbMcusAds:125 - Set database path to: /home/anushree/.stmcufinder/plugins/mcufinder//mcu/
2024-03-30 08:47:24,786 [INFO] CrossReferenceDbSqlite:203 - Set database path to: /home/anushree/.stmcufinder/plugins/mcufinder//mcu/cs/
2024-03-30 08:47:24,914 [INFO] RulesReader:64 - Compatibility file has been processed (297 Rules)
2024-03-30 08:47:24,977 [INFO] DbMcusXml:78 - Set database path to: /opt/st/stm32cubeide_1.15.0/plugins/com.st.stm32cube.common.mx_6.11.0.202403141607//db//mcu/
2024-03-30 08:47:24,977 [INFO] ApiDb:274 - Set plugin database path to: /opt/st/stm32cubeide_1.15.0/plugins/com.st.stm32cube.common.mx_6.11.0.202403141607//db//plugins/boardmanager/
2024-03-30 08:47:24,977 [INFO] ApiDb:261 - Set plugin images path to: /opt/st/stm32cubeide_1.15.0/plugins/com.st.stm32cube.common.mx_6.11.0.202403141607//db//plugins/mcufinder/images/
2024-03-30 08:47:24,977 [WARN] DbFile:41 - Overriding database path with different value: /home/anushree/.stmcufinder/plugins/mcufinder/ => /home/anushree/.stmcufinder/plugins/mcufinder
2024-03-30 08:47:24,978 [INFO] ApiDb:250 - Set database path to: /home/anushree/.stmcufinder/plugins/mcufinder//mcu/
2024-03-30 08:47:24,978 [WARN] DbFile:41 - Overriding database path with different value: /home/anushree/.stmcufinder/plugins/mcufinder/ => /home/anushree/.stmcufinder/plugins/mcufinder
2024-03-30 08:47:24,978 [INFO] DbMcusAds:125 - Set database path to: /home/anushree/.stmcufinder/plugins/mcufinder//mcu/
2024-03-30 08:47:24,978 [WARN] DbFile:41 - Overriding database path with different value: /home/anushree/.stmcufinder/plugins/mcufinder/ => /home/anushree/.stmcufinder/plugins/mcufinder
2024-03-30 08:47:24,978 [WARN] DbFile:41 - Overriding database path with different value: /home/anushree/.stmcufinder/plugins/mcufinder/ => /home/anushree/.stmcufinder/plugins/mcufinder
2024-03-30 08:47:24,978 [INFO] CrossReferenceDbSqlite:203 - Set database path to: /home/anushree/.stmcufinder/plugins/mcufinder//mcu/cs/
2024-03-30 08:47:25,045 [INFO] MainPanel:264 - HeapMemory: 268435456
2024-03-30 08:47:25,124 [INFO] DbMcusXml:78 - Set database path to: /opt/st/stm32cubeide_1.15.0/plugins/com.st.stm32cube.common.mx_6.11.0.202403141607//db//mcu/
2024-03-30 08:47:25,124 [INFO] ApiDb:274 - Set plugin database path to: /opt/st/stm32cubeide_1.15.0/plugins/com.st.stm32cube.common.mx_6.11.0.202403141607//db//plugins/boardmanager/
2024-03-30 08:47:25,124 [INFO] ApiDb:261 - Set plugin images path to: /opt/st/stm32cubeide_1.15.0/plugins/com.st.stm32cube.common.mx_6.11.0.202403141607//db//plugins/mcufinder/images/
2024-03-30 08:47:25,124 [WARN] DbFile:41 - Overriding database path with different value: /home/anushree/.stmcufinder/plugins/mcufinder/ => /home/anushree/.stmcufinder/plugins/mcufinder
2024-03-30 08:47:25,125 [INFO] ApiDb:250 - Set database path to: /home/anushree/.stmcufinder/plugins/mcufinder//mcu/
2024-03-30 08:47:25,125 [WARN] DbFile:41 - Overriding database path with different value: /home/anushree/.stmcufinder/plugins/mcufinder/ => /home/anushree/.stmcufinder/plugins/mcufinder
2024-03-30 08:47:25,125 [INFO] DbMcusAds:125 - Set database path to: /home/anushree/.stmcufinder/plugins/mcufinder//mcu/
2024-03-30 08:47:25,125 [WARN] DbFile:41 - Overriding database path with different value: /home/anushree/.stmcufinder/plugins/mcufinder/ => /home/anushree/.stmcufinder/plugins/mcufinder
2024-03-30 08:47:25,125 [WARN] DbFile:41 - Overriding database path with different value: /home/anushree/.stmcufinder/plugins/mcufinder/ => /home/anushree/.stmcufinder/plugins/mcufinder
2024-03-30 08:47:25,125 [INFO] CrossReferenceDbSqlite:203 - Set database path to: /home/anushree/.stmcufinder/plugins/mcufinder//mcu/cs/
2024-03-30 08:47:25,139 [INFO] ApplicationProperties:184 - Using Application install path: /opt/st/stm32cubeide_1.15.0/plugins/com.st.stm32cube.common.mx_6.11.0.202403141607
2024-03-30 08:47:25,140 [INFO] PluginManage:196 - Search for loadable plugins [exclusion list=, ]
2024-03-30 08:47:25,141 [INFO] PluginManage:310 - Check plugin analytics
2024-03-30 08:47:25,276 [INFO] AnalyticsPlugin:253 - Accepted Software Licenses: 
2024-03-30 08:47:25,276 [INFO] AnalyticsPlugin:255 - Accepted CMSIS Pack Licenses: 
2024-03-30 08:47:25,276 [INFO] AnalyticsPlugin:257 - Accepted Firmware Licenses: 
2024-03-30 08:47:25,279 [INFO] PluginManage:359 - Loaded plugin analytics (category:tool,tabindex:-1)
2024-03-30 08:47:25,280 [INFO] PluginManage:310 - Check plugin cadmodel
2024-03-30 08:47:25,301 [INFO] CADModel:105 - Init CAD model plugin
2024-03-30 08:47:25,301 [INFO] PluginManage:359 - Loaded plugin cadmodel (category:power,tabindex:5)
2024-03-30 08:47:25,301 [INFO] PluginManage:310 - Check plugin clock
2024-03-30 08:47:25,310 [INFO] PluginManage:359 - Loaded plugin clock (category:base,tabindex:2)
2024-03-30 08:47:25,311 [INFO] PluginManage:310 - Check plugin ddr
2024-03-30 08:47:25,313 [INFO] PluginManage:359 - Loaded plugin ddr (category:tool,tabindex:6)
2024-03-30 08:47:25,313 [INFO] PluginManage:310 - Check plugin filemanager
2024-03-30 08:47:25,431 [INFO] PluginManage:359 - Loaded plugin filemanager (category:base,tabindex:10)
2024-03-30 08:47:25,432 [INFO] PluginManage:310 - Check plugin ipmanager
2024-03-30 08:47:25,437 [INFO] PluginManage:359 - Loaded plugin ipmanager (category:base,tabindex:5)
2024-03-30 08:47:25,437 [INFO] PluginManage:310 - Check plugin lpbam
2024-03-30 08:47:25,445 [INFO] PluginManage:359 - Loaded plugin lpbam (category:base,tabindex:0)
2024-03-30 08:47:25,445 [INFO] PluginManage:310 - Check plugin memorymap
2024-03-30 08:47:25,454 [INFO] PluginManage:359 - Loaded plugin memorymap (category:base,tabindex:4)
2024-03-30 08:47:25,455 [INFO] PluginManage:310 - Check plugin pinoutandconfiguration
2024-03-30 08:47:25,461 [INFO] PluginManage:359 - Loaded plugin pinoutandconfiguration (category:base,tabindex:1)
2024-03-30 08:47:25,461 [INFO] PluginManage:310 - Check plugin pinoutconfig
2024-03-30 08:47:25,601 [WARN] SupportedApi:132 - Cannot load RTOS API schema: s4s-elt-must-match.1: The content of 'definitions' must match (annotation?, (simpleType | complexType)?, (unique | key | keyref)*)). A problem was found starting at: attribute.
2024-03-30 08:47:25,777 [INFO] PluginManage:359 - Loaded plugin pinoutconfig (category:base,tabindex:0)
2024-03-30 08:47:25,777 [INFO] PluginManage:310 - Check plugin power
2024-03-30 08:47:25,785 [INFO] PluginManage:359 - Loaded plugin power (category:power,tabindex:4)
2024-03-30 08:47:25,785 [INFO] PluginManage:310 - Check plugin projectmanager
2024-03-30 08:47:25,800 [INFO] PluginManage:359 - Loaded plugin projectmanager (category:projectmanager,tabindex:3)
2024-03-30 08:47:25,800 [INFO] PluginManage:310 - Check plugin thirdparty
2024-03-30 08:47:25,916 [INFO] PluginManage:359 - Loaded plugin thirdparty (category:base,tabindex:-1)
2024-03-30 08:47:25,916 [INFO] PluginManage:310 - Check plugin tools
2024-03-30 08:47:25,919 [INFO] PluginManage:359 - Loaded plugin tools (category:base,tabindex:7)
2024-03-30 08:47:25,919 [INFO] PluginManage:310 - Check plugin tutovideos
2024-03-30 08:47:25,920 [WARN] IntegrityCheckThread:84 - waiting for thirdparty lock release [integrity check]
2024-03-30 08:47:25,920 [INFO] IntegrityCheckThread:86 - entering critical section [integrity check]
2024-03-30 08:47:25,921 [INFO] ThirdPartyUpdaterWithRetryManager:70 - Updater plugin not ready yet. [1/15]
2024-03-30 08:47:26,076 [INFO] PluginManage:359 - Loaded plugin tutovideos (category:base,tabindex:-1)
2024-03-30 08:47:26,076 [INFO] PluginManage:310 - Check plugin updater
2024-03-30 08:47:26,087 [INFO] PluginManage:359 - Loaded plugin updater (category:base,tabindex:12)
2024-03-30 08:47:26,087 [INFO] PluginManage:310 - Check plugin userauth
2024-03-30 08:47:26,092 [INFO] UserAuth:114 - Init User Auth plugin
2024-03-30 08:47:26,092 [INFO] PluginManage:359 - Loaded plugin userauth (category:base,tabindex:14)
2024-03-30 08:47:26,093 [INFO] PluginManage:283 - PluginManage : Loaded plugins [17]
2024-03-30 08:47:26,265 [INFO] PinOutPanel:1561 - setPackage(No Configuration,No Configuration)
2024-03-30 08:47:26,328 [INFO] CADModel:165 - CPN selected for project level
2024-03-30 08:47:26,328 [INFO] CADModel:114 - Register for checkConnection events
2024-03-30 08:47:26,341 [INFO] IPUIPlugin:80 - create IPUIPlugin
2024-03-30 08:47:26,342 [INFO] PluginManager:220 - loadIPPluginJar : add gic
2024-03-30 08:47:26,352 [INFO] IPUIPlugin:80 - create IPUIPlugin
2024-03-30 08:47:26,352 [INFO] PluginManager:220 - loadIPPluginJar : add fmc
2024-03-30 08:47:26,358 [INFO] IPUIPlugin:80 - create IPUIPlugin
2024-03-30 08:47:26,358 [INFO] PluginManager:220 - loadIPPluginJar : add stm32_wpan
2024-03-30 08:47:26,364 [INFO] IPUIPlugin:80 - create IPUIPlugin
2024-03-30 08:47:26,364 [INFO] PluginManager:220 - loadIPPluginJar : add mdma
2024-03-30 08:47:26,367 [INFO] IPUIPlugin:80 - create IPUIPlugin
2024-03-30 08:47:26,367 [INFO] PluginManager:220 - loadIPPluginJar : add usbx
2024-03-30 08:47:26,369 [INFO] IPUIPlugin:80 - create IPUIPlugin
2024-03-30 08:47:26,369 [INFO] PluginManager:220 - loadIPPluginJar : add usart
2024-03-30 08:47:26,371 [INFO] IPUIPlugin:80 - create IPUIPlugin
2024-03-30 08:47:26,372 [INFO] PluginManager:220 - loadIPPluginJar : add gtzc
2024-03-30 08:47:26,374 [INFO] IPUIPlugin:80 - create IPUIPlugin
2024-03-30 08:47:26,375 [INFO] PluginManager:220 - loadIPPluginJar : add nvic
2024-03-30 08:47:26,376 [INFO] IPUIPlugin:80 - create IPUIPlugin
2024-03-30 08:47:26,376 [INFO] PluginManager:220 - loadIPPluginJar : add ltdc
2024-03-30 08:47:26,378 [INFO] IPUIPlugin:80 - create IPUIPlugin
2024-03-30 08:47:26,378 [INFO] PluginManager:220 - loadIPPluginJar : add can
2024-03-30 08:47:26,380 [INFO] IPUIPlugin:80 - create IPUIPlugin
2024-03-30 08:47:26,380 [INFO] PluginManager:220 - loadIPPluginJar : add i3c
2024-03-30 08:47:26,382 [INFO] IPUIPlugin:80 - create IPUIPlugin
2024-03-30 08:47:26,382 [INFO] PluginManager:220 - loadIPPluginJar : add genericplugin
2024-03-30 08:47:26,387 [INFO] IPUIPlugin:80 - create IPUIPlugin
2024-03-30 08:47:26,387 [INFO] PluginManager:220 - loadIPPluginJar : add adc
2024-03-30 08:47:26,389 [INFO] IPUIPlugin:80 - create IPUIPlugin
2024-03-30 08:47:26,389 [INFO] PluginManager:220 - loadIPPluginJar : add tim
2024-03-30 08:47:26,391 [INFO] IPUIPlugin:80 - create IPUIPlugin
2024-03-30 08:47:26,391 [INFO] PluginManager:220 - loadIPPluginJar : add pdm2pcm
2024-03-30 08:47:26,394 [INFO] IPUIPlugin:80 - create IPUIPlugin
2024-03-30 08:47:26,394 [INFO] PluginManager:220 - loadIPPluginJar : add ipddr
2024-03-30 08:47:26,397 [INFO] IPUIPlugin:80 - create IPUIPlugin
2024-03-30 08:47:26,397 [INFO] PluginManager:220 - loadIPPluginJar : add opamp
2024-03-30 08:47:26,399 [INFO] IPUIPlugin:80 - create IPUIPlugin
2024-03-30 08:47:26,400 [INFO] PluginManager:220 - loadIPPluginJar : add touchsensing
2024-03-30 08:47:26,401 [INFO] IPUIPlugin:80 - create IPUIPlugin
2024-03-30 08:47:26,401 [INFO] PluginManager:220 - loadIPPluginJar : add tsc
2024-03-30 08:47:26,403 [INFO] IPUIPlugin:80 - create IPUIPlugin
2024-03-30 08:47:26,403 [INFO] PluginManager:220 - loadIPPluginJar : add sai
2024-03-30 08:47:26,406 [INFO] IPUIPlugin:80 - create IPUIPlugin
2024-03-30 08:47:26,406 [INFO] PluginManager:220 - loadIPPluginJar : add openamp
2024-03-30 08:47:26,407 [INFO] IPUIPlugin:80 - create IPUIPlugin
2024-03-30 08:47:26,407 [INFO] PluginManager:220 - loadIPPluginJar : add ucpd
2024-03-30 08:47:26,409 [INFO] IPUIPlugin:80 - create IPUIPlugin
2024-03-30 08:47:26,410 [INFO] PluginManager:220 - loadIPPluginJar : add aes
2024-03-30 08:47:26,415 [INFO] IPUIPlugin:80 - create IPUIPlugin
2024-03-30 08:47:26,417 [INFO] PluginManager:220 - loadIPPluginJar : add plateformsettings
2024-03-30 08:47:26,419 [INFO] IPUIPlugin:80 - create IPUIPlugin
2024-03-30 08:47:26,420 [INFO] PluginManager:220 - loadIPPluginJar : add comp
2024-03-30 08:47:26,422 [INFO] IPUIPlugin:80 - create IPUIPlugin
2024-03-30 08:47:26,422 [INFO] PluginManager:220 - loadIPPluginJar : add lorawan
2024-03-30 08:47:26,424 [INFO] IPUIPlugin:80 - create IPUIPlugin
2024-03-30 08:47:26,424 [INFO] PluginManager:220 - loadIPPluginJar : add ts
2024-03-30 08:47:26,426 [INFO] IPUIPlugin:80 - create IPUIPlugin
2024-03-30 08:47:26,426 [INFO] PluginManager:220 - loadIPPluginJar : add i2s
2024-03-30 08:47:26,428 [INFO] IPUIPlugin:80 - create IPUIPlugin
2024-03-30 08:47:26,428 [INFO] PluginManager:220 - loadIPPluginJar : add dfsdm
2024-03-30 08:47:26,432 [INFO] IPUIPlugin:80 - create IPUIPlugin
2024-03-30 08:47:26,432 [INFO] PluginManager:220 - loadIPPluginJar : add gpio
2024-03-30 08:47:26,434 [INFO] IPUIPlugin:80 - create IPUIPlugin
2024-03-30 08:47:26,434 [INFO] PluginManager:220 - loadIPPluginJar : add dma3
2024-03-30 08:47:26,436 [INFO] IPUIPlugin:80 - create IPUIPlugin
2024-03-30 08:47:26,436 [INFO] PluginManager:220 - loadIPPluginJar : add resmgrutility
2024-03-30 08:47:26,438 [INFO] IPUIPlugin:80 - create IPUIPlugin
2024-03-30 08:47:26,438 [INFO] PluginManager:220 - loadIPPluginJar : add spi
2024-03-30 08:47:26,440 [INFO] IPUIPlugin:80 - create IPUIPlugin
2024-03-30 08:47:26,440 [INFO] PluginManager:220 - loadIPPluginJar : add cryp
2024-03-30 08:47:26,442 [INFO] IPUIPlugin:80 - create IPUIPlugin
2024-03-30 08:47:26,443 [INFO] PluginManager:220 - loadIPPluginJar : add extmemmanager
2024-03-30 08:47:26,447 [INFO] IPUIPlugin:80 - create IPUIPlugin
2024-03-30 08:47:26,447 [INFO] PluginManager:220 - loadIPPluginJar : add dma
2024-03-30 08:47:26,449 [INFO] IPUIPlugin:80 - create IPUIPlugin
2024-03-30 08:47:26,449 [INFO] PluginManager:220 - loadIPPluginJar : add i2c
2024-03-30 08:47:26,450 [INFO] IPUIPlugin:80 - create IPUIPlugin
2024-03-30 08:47:26,451 [INFO] PluginManager:220 - loadIPPluginJar : add fatfs
2024-03-30 08:47:26,452 [INFO] IPUIPlugin:80 - create IPUIPlugin
2024-03-30 08:47:26,452 [INFO] PluginManager:220 - loadIPPluginJar : add gfxmmu
2024-03-30 08:47:26,453 [INFO] IPUIPlugin:80 - create IPUIPlugin
2024-03-30 08:47:26,453 [INFO] PluginManager:220 - loadIPPluginJar : add quadspi
2024-03-30 08:47:26,455 [INFO] IPUIPlugin:80 - create IPUIPlugin
2024-03-30 08:47:26,455 [INFO] PluginManager:220 - loadIPPluginJar : add hash
2024-03-30 08:47:26,457 [INFO] IPUIPlugin:80 - create IPUIPlugin
2024-03-30 08:47:26,457 [INFO] PluginManager:220 - loadIPPluginJar : add tracer_emb
2024-03-30 08:47:26,463 [INFO] IPUIPlugin:80 - create IPUIPlugin
2024-03-30 08:47:26,463 [INFO] PluginManager:220 - loadIPPluginJar : add linkedlist
2024-03-30 08:47:26,468 [INFO] IPUIPlugin:80 - create IPUIPlugin
2024-03-30 08:47:26,468 [INFO] PluginManager:220 - loadIPPluginJar : add freertos
2024-03-30 08:47:26,574 [INFO] CADModel:165 - CPN selected for project level
2024-03-30 08:47:26,574 [INFO] CADModel:114 - Register for checkConnection events
2024-03-30 08:47:26,575 [FATAL] Updater:308 - Updater called before beeing initialized
2024-03-30 08:47:26,575 [ERROR] CADModel:125 - Updater not yet initialized, retry later 
2024-03-30 08:47:26,712 [INFO] CADModel:165 - CPN selected for project level
2024-03-30 08:47:26,713 [INFO] CADModel:114 - Register for checkConnection events
2024-03-30 08:47:26,713 [FATAL] Updater:308 - Updater called before beeing initialized
2024-03-30 08:47:26,713 [ERROR] CADModel:125 - Updater not yet initialized, retry later 
2024-03-30 08:47:26,716 [FATAL] Updater:308 - Updater called before beeing initialized
2024-03-30 08:47:26,800 [FATAL] Updater:308 - Updater called before beeing initialized
2024-03-30 08:47:26,804 [INFO] DbMcusAds:53 - JSON generation date=Wed Nov 29 05:52:27 EST 2023 (1701255147349)
2024-03-30 08:47:26,804 [FATAL] Updater:308 - Updater called before beeing initialized
2024-03-30 08:47:26,835 [WARN] DetailPanel:346 - Failed to get advertising image, set to default
2024-03-30 08:47:26,909 [FATAL] Updater:308 - Updater called before beeing initialized
2024-03-30 08:47:26,910 [FATAL] Updater:308 - Updater called before beeing initialized
2024-03-30 08:47:26,910 [FATAL] Updater:308 - Updater called before beeing initialized
2024-03-30 08:47:26,910 [WARN] DetailPanel:346 - Failed to get advertising image, set to default
2024-03-30 08:47:26,911 [FATAL] Updater:308 - Updater called before beeing initialized
2024-03-30 08:47:26,941 [ERROR] Updater:1120 - MainUpdater not yet initialized. External WinMGr cannot be set.
2024-03-30 08:47:26,943 [INFO] Updater:1056 - Updater Version found : 6.11.0
2024-03-30 08:47:26,959 [INFO] ApplicationProperties:184 - Using Application install path: /opt/st/stm32cubeide_1.15.0/plugins/com.st.stm32cube.common.mx_6.11.0.202403141607
2024-03-30 08:47:27,269 [INFO] MainUpdater:2873 - connection check result : 10
2024-03-30 08:47:27,270 [INFO] MainUpdater:290 - Updater Check For Update Now.
2024-03-30 08:47:27,271 [INFO] MicroXplorer:498 - Change Database Version : DB.6.0.110
2024-03-30 08:47:27,294 [INFO] McuFinderGlobals:63 - Set McuFinder mode to 2 (CubeIDE integrated)
2024-03-30 08:47:27,295 [INFO] UserAuth:179 - activating auth plugin
2024-03-30 08:47:27,299 [INFO] UserAuth:415 - Internet connection configuration mode: 1
2024-03-30 08:47:27,330 [INFO] JxBrowserEngine:152 - Initiate JxBrowser Engine with user profile folder
2024-03-30 08:47:27,562 [INFO] CheckServerUpdateThread:120 - End of CheckServer Thread
2024-03-30 08:47:28,271 [INFO] WebApp:161 - Instantiating new browser for Auth
2024-03-30 08:47:28,827 [INFO] WebApp:779 - Register for checkConnection events
2024-03-30 08:47:28,827 [INFO] WebApp:414 - Apply proxy settings
2024-03-30 08:47:28,827 [INFO] WebApp:499 - Chromium requires no authentication
2024-03-30 08:47:28,833 [INFO] WebApp:442 - Direct internet connection detected
2024-03-30 08:47:28,966 [INFO] WebApp:192 - Starting web application
2024-03-30 08:47:28,966 [INFO] WebApp:544 - Web application path used /opt/st/stm32cubeide_1.15.0/plugins/com.st.stm32cube.common.mx_6.11.0.202403141607/db/plugins/mcufinder/reactClient1/index.html
2024-03-30 08:47:29,073 [WARN] PackLoader:240 - Cannot read IP mode file for STMicroelectronics.X-CUBE-SMBUS.2.1.0
2024-03-30 08:47:29,086 [WARN] PackLoader:240 - Cannot read IP mode file for STMicroelectronics.X-CUBE-TOUCHGFX.4.23.0
2024-03-30 08:47:29,208 [WARN] PackLoader:240 - Cannot read IP mode file for STMicroelectronics.X-CUBE-AZRTOS-F7.1.1.0
2024-03-30 08:47:29,238 [WARN] PackLoader:240 - Cannot read IP mode file for STMicroelectronics.FP-SNS-MOTENV1.4.3.2
2024-03-30 08:47:29,265 [WARN] PackLoader:240 - Cannot read IP mode file for STMicroelectronics.FP-SNS-FLIGHT1.5.0.2
2024-03-30 08:47:29,284 [WARN] PackLoader:240 - Cannot read IP mode file for STMicroelectronics.X-CUBE-DISPLAY.3.0.0
2024-03-30 08:47:29,312 [WARN] PackLoader:240 - Cannot read IP mode file for STMicroelectronics.X-CUBE-BLE1.7.0.0
2024-03-30 08:47:29,354 [WARN] PackLoader:240 - Cannot read IP mode file for STMicroelectronics.X-CUBE-BLEMGR.3.1.0
2024-03-30 08:47:29,390 [WARN] PackLoader:240 - Cannot read IP mode file for STMicroelectronics.FP-SNS-SMARTAG2.1.2.0
2024-03-30 08:47:29,415 [INFO] LogOutputStream:77 - [STDOUT_REDIRECT] 1 : Invalid condition id : UX_CORESTACK_Condition cause : null
2024-03-30 08:47:29,421 [INFO] LogOutputStream:77 - [STDOUT_REDIRECT] 1 : Invalid condition id : UX_CORESTACK_Condition cause : null
2024-03-30 08:47:29,421 [INFO] LogOutputStream:77 - [STDOUT_REDIRECT] 1 : Invalid condition id : UX_CORESTACK_Condition cause : null
2024-03-30 08:47:29,423 [INFO] LogOutputStream:77 - [STDOUT_REDIRECT] 1 : Invalid condition id : UX_CORESTACK_Condition cause : null
2024-03-30 08:47:29,425 [INFO] LogOutputStream:77 - [STDOUT_REDIRECT] 1 : Invalid condition id : UX_CORESTACK_Condition cause : null
2024-03-30 08:47:29,440 [WARN] PackLoader:240 - Cannot read IP mode file for STMicroelectronics.X-CUBE-AZRTOS-WL.2.0.0
2024-03-30 08:47:29,446 [WARN] PackLoader:240 - Cannot read IP mode file for STMicroelectronics.X-CUBE-BLE2.3.3.0
2024-03-30 08:47:29,468 [WARN] PackLoader:240 - Cannot read IP mode file for STMicroelectronics.X-CUBE-ALGOBUILD.1.3.0
2024-03-30 08:47:29,504 [WARN] PackLoader:240 - Cannot read IP mode file for STMicroelectronics.X-CUBE-AZRTOS-G0.1.1.0
2024-03-30 08:47:29,521 [WARN] PackLoader:240 - Cannot read IP mode file for STMicroelectronics.X-CUBE-NFC4.3.0.0
2024-03-30 08:47:29,526 [WARN] PackLoader:240 - Cannot read IP mode file for STMicroelectronics.FP-ATR-SIGFOX1.3.2.0
2024-03-30 08:47:29,533 [WARN] PackLoader:240 - Cannot read IP mode file for STMicroelectronics.X-CUBE-EEPRMA1.5.1.0
2024-03-30 08:47:29,593 [WARN] PackLoader:240 - Cannot read IP mode file for SEGGER.I-CUBE-embOS.1.3.1
2024-03-30 08:47:29,665 [WARN] PackLoader:240 - Cannot read IP mode file for STMicroelectronics.X-CUBE-GNSS1.6.0.0
2024-03-30 08:47:29,692 [WARN] PackLoader:240 - Cannot read IP mode file for STMicroelectronics.X-CUBE-AZRTOS-F4.1.1.0
2024-03-30 08:47:29,700 [WARN] PackLoader:240 - Cannot read IP mode file for wolfSSL.I-CUBE-wolfSSL.5.6.6
2024-03-30 08:47:29,717 [WARN] PackLoader:240 - Cannot read IP mode file for STMicroelectronics.X-CUBE-AZRTOS-L5.2.0.0
2024-03-30 08:47:29,727 [WARN] PackLoader:240 - Cannot read IP mode file for STMicroelectronics.X-CUBE-NFC6.3.1.0
2024-03-30 08:47:29,734 [WARN] PackLoader:240 - Cannot read IP mode file for STMicroelectronics.X-CUBE-NFC7.1.0.1
2024-03-30 08:47:29,737 [WARN] PackLoader:240 - Cannot read IP mode file for STMicroelectronics.X-CUBE-AI.8.1.0
2024-03-30 08:47:29,756 [WARN] ConditionMgr:438 - getConditionDescription Invalid condition id : LAN8742 Phy interface Condition cause : null
2024-03-30 08:47:29,757 [WARN] PackLoader:240 - Cannot read IP mode file for STMicroelectronics.X-CUBE-AZRTOS-L4.2.0.0
2024-03-30 08:47:29,758 [WARN] ConditionMgr:1039 - genDependencies : Invalid condition id : LAN8742 Phy interface Condition cause : null
2024-03-30 08:47:29,759 [WARN] ConditionMgr:1039 - genDependencies : Invalid condition id : LAN8742 Phy interface Condition cause : null
2024-03-30 08:47:29,760 [WARN] ConditionMgr:1039 - genDependencies : Invalid condition id : LAN8742 Phy interface Condition cause : null
2024-03-30 08:47:29,766 [WARN] PackLoader:240 - Cannot read IP mode file for STMicroelectronics.X-CUBE-SFXS2LP1.4.0.0
2024-03-30 08:47:29,780 [WARN] ConditionMgr:438 - getConditionDescription Invalid condition id : UX DEVICE CLASS RTOS Condition cause : null
2024-03-30 08:47:29,781 [WARN] ConditionMgr:438 - getConditionDescription Invalid condition id : UX DEVICE CLASS RTOS Condition cause : null
2024-03-30 08:47:29,783 [WARN] PackLoader:240 - Cannot read IP mode file for STMicroelectronics.X-CUBE-AZRTOS-WB.2.0.0
2024-03-30 08:47:29,784 [WARN] ConditionMgr:1039 - genDependencies : Invalid condition id : UX DEVICE CLASS RTOS Condition cause : null
2024-03-30 08:47:29,784 [WARN] ConditionMgr:1039 - genDependencies : Invalid condition id : UX DEVICE CLASS RTOS Condition cause : null
2024-03-30 08:47:29,784 [WARN] ConditionMgr:1039 - genDependencies : Invalid condition id : UX DEVICE CLASS RTOS Condition cause : null
2024-03-30 08:47:29,785 [WARN] ConditionMgr:1039 - genDependencies : Invalid condition id : UX DEVICE CLASS RTOS Condition cause : null
2024-03-30 08:47:29,785 [WARN] ConditionMgr:1039 - genDependencies : Invalid condition id : UX DEVICE CLASS RTOS Condition cause : null
2024-03-30 08:47:29,795 [WARN] PackLoader:240 - Cannot read IP mode file for STMicroelectronics.X-CUBE-SUBG2.5.0.0
2024-03-30 08:47:29,816 [WARN] PackLoader:240 - Cannot read IP mode file for STMicroelectronics.X-CUBE-AZRTOS-G4.2.0.0
2024-03-30 08:47:29,830 [WARN] PackLoader:240 - Cannot read IP mode file for Infineon.AIROC-Wi-Fi-Bluetooth-STM32.1.5.1
2024-03-30 08:47:29,838 [WARN] PackLoader:240 - Cannot read IP mode file for STMicroelectronics.FP-SNS-MOTENVWB1.1.3.1
2024-03-30 08:47:29,841 [WARN] PackLoader:240 - Cannot read IP mode file for STMicroelectronics.X-CUBE-ISPU.2.0.0
2024-03-30 08:47:29,886 [WARN] PackLoader:240 - Cannot read IP mode file for STMicroelectronics.X-CUBE-MEMS1.10.0.0
2024-03-30 08:47:30,065 [WARN] PackLoader:240 - Cannot read IP mode file for STMicroelectronics.X-CUBE-FREERTOS.1.1.0
2024-03-30 08:47:30,069 [WARN] PackLoader:240 - Cannot read IP mode file for STMicroelectronics.X-CUBE-ALS.1.0.1
2024-03-30 08:47:30,072 [WARN] PackLoader:240 - Cannot read IP mode file for STMicroelectronics.FP-ATR-ASTRA1.2.0.0
2024-03-30 08:47:30,082 [WARN] PackLoader:240 - Cannot read IP mode file for STMicroelectronics.X-CUBE-TOF1.3.4.1
2024-03-30 08:47:30,118 [WARN] PackLoader:240 - Cannot read IP mode file for STMicroelectronics.X-CUBE-AZRTOS-H7.3.2.0
2024-03-30 08:47:30,122 [INFO] ThirdParty:978 - Integrity check success = true
2024-03-30 08:47:30,122 [INFO] IntegrityCheckThread:100 - exiting critical section [integrity check]
2024-03-30 08:47:30,123 [INFO] IntegrityCheckThread:103 - End integrity checks thread
2024-03-30 08:49:04,378 [INFO] McuFinderGlobals:63 - Set McuFinder mode to 2 (CubeIDE integrated)
2024-03-30 08:49:04,380 [INFO] MainUpdater:2873 - connection check result : 10
2024-03-30 08:49:04,827 [INFO] ApiDb:581 - Connected to CubeFinder SQLite database (/home/anushree/.stmcufinder/plugins/mcufinder/mcu/cube-finder-db.db)
2024-03-30 08:49:04,865 [INFO] ApiDb:668 - CubeFinder database Data Model version=2.1
2024-03-30 08:49:04,865 [INFO] ApiDb:669 - CubeFinder database Configuration version=3.0.39
2024-03-30 08:49:04,865 [INFO] ApiDb:670 - CubeFinder database generation date=2024-03-25 (1711369621)
2024-03-30 08:49:04,866 [INFO] ApiDb:671 - CubeFinder database FW Pack versions=[FP-ATR-ASTRA1_V2.0.0, FP-SNS-FLIGHT1_V5.0.1, FP-SNS-FLIGHT1_V5.0.2, FP-SNS-MOTENV1_V4.3.1, FP-SNS-MOTENV1_V4.3.2, FP-SNS-MOTENVWB1_V1.3.1, FP-SNS-SMARTAG2_V1.2.0, STM32Cube_FW_C0_V1.1.0, STM32Cube_FW_F4_V1.28.0, STM32Cube_FW_F7_V1.17.0, STM32Cube_FW_G0_V1.6.2, STM32Cube_FW_G4_V1.5.2, STM32Cube_FW_H5_V0.5.1, STM32Cube_FW_H5_V1.1.1, STM32Cube_FW_H5_V1.2.0, STM32Cube_FW_H5_V1.2.0RC4, STM32Cube_FW_H7RS_V1.0.0, STM32Cube_FW_H7RS_V1.0.0RC4, STM32Cube_FW_H7_V1.11.0, STM32Cube_FW_L0_V1.12.2, STM32Cube_FW_L5_V1.5.1, STM32Cube_FW_U0_V1.0.0, STM32Cube_FW_U0_V1.0.0RC1, STM32Cube_FW_U5_V1.3.0RC4, STM32Cube_FW_U5_V1.5.0, STM32Cube_FW_U5_V1.5.0RC1, STM32Cube_FW_WBA_V1.0.0RC1, STM32Cube_FW_WBA_V1.2.0, STM32Cube_FW_WBA_V1.2.0RC2, STM32Cube_FW_WBA_V1.3.0, STM32Cube_FW_WBA_V1.3.0RC1, STM32Cube_FW_WB_V1.15.0RC1, STM32Cube_FW_WB_V1.16.0, STM32Cube_FW_WB_V1.16.0RC2, STM32Cube_FW_WB_V1.18.0, STM32Cube_FW_WB_V1.19.0, STM32Cube_FW_WL_V1.3.0, X-CUBE-ALGOBUILD_V1.3.0, X-CUBE-ALS_V1.0.1, X-CUBE-AZRTOS-F4_V1.1.0, X-CUBE-AZRTOS-F7_V1.1.0, X-CUBE-AZRTOS-G0_V1.1.0, X-CUBE-AZRTOS-G4_V2.0.0, X-CUBE-AZRTOS-H7_V3.2.0, X-CUBE-AZRTOS-L4_V1.0.0, X-CUBE-AZRTOS-L4_V2.0.0, X-CUBE-AZRTOS-L5_V1.1.0, X-CUBE-AZRTOS-WB_V2.0.0, X-CUBE-AZRTOS-WL_V2.0.0, X-CUBE-BLE1_V7.0.0, X-CUBE-BLE2_V3.3.0, X-CUBE-BLEMGR_V3.1.0, X-CUBE-EEPRMA1_V4.1.0, X-CUBE-EEPRMA1_V5.1.0, X-CUBE-FREERTOS_V1.1.0, X-CUBE-GNSS1_V6.0.0, X-CUBE-MEMS1_V10.0.0, X-CUBE-MEMS1_V9.1.0, X-CUBE-MEMS1_V9.4.0, X-CUBE-MEMS1_V9.6.0, X-CUBE-NFC4_V3.0.0, X-CUBE-NFC7_V1.0.1, X-CUBE-SFXS2LP1_V4.0.0, X-CUBE-SUBG2_V5.0.0, X-CUBE-TOF1_V3.4.0]
2024-03-30 08:49:04,958 [INFO] DbBoardsSqlite:226 - include board P-NUCLEO-WB55-NUCLEO as a kit item of type 'Nucleo-64'
2024-03-30 08:49:04,958 [INFO] DbBoardsSqlite:226 - include board P-NUCLEO-WB55-USBDONGLE as a kit item of type 'Nucleo USB Dongle'
2024-03-30 08:49:04,959 [INFO] DbBoardsSqlite:226 - include board STEVAL-IDP005V1 as a kit item of type 'Evaluation Board'
2024-03-30 08:49:04,959 [INFO] DbBoardsSqlite:226 - include board STEVAL-IDP005V2 as a kit item of type 'Evaluation Board'
2024-03-30 08:49:05,004 [INFO] ApiDb:240 - Found 483 in-development CPN: [B-G473E-ZEST1S, B-WB1M-WPAN1, B-WL5M-SUBG1, NUCLEO-C031C6, NUCLEO-H503RB, NUCLEO-H533RE, NUCLEO-H563ZI, NUCLEO-H7S3L8, NUCLEO-U031R8, NUCLEO-U083RC, NUCLEO-U545RE-Q, NUCLEO-U5A5ZJ-Q, NUCLEO-WBA52CG, NUCLEO-WBA55CG, STEVAL-PROTEUS1, STEVAL-SMARTAG2, STEVAL-STWINBX1, STM320518-EVAL, STM32C0116-DK, STM32C011D6Y3TR, STM32C011D6Y6TR, STM32C011F4P3, STM32C011F4P6, STM32C011F4U3, STM32C011F4U6TR, STM32C011F6P3, STM32C011F6P6, STM32C011F6U3, STM32C011F6U6TR, STM32C011J4M3, STM32C011J4M6, STM32C011J6M3, STM32C011J6M6, STM32C0316-DK, STM32C031C4T3, STM32C031C4T6, STM32C031C4U3, STM32C031C4U6, STM32C031C6T3, STM32C031C6T6, STM32C031C6U3, STM32C031C6U6, STM32C031F4P3, STM32C031F4P6, STM32C031F6P3, STM32C031F6P6, STM32C031G4U3, STM32C031G4U6, STM32C031G6U3, STM32C031G6U6, STM32C031K4T3, STM32C031K4T6, STM32C031K4U3, STM32C031K4U6, STM32C031K6T3, STM32C031K6T6, STM32C031K6U3, STM32C031K6U6, STM32G071K8TXN, STM32G071K8UXN, STM32G081GBU6N, STM32G081KBT6N, STM32G081KBUXN, STM32G0B1CCT6N, STM32G0B1KCT6, STM32G0B1NEY6TR, STM32G0B1RCT6N, STM32G0C1CCT6, STM32G0C1CCT6N, STM32G0C1CCU6N, STM32G0C1CET6N, STM32G0C1CEU6N, STM32G0C1KCT6, STM32G0C1NEY6TR, STM32G0C1RCI6N, STM32G0C1RCT6N, STM32G0C1REI6N, STM32G0C1RET6N, STM32G0C1VCI6, STM32G0C1VEI6, STM32G471CCT6, STM32G471CCU6, STM32G471CET3, STM32G471CET6, STM32G471CEU3, STM32G471CEU6, STM32G471MCT6, STM32G471MET3, STM32G471MET6, STM32G471MEY6TR, STM32G471QCT6, STM32G471QET3, STM32G471RCT6, STM32G471RET3, STM32G471RET6, STM32G471VCH6, STM32G471VCI6, STM32G471VCT6, STM32G471VEH3, STM32G471VEH6, STM32G471VEI3, STM32G471VEI6, STM32G471VET3, STM32G471VET6, STM32G474CCT6, STM32H503CBT6, STM32H503CBU6, STM32H503EBY6TR, STM32H503KBU6, STM32H503RBT6, STM32H523CCT6, STM32H523CCU6, STM32H523CET6, STM32H523CEU6, STM32H523HEY6TR, STM32H523RCT6, STM32H523RET6, STM32H523VCI6, STM32H523VCT6, STM32H523VEI6, STM32H523VET6, STM32H523ZCJ6, STM32H523ZCT6, STM32H523ZEJ6, STM32H523ZET6, STM32H533CET6, STM32H533CEU6, STM32H533HEY6TR, STM32H533RET6, STM32H533VEI6, STM32H533VET6, STM32H533ZEJ6, STM32H533ZET6, STM32H562AGI6, STM32H562AII6, STM32H562IGK6, STM32H562IGT6, STM32H562IIK6, STM32H562IIT6, STM32H562RGT6, STM32H562RGV6, STM32H562RIT6, STM32H562RIV6, STM32H562VGT6, STM32H562VIT6, STM32H562ZGT6, STM32H562ZIT6, STM32H563AGI6, STM32H563AII3Q, STM32H563AII6, STM32H563IGK6, STM32H563IGT6, STM32H563IIK3Q, STM32H563IIK6, STM32H563IIT3Q, STM32H563IIT6, STM32H563MIY3QTR, STM32H563RGT6, STM32H563RGV6, STM32H563RIT6, STM32H563RIV6, STM32H563VGT6, STM32H563VIT3Q, STM32H563VIT6, STM32H563ZGT6, STM32H563ZIT3Q, STM32H563ZIT6, STM32H573AII3Q, STM32H573AII6, STM32H573I-DK, STM32H573IIK3Q, STM32H573IIK6, STM32H573IIT3Q, STM32H573IIT6, STM32H573MIY3QTR, STM32H573RIT6, STM32H573RIV6, STM32H573VIT3Q, STM32H573VIT6, STM32H573ZIT3Q, STM32H573ZIT6, STM32H7R3A8I6, STM32H7R3I8K6, STM32H7R3I8T6, STM32H7R3L8H6, STM32H7R3L8H6H, STM32H7R3R8V6, STM32H7R3V8H6, STM32H7R3V8T6, STM32H7R3V8Y6, STM32H7R3Z8J6, STM32H7R3Z8T6, STM32H7R7A8I6, STM32H7R7I8K6, STM32H7R7I8T6, STM32H7R7L8H6, STM32H7R7L8H6H, STM32H7R7Z8J6, STM32H7S3A8I6, STM32H7S3I8K6, STM32H7S3I8T6, STM32H7S3L8H6, STM32H7S3L8H6H, STM32H7S3R8V6, STM32H7S3V8H6, STM32H7S3V8T6, STM32H7S3V8Y6, STM32H7S3Z8J6, STM32H7S3Z8T6, STM32H7S78-DK, STM32H7S7A8I6, STM32H7S7I8K6, STM32H7S7I8T6, STM32H7S7L8H6, STM32H7S7L8H6H, STM32H7S7Z8J6, STM32L4R5QGI6STR, STM32MP131AAE3, STM32MP131AAF3, STM32MP131AAG3, STM32MP131CAE3, STM32MP131CAF3, STM32MP131CAG3, STM32MP131DAE7, STM32MP131DAF7, STM32MP131DAG7, STM32MP131FAE7, STM32MP131FAF7, STM32MP131FAG7, STM32MP133AAE3, STM32MP133AAF3, STM32MP133AAG3, STM32MP133CAE3, STM32MP133CAF3, STM32MP133CAG3, STM32MP133DAE7, STM32MP133DAF7, STM32MP133DAG7, STM32MP133FAE7, STM32MP133FAF7, STM32MP133FAG7, STM32MP135AAE3, STM32MP135AAF3, STM32MP135AAG3, STM32MP135CAE3, STM32MP135CAF3, STM32MP135CAG3, STM32MP135DAE7, STM32MP135DAF7, STM32MP135DAG7, STM32MP135F-DK, STM32MP135FAE7, STM32MP135FAF7, STM32MP135FAF7T, STM32MP135FAF7U, STM32MP135FAG7, STM32U031C6T6, STM32U031C6U6, STM32U031C8T6, STM32U031C8U6, STM32U031F4P6, STM32U031F6P6, STM32U031F8P6, STM32U031G6Y6TR, STM32U031G8Y6TR, STM32U031K4U6, STM32U031K6U6, STM32U031K8U6, STM32U031R6I6, STM32U031R6T6, STM32U031R8I6, STM32U031R8T6, STM32U073C8T6, STM32U073C8U6, STM32U073CBT6, STM32U073CBU6, STM32U073CCT6, STM32U073CCU6, STM32U073H8Y6TR, STM32U073HBY6TR, STM32U073HCY6TR, STM32U073K8U6, STM32U073KBU6, STM32U073KCU6, STM32U073M8I6, STM32U073M8T6, STM32U073MBI6, STM32U073MBT6, STM32U073MCI6, STM32U073MCT6, STM32U073R8I6, STM32U073R8T6, STM32U073RBI6, STM32U073RBT6, STM32U073RCI6, STM32U073RCT6, STM32U083C-DK, STM32U083CCT6, STM32U083CCU6, STM32U083HCY6TR, STM32U083KCU6, STM32U083MCI6, STM32U083MCT6, STM32U083RCI6, STM32U083RCT6, STM32U535CBT6, STM32U535CBT6Q, STM32U535CBU6, STM32U535CBU6Q, STM32U535CCT6, STM32U535CCT6Q, STM32U535CCU6, STM32U535CCU6Q, STM32U535CET6, STM32U535CET6Q, STM32U535CEU6, STM32U535CEU6Q, STM32U535JEY6QTR, STM32U535NCY6QTR, STM32U535NEY6QTR, STM32U535RBI6, STM32U535RBI6Q, STM32U535RBT6, STM32U535RBT6Q, STM32U535RCI6, STM32U535RCI6Q, STM32U535RCT6, STM32U535RCT6Q, STM32U535REI6, STM32U535REI6Q, STM32U535RET6, STM32U535RET6Q, STM32U535VCI6, STM32U535VCI6Q, STM32U535VCT6, STM32U535VCT6Q, STM32U535VEI6, STM32U535VEI6Q, STM32U535VET6, STM32U535VET6Q, STM32U545CET6, STM32U545CET6Q, STM32U545CEU6, STM32U545CEU6Q, STM32U545JEY6QTR, STM32U545NEY6QTR, STM32U545REI6, STM32U545REI6Q, STM32U545RET6, STM32U545RET6Q, STM32U545VEI6, STM32U545VEI6Q, STM32U545VET6, STM32U545VET6Q, STM32U595AIH6, STM32U595AIH6Q, STM32U595AJH6, STM32U595AJH6Q, STM32U595QII6, STM32U595QII6Q, STM32U595QJI6, STM32U595QJI6Q, STM32U595RIT6, STM32U595RIT6Q, STM32U595RJT6, STM32U595RJT6Q, STM32U595VIT6, STM32U595VIT6Q, STM32U595VJT6, STM32U595VJT6Q, STM32U595ZIT6, STM32U595ZIT6Q, STM32U595ZIY6QTR, STM32U595ZJT6, STM32U595ZJT6Q, STM32U595ZJY6QTR, STM32U599BJY6QTR, STM32U599NIH6Q, STM32U599NJH6Q, STM32U599VIT6Q, STM32U599VJT6, STM32U599VJT6Q, STM32U599ZIT6Q, STM32U599ZIY6QTR, STM32U599ZJT6Q, STM32U599ZJY6QTR, STM32U5A5AJH6, STM32U5A5AJH6Q, STM32U5A5QII3Q , STM32U5A5QJI6, STM32U5A5QJI6Q, STM32U5A5RJT6, STM32U5A5RJT6Q, STM32U5A5VJT6, STM32U5A5VJT6Q, STM32U5A5ZJT6, STM32U5A5ZJT6Q, STM32U5A5ZJY6QTR, STM32U5A9BJY6QTR, STM32U5A9J-DK, STM32U5A9NJH6Q, STM32U5A9VJT6Q, STM32U5A9ZJT6Q, STM32U5A9ZJY6QTR, STM32U5F7VIT6, STM32U5F7VIT6Q, STM32U5F7VJT6, STM32U5F7VJT6Q, STM32U5F9BJY6QTR, STM32U5F9NJH6Q, STM32U5F9VIT6Q, STM32U5F9VJT6Q, STM32U5F9ZIJ6QTR, STM32U5F9ZIT6Q, STM32U5F9ZJJ6QTR, STM32U5F9ZJT6Q, STM32U5G7VJT6, STM32U5G7VJT6Q, STM32U5G9BJY6QTR, STM32U5G9J-DK1, STM32U5G9J-DK2, STM32U5G9NJH6Q, STM32U5G9VJT6Q, STM32U5G9ZJJ6QTR, STM32U5G9ZJT6Q, STM32WB1MMCH6, STM32WBA50KEU6, STM32WBA50KEU6TR, STM32WBA50KGU6, STM32WBA50KGU6TR, STM32WBA52CEU6, STM32WBA52CEU6TR, STM32WBA52CEU7, STM32WBA52CEU7TR, STM32WBA52CGU6, STM32WBA52CGU6TR, STM32WBA52CGU6U, STM32WBA52CGU7, STM32WBA52CGU7TR, STM32WBA52KEU6, STM32WBA52KEU6TR, STM32WBA52KGU6, STM32WBA52KGU6TR, STM32WBA54CEU6, STM32WBA54CEU6TR, STM32WBA54CEU7, STM32WBA54CEU7TR, STM32WBA54CGU6, STM32WBA54CGU6TR, STM32WBA54CGU7, STM32WBA54CGU7TR, STM32WBA54KEU6, STM32WBA54KEU6TR, STM32WBA54KEU7, STM32WBA54KEU7TR, STM32WBA54KGU6, STM32WBA54KGU6TR, STM32WBA54KGU7, STM32WBA54KGU7TR, STM32WBA55CEU6, STM32WBA55CEU6TR, STM32WBA55CEU7, STM32WBA55CEU7TR, STM32WBA55CGU6, STM32WBA55CGU6TR, STM32WBA55CGU6U, STM32WBA55CGU7, STM32WBA55CGU7TR, STM32WBA55G-DK1, STM32WBA55HEF6, STM32WBA55HEF7, STM32WBA55HGF6, STM32WBA55HGF7, STM32WBA55UEI6, STM32WBA55UEI6TR, STM32WBA55UEI7, STM32WBA55UEI7TR, STM32WBA55UGI6, STM32WBA55UGI6TR, STM32WBA55UGI7, STM32WBA55UGI7TR, STM32WL5MOCH6, STM32WL5MOCH6TR]
2024-03-30 08:49:05,099 [INFO] BoardInfo:889 - No configuration file found for board P-NUCLEO-WB55
2024-03-30 08:49:05,099 [INFO] DbBoards:161 - Kit is not supported: P-NUCLEO-WB55
2024-03-30 08:49:05,102 [INFO] BoardInfo:889 - No configuration file found for board STEVAL-BFA001V1B
2024-03-30 08:49:05,102 [INFO] DbBoards:161 - Kit is not supported: STEVAL-BFA001V1B
2024-03-30 08:49:05,103 [INFO] BoardInfo:889 - No configuration file found for board STEVAL-BFA001V2B
2024-03-30 08:49:05,103 [INFO] DbBoards:161 - Kit is not supported: STEVAL-BFA001V2B
2024-03-30 08:49:05,186 [INFO] DbBoards:168 - Found 199 boards, 196 are supported
2024-03-30 08:49:05,186 [INFO] DbBoards:169 - Found 199 boards, 8 of them is supported for  Bsp
2024-03-30 08:49:05,190 [INFO] ApiDb:668 - CubeFinder database Data Model version=2.1
2024-03-30 08:49:05,190 [INFO] ApiDb:669 - CubeFinder database Configuration version=3.0.39
2024-03-30 08:49:05,190 [INFO] ApiDb:670 - CubeFinder database generation date=2024-03-25 (1711369621)
2024-03-30 08:49:05,190 [INFO] ApiDb:671 - CubeFinder database FW Pack versions=[FP-ATR-ASTRA1_V2.0.0, FP-SNS-FLIGHT1_V5.0.1, FP-SNS-FLIGHT1_V5.0.2, FP-SNS-MOTENV1_V4.3.1, FP-SNS-MOTENV1_V4.3.2, FP-SNS-MOTENVWB1_V1.3.1, FP-SNS-SMARTAG2_V1.2.0, STM32Cube_FW_C0_V1.1.0, STM32Cube_FW_F4_V1.28.0, STM32Cube_FW_F7_V1.17.0, STM32Cube_FW_G0_V1.6.2, STM32Cube_FW_G4_V1.5.2, STM32Cube_FW_H5_V0.5.1, STM32Cube_FW_H5_V1.1.1, STM32Cube_FW_H5_V1.2.0, STM32Cube_FW_H5_V1.2.0RC4, STM32Cube_FW_H7RS_V1.0.0, STM32Cube_FW_H7RS_V1.0.0RC4, STM32Cube_FW_H7_V1.11.0, STM32Cube_FW_L0_V1.12.2, STM32Cube_FW_L5_V1.5.1, STM32Cube_FW_U0_V1.0.0, STM32Cube_FW_U0_V1.0.0RC1, STM32Cube_FW_U5_V1.3.0RC4, STM32Cube_FW_U5_V1.5.0, STM32Cube_FW_U5_V1.5.0RC1, STM32Cube_FW_WBA_V1.0.0RC1, STM32Cube_FW_WBA_V1.2.0, STM32Cube_FW_WBA_V1.2.0RC2, STM32Cube_FW_WBA_V1.3.0, STM32Cube_FW_WBA_V1.3.0RC1, STM32Cube_FW_WB_V1.15.0RC1, STM32Cube_FW_WB_V1.16.0, STM32Cube_FW_WB_V1.16.0RC2, STM32Cube_FW_WB_V1.18.0, STM32Cube_FW_WB_V1.19.0, STM32Cube_FW_WL_V1.3.0, X-CUBE-ALGOBUILD_V1.3.0, X-CUBE-ALS_V1.0.1, X-CUBE-AZRTOS-F4_V1.1.0, X-CUBE-AZRTOS-F7_V1.1.0, X-CUBE-AZRTOS-G0_V1.1.0, X-CUBE-AZRTOS-G4_V2.0.0, X-CUBE-AZRTOS-H7_V3.2.0, X-CUBE-AZRTOS-L4_V1.0.0, X-CUBE-AZRTOS-L4_V2.0.0, X-CUBE-AZRTOS-L5_V1.1.0, X-CUBE-AZRTOS-WB_V2.0.0, X-CUBE-AZRTOS-WL_V2.0.0, X-CUBE-BLE1_V7.0.0, X-CUBE-BLE2_V3.3.0, X-CUBE-BLEMGR_V3.1.0, X-CUBE-EEPRMA1_V4.1.0, X-CUBE-EEPRMA1_V5.1.0, X-CUBE-FREERTOS_V1.1.0, X-CUBE-GNSS1_V6.0.0, X-CUBE-MEMS1_V10.0.0, X-CUBE-MEMS1_V9.1.0, X-CUBE-MEMS1_V9.4.0, X-CUBE-MEMS1_V9.6.0, X-CUBE-NFC4_V3.0.0, X-CUBE-NFC7_V1.0.1, X-CUBE-SFXS2LP1_V4.0.0, X-CUBE-SUBG2_V5.0.0, X-CUBE-TOF1_V3.4.0]
2024-03-30 08:49:07,172 [INFO] ApiDb:240 - Found 483 in-development CPN: [B-G473E-ZEST1S, B-WB1M-WPAN1, B-WL5M-SUBG1, NUCLEO-C031C6, NUCLEO-H503RB, NUCLEO-H533RE, NUCLEO-H563ZI, NUCLEO-H7S3L8, NUCLEO-U031R8, NUCLEO-U083RC, NUCLEO-U545RE-Q, NUCLEO-U5A5ZJ-Q, NUCLEO-WBA52CG, NUCLEO-WBA55CG, STEVAL-PROTEUS1, STEVAL-SMARTAG2, STEVAL-STWINBX1, STM320518-EVAL, STM32C0116-DK, STM32C011D6Y3TR, STM32C011D6Y6TR, STM32C011F4P3, STM32C011F4P6, STM32C011F4U3, STM32C011F4U6TR, STM32C011F6P3, STM32C011F6P6, STM32C011F6U3, STM32C011F6U6TR, STM32C011J4M3, STM32C011J4M6, STM32C011J6M3, STM32C011J6M6, STM32C0316-DK, STM32C031C4T3, STM32C031C4T6, STM32C031C4U3, STM32C031C4U6, STM32C031C6T3, STM32C031C6T6, STM32C031C6U3, STM32C031C6U6, STM32C031F4P3, STM32C031F4P6, STM32C031F6P3, STM32C031F6P6, STM32C031G4U3, STM32C031G4U6, STM32C031G6U3, STM32C031G6U6, STM32C031K4T3, STM32C031K4T6, STM32C031K4U3, STM32C031K4U6, STM32C031K6T3, STM32C031K6T6, STM32C031K6U3, STM32C031K6U6, STM32G071K8TXN, STM32G071K8UXN, STM32G081GBU6N, STM32G081KBT6N, STM32G081KBUXN, STM32G0B1CCT6N, STM32G0B1KCT6, STM32G0B1NEY6TR, STM32G0B1RCT6N, STM32G0C1CCT6, STM32G0C1CCT6N, STM32G0C1CCU6N, STM32G0C1CET6N, STM32G0C1CEU6N, STM32G0C1KCT6, STM32G0C1NEY6TR, STM32G0C1RCI6N, STM32G0C1RCT6N, STM32G0C1REI6N, STM32G0C1RET6N, STM32G0C1VCI6, STM32G0C1VEI6, STM32G471CCT6, STM32G471CCU6, STM32G471CET3, STM32G471CET6, STM32G471CEU3, STM32G471CEU6, STM32G471MCT6, STM32G471MET3, STM32G471MET6, STM32G471MEY6TR, STM32G471QCT6, STM32G471QET3, STM32G471RCT6, STM32G471RET3, STM32G471RET6, STM32G471VCH6, STM32G471VCI6, STM32G471VCT6, STM32G471VEH3, STM32G471VEH6, STM32G471VEI3, STM32G471VEI6, STM32G471VET3, STM32G471VET6, STM32G474CCT6, STM32H503CBT6, STM32H503CBU6, STM32H503EBY6TR, STM32H503KBU6, STM32H503RBT6, STM32H523CCT6, STM32H523CCU6, STM32H523CET6, STM32H523CEU6, STM32H523HEY6TR, STM32H523RCT6, STM32H523RET6, STM32H523VCI6, STM32H523VCT6, STM32H523VEI6, STM32H523VET6, STM32H523ZCJ6, STM32H523ZCT6, STM32H523ZEJ6, STM32H523ZET6, STM32H533CET6, STM32H533CEU6, STM32H533HEY6TR, STM32H533RET6, STM32H533VEI6, STM32H533VET6, STM32H533ZEJ6, STM32H533ZET6, STM32H562AGI6, STM32H562AII6, STM32H562IGK6, STM32H562IGT6, STM32H562IIK6, STM32H562IIT6, STM32H562RGT6, STM32H562RGV6, STM32H562RIT6, STM32H562RIV6, STM32H562VGT6, STM32H562VIT6, STM32H562ZGT6, STM32H562ZIT6, STM32H563AGI6, STM32H563AII3Q, STM32H563AII6, STM32H563IGK6, STM32H563IGT6, STM32H563IIK3Q, STM32H563IIK6, STM32H563IIT3Q, STM32H563IIT6, STM32H563MIY3QTR, STM32H563RGT6, STM32H563RGV6, STM32H563RIT6, STM32H563RIV6, STM32H563VGT6, STM32H563VIT3Q, STM32H563VIT6, STM32H563ZGT6, STM32H563ZIT3Q, STM32H563ZIT6, STM32H573AII3Q, STM32H573AII6, STM32H573I-DK, STM32H573IIK3Q, STM32H573IIK6, STM32H573IIT3Q, STM32H573IIT6, STM32H573MIY3QTR, STM32H573RIT6, STM32H573RIV6, STM32H573VIT3Q, STM32H573VIT6, STM32H573ZIT3Q, STM32H573ZIT6, STM32H7R3A8I6, STM32H7R3I8K6, STM32H7R3I8T6, STM32H7R3L8H6, STM32H7R3L8H6H, STM32H7R3R8V6, STM32H7R3V8H6, STM32H7R3V8T6, STM32H7R3V8Y6, STM32H7R3Z8J6, STM32H7R3Z8T6, STM32H7R7A8I6, STM32H7R7I8K6, STM32H7R7I8T6, STM32H7R7L8H6, STM32H7R7L8H6H, STM32H7R7Z8J6, STM32H7S3A8I6, STM32H7S3I8K6, STM32H7S3I8T6, STM32H7S3L8H6, STM32H7S3L8H6H, STM32H7S3R8V6, STM32H7S3V8H6, STM32H7S3V8T6, STM32H7S3V8Y6, STM32H7S3Z8J6, STM32H7S3Z8T6, STM32H7S78-DK, STM32H7S7A8I6, STM32H7S7I8K6, STM32H7S7I8T6, STM32H7S7L8H6, STM32H7S7L8H6H, STM32H7S7Z8J6, STM32L4R5QGI6STR, STM32MP131AAE3, STM32MP131AAF3, STM32MP131AAG3, STM32MP131CAE3, STM32MP131CAF3, STM32MP131CAG3, STM32MP131DAE7, STM32MP131DAF7, STM32MP131DAG7, STM32MP131FAE7, STM32MP131FAF7, STM32MP131FAG7, STM32MP133AAE3, STM32MP133AAF3, STM32MP133AAG3, STM32MP133CAE3, STM32MP133CAF3, STM32MP133CAG3, STM32MP133DAE7, STM32MP133DAF7, STM32MP133DAG7, STM32MP133FAE7, STM32MP133FAF7, STM32MP133FAG7, STM32MP135AAE3, STM32MP135AAF3, STM32MP135AAG3, STM32MP135CAE3, STM32MP135CAF3, STM32MP135CAG3, STM32MP135DAE7, STM32MP135DAF7, STM32MP135DAG7, STM32MP135F-DK, STM32MP135FAE7, STM32MP135FAF7, STM32MP135FAF7T, STM32MP135FAF7U, STM32MP135FAG7, STM32U031C6T6, STM32U031C6U6, STM32U031C8T6, STM32U031C8U6, STM32U031F4P6, STM32U031F6P6, STM32U031F8P6, STM32U031G6Y6TR, STM32U031G8Y6TR, STM32U031K4U6, STM32U031K6U6, STM32U031K8U6, STM32U031R6I6, STM32U031R6T6, STM32U031R8I6, STM32U031R8T6, STM32U073C8T6, STM32U073C8U6, STM32U073CBT6, STM32U073CBU6, STM32U073CCT6, STM32U073CCU6, STM32U073H8Y6TR, STM32U073HBY6TR, STM32U073HCY6TR, STM32U073K8U6, STM32U073KBU6, STM32U073KCU6, STM32U073M8I6, STM32U073M8T6, STM32U073MBI6, STM32U073MBT6, STM32U073MCI6, STM32U073MCT6, STM32U073R8I6, STM32U073R8T6, STM32U073RBI6, STM32U073RBT6, STM32U073RCI6, STM32U073RCT6, STM32U083C-DK, STM32U083CCT6, STM32U083CCU6, STM32U083HCY6TR, STM32U083KCU6, STM32U083MCI6, STM32U083MCT6, STM32U083RCI6, STM32U083RCT6, STM32U535CBT6, STM32U535CBT6Q, STM32U535CBU6, STM32U535CBU6Q, STM32U535CCT6, STM32U535CCT6Q, STM32U535CCU6, STM32U535CCU6Q, STM32U535CET6, STM32U535CET6Q, STM32U535CEU6, STM32U535CEU6Q, STM32U535JEY6QTR, STM32U535NCY6QTR, STM32U535NEY6QTR, STM32U535RBI6, STM32U535RBI6Q, STM32U535RBT6, STM32U535RBT6Q, STM32U535RCI6, STM32U535RCI6Q, STM32U535RCT6, STM32U535RCT6Q, STM32U535REI6, STM32U535REI6Q, STM32U535RET6, STM32U535RET6Q, STM32U535VCI6, STM32U535VCI6Q, STM32U535VCT6, STM32U535VCT6Q, STM32U535VEI6, STM32U535VEI6Q, STM32U535VET6, STM32U535VET6Q, STM32U545CET6, STM32U545CET6Q, STM32U545CEU6, STM32U545CEU6Q, STM32U545JEY6QTR, STM32U545NEY6QTR, STM32U545REI6, STM32U545REI6Q, STM32U545RET6, STM32U545RET6Q, STM32U545VEI6, STM32U545VEI6Q, STM32U545VET6, STM32U545VET6Q, STM32U595AIH6, STM32U595AIH6Q, STM32U595AJH6, STM32U595AJH6Q, STM32U595QII6, STM32U595QII6Q, STM32U595QJI6, STM32U595QJI6Q, STM32U595RIT6, STM32U595RIT6Q, STM32U595RJT6, STM32U595RJT6Q, STM32U595VIT6, STM32U595VIT6Q, STM32U595VJT6, STM32U595VJT6Q, STM32U595ZIT6, STM32U595ZIT6Q, STM32U595ZIY6QTR, STM32U595ZJT6, STM32U595ZJT6Q, STM32U595ZJY6QTR, STM32U599BJY6QTR, STM32U599NIH6Q, STM32U599NJH6Q, STM32U599VIT6Q, STM32U599VJT6, STM32U599VJT6Q, STM32U599ZIT6Q, STM32U599ZIY6QTR, STM32U599ZJT6Q, STM32U599ZJY6QTR, STM32U5A5AJH6, STM32U5A5AJH6Q, STM32U5A5QII3Q , STM32U5A5QJI6, STM32U5A5QJI6Q, STM32U5A5RJT6, STM32U5A5RJT6Q, STM32U5A5VJT6, STM32U5A5VJT6Q, STM32U5A5ZJT6, STM32U5A5ZJT6Q, STM32U5A5ZJY6QTR, STM32U5A9BJY6QTR, STM32U5A9J-DK, STM32U5A9NJH6Q, STM32U5A9VJT6Q, STM32U5A9ZJT6Q, STM32U5A9ZJY6QTR, STM32U5F7VIT6, STM32U5F7VIT6Q, STM32U5F7VJT6, STM32U5F7VJT6Q, STM32U5F9BJY6QTR, STM32U5F9NJH6Q, STM32U5F9VIT6Q, STM32U5F9VJT6Q, STM32U5F9ZIJ6QTR, STM32U5F9ZIT6Q, STM32U5F9ZJJ6QTR, STM32U5F9ZJT6Q, STM32U5G7VJT6, STM32U5G7VJT6Q, STM32U5G9BJY6QTR, STM32U5G9J-DK1, STM32U5G9J-DK2, STM32U5G9NJH6Q, STM32U5G9VJT6Q, STM32U5G9ZJJ6QTR, STM32U5G9ZJT6Q, STM32WB1MMCH6, STM32WBA50KEU6, STM32WBA50KEU6TR, STM32WBA50KGU6, STM32WBA50KGU6TR, STM32WBA52CEU6, STM32WBA52CEU6TR, STM32WBA52CEU7, STM32WBA52CEU7TR, STM32WBA52CGU6, STM32WBA52CGU6TR, STM32WBA52CGU6U, STM32WBA52CGU7, STM32WBA52CGU7TR, STM32WBA52KEU6, STM32WBA52KEU6TR, STM32WBA52KGU6, STM32WBA52KGU6TR, STM32WBA54CEU6, STM32WBA54CEU6TR, STM32WBA54CEU7, STM32WBA54CEU7TR, STM32WBA54CGU6, STM32WBA54CGU6TR, STM32WBA54CGU7, STM32WBA54CGU7TR, STM32WBA54KEU6, STM32WBA54KEU6TR, STM32WBA54KEU7, STM32WBA54KEU7TR, STM32WBA54KGU6, STM32WBA54KGU6TR, STM32WBA54KGU7, STM32WBA54KGU7TR, STM32WBA55CEU6, STM32WBA55CEU6TR, STM32WBA55CEU7, STM32WBA55CEU7TR, STM32WBA55CGU6, STM32WBA55CGU6TR, STM32WBA55CGU6U, STM32WBA55CGU7, STM32WBA55CGU7TR, STM32WBA55G-DK1, STM32WBA55HEF6, STM32WBA55HEF7, STM32WBA55HGF6, STM32WBA55HGF7, STM32WBA55UEI6, STM32WBA55UEI6TR, STM32WBA55UEI7, STM32WBA55UEI7TR, STM32WBA55UGI6, STM32WBA55UGI6TR, STM32WBA55UGI7, STM32WBA55UGI7TR, STM32WL5MOCH6, STM32WL5MOCH6TR]
2024-03-30 08:49:07,176 [INFO] DbMcus:218 - Found 4094 MCUs, 4094 are supported
2024-03-30 08:49:07,177 [INFO] ApiDb:423 - Load user favorites file /home/anushree/.stm32cubeide/favorites.mcus.txt: 0 item(s)
2024-03-30 08:49:07,177 [INFO] ApiDb:427 - User favorites MCUs=[]
2024-03-30 08:49:07,177 [INFO] DbMcus:224 - Set 0 / 0 favorites MCUs
2024-03-30 08:49:07,700 [INFO] ApiDb:423 - Load user favorites file /home/anushree/.stm32cubeide/favorites.boards.txt: 0 item(s)
2024-03-30 08:49:07,700 [INFO] ApiDb:427 - User favorites Boards=[]
2024-03-30 08:49:07,701 [INFO] DbBoards:198 - Set 0 / 0 favorites Boards
2024-03-30 08:49:07,701 [INFO] McuFinderGlobals:76 - Set McuFinderConnectedMode to true
2024-03-30 08:49:07,707 [INFO] MultiScanPanel:200 - Auto-refresh data requested => check proxy status ongoing
2024-03-30 08:49:07,710 [INFO] FinderPluginLoader:95 - Searching for filters in installed packs
2024-03-30 08:49:09,346 [INFO] LoadUrlFilesThread:185 - End of LoadServerUrlFiles without Thread
2024-03-30 08:49:09,409 [INFO] DetailPanel:341 - Set advertising image to /home/anushree/STM32Cube/Repository//en.prom-stm32wl3-mcu-finder.jpg
2024-03-30 08:49:48,221 [INFO] MultiScanPanel:200 - Auto-refresh data requested => check proxy status ongoing
2024-03-30 08:49:48,373 [INFO] LoadUrlFilesThread:185 - End of LoadServerUrlFiles without Thread
2024-03-30 08:49:48,374 [INFO] DetailPanel:341 - Set advertising image to /home/anushree/STM32Cube/Repository//en.prom-stm32wl3-mcu-finder.jpg
2024-03-30 08:49:48,389 [INFO] DbBoards:642 - Loading board mini-images...
2024-03-30 08:49:50,749 [INFO] DbBoards:665 - Loaded 199 board mini-images
2024-03-30 08:50:30,829 [INFO] McuFinderGlobals:76 - Set McuFinderConnectedMode to true
2024-03-30 08:50:30,832 [INFO] ApiDb:448 - Save user favorites file /home/anushree/.stm32cubeide/favorites.mcus.txt: 0 item(s)
2024-03-30 08:50:30,833 [INFO] ApiDb:452 - User favorites MCUs=[]
2024-03-30 08:50:30,834 [INFO] ApiDb:448 - Save user favorites file /home/anushree/.stm32cubeide/favorites.boards.txt: 0 item(s)
2024-03-30 08:50:30,834 [INFO] ApiDb:452 - User favorites Boards=[]
2024-03-30 11:33:27,881 [INFO] Activator:176 - 


2024-03-30 11:33:27,883 [INFO] Activator:177 - !SESSION log4j initialized
2024-03-30 11:33:32,835 [INFO] LogOutputStream:77 - [STDOUT_REDIRECT] 
2024-03-30 11:33:33,614 [INFO] ApplicationProperties:184 - Using Application install path: /opt/st/stm32cubeide_1.15.0/plugins/com.st.stm32cube.common.mx_6.11.0.202403141607
2024-03-30 11:33:33,637 [INFO] DbMcusXml:78 - Set database path to: /opt/st/stm32cubeide_1.15.0/plugins/com.st.stm32cube.common.mx_6.11.0.202403141607//db//mcu/
2024-03-30 11:33:33,638 [INFO] ApiDb:274 - Set plugin database path to: /opt/st/stm32cubeide_1.15.0/plugins/com.st.stm32cube.common.mx_6.11.0.202403141607//db//plugins/boardmanager/
2024-03-30 11:33:33,638 [WARN] ApiDb:259 - Overriding images path with different value:  => /opt/st/stm32cubeide_1.15.0/plugins/com.st.stm32cube.common.mx_6.11.0.202403141607//db//plugins/mcufinder/images/
2024-03-30 11:33:33,645 [INFO] ApiDb:250 - Set database path to: /home/anushree/.stmcufinder/plugins/mcufinder//mcu/
2024-03-30 11:33:33,647 [INFO] DbMcusAds:125 - Set database path to: /home/anushree/.stmcufinder/plugins/mcufinder//mcu/
2024-03-30 11:33:33,650 [INFO] CrossReferenceDbSqlite:203 - Set database path to: /home/anushree/.stmcufinder/plugins/mcufinder//mcu/cs/
2024-03-30 11:33:33,865 [INFO] RulesReader:64 - Compatibility file has been processed (297 Rules)
2024-03-30 11:33:33,954 [INFO] DbMcusXml:78 - Set database path to: /opt/st/stm32cubeide_1.15.0/plugins/com.st.stm32cube.common.mx_6.11.0.202403141607//db//mcu/
2024-03-30 11:33:33,955 [INFO] ApiDb:274 - Set plugin database path to: /opt/st/stm32cubeide_1.15.0/plugins/com.st.stm32cube.common.mx_6.11.0.202403141607//db//plugins/boardmanager/
2024-03-30 11:33:33,955 [INFO] ApiDb:261 - Set plugin images path to: /opt/st/stm32cubeide_1.15.0/plugins/com.st.stm32cube.common.mx_6.11.0.202403141607//db//plugins/mcufinder/images/
2024-03-30 11:33:33,955 [WARN] DbFile:41 - Overriding database path with different value: /home/anushree/.stmcufinder/plugins/mcufinder/ => /home/anushree/.stmcufinder/plugins/mcufinder
2024-03-30 11:33:33,955 [INFO] ApiDb:250 - Set database path to: /home/anushree/.stmcufinder/plugins/mcufinder//mcu/
2024-03-30 11:33:33,955 [WARN] DbFile:41 - Overriding database path with different value: /home/anushree/.stmcufinder/plugins/mcufinder/ => /home/anushree/.stmcufinder/plugins/mcufinder
2024-03-30 11:33:33,955 [INFO] DbMcusAds:125 - Set database path to: /home/anushree/.stmcufinder/plugins/mcufinder//mcu/
2024-03-30 11:33:33,956 [WARN] DbFile:41 - Overriding database path with different value: /home/anushree/.stmcufinder/plugins/mcufinder/ => /home/anushree/.stmcufinder/plugins/mcufinder
2024-03-30 11:33:33,956 [WARN] DbFile:41 - Overriding database path with different value: /home/anushree/.stmcufinder/plugins/mcufinder/ => /home/anushree/.stmcufinder/plugins/mcufinder
2024-03-30 11:33:33,956 [INFO] CrossReferenceDbSqlite:203 - Set database path to: /home/anushree/.stmcufinder/plugins/mcufinder//mcu/cs/
2024-03-30 11:33:34,039 [INFO] MainPanel:264 - HeapMemory: 268435456
2024-03-30 11:33:34,162 [INFO] DbMcusXml:78 - Set database path to: /opt/st/stm32cubeide_1.15.0/plugins/com.st.stm32cube.common.mx_6.11.0.202403141607//db//mcu/
2024-03-30 11:33:34,162 [INFO] ApiDb:274 - Set plugin database path to: /opt/st/stm32cubeide_1.15.0/plugins/com.st.stm32cube.common.mx_6.11.0.202403141607//db//plugins/boardmanager/
2024-03-30 11:33:34,162 [INFO] ApiDb:261 - Set plugin images path to: /opt/st/stm32cubeide_1.15.0/plugins/com.st.stm32cube.common.mx_6.11.0.202403141607//db//plugins/mcufinder/images/
2024-03-30 11:33:34,163 [WARN] DbFile:41 - Overriding database path with different value: /home/anushree/.stmcufinder/plugins/mcufinder/ => /home/anushree/.stmcufinder/plugins/mcufinder
2024-03-30 11:33:34,163 [INFO] ApiDb:250 - Set database path to: /home/anushree/.stmcufinder/plugins/mcufinder//mcu/
2024-03-30 11:33:34,163 [WARN] DbFile:41 - Overriding database path with different value: /home/anushree/.stmcufinder/plugins/mcufinder/ => /home/anushree/.stmcufinder/plugins/mcufinder
2024-03-30 11:33:34,163 [INFO] DbMcusAds:125 - Set database path to: /home/anushree/.stmcufinder/plugins/mcufinder//mcu/
2024-03-30 11:33:34,163 [WARN] DbFile:41 - Overriding database path with different value: /home/anushree/.stmcufinder/plugins/mcufinder/ => /home/anushree/.stmcufinder/plugins/mcufinder
2024-03-30 11:33:34,163 [WARN] DbFile:41 - Overriding database path with different value: /home/anushree/.stmcufinder/plugins/mcufinder/ => /home/anushree/.stmcufinder/plugins/mcufinder
2024-03-30 11:33:34,164 [INFO] CrossReferenceDbSqlite:203 - Set database path to: /home/anushree/.stmcufinder/plugins/mcufinder//mcu/cs/
2024-03-30 11:33:34,182 [INFO] ApplicationProperties:184 - Using Application install path: /opt/st/stm32cubeide_1.15.0/plugins/com.st.stm32cube.common.mx_6.11.0.202403141607
2024-03-30 11:33:34,184 [INFO] PluginManage:196 - Search for loadable plugins [exclusion list=, ]
2024-03-30 11:33:34,186 [INFO] PluginManage:310 - Check plugin analytics
2024-03-30 11:33:34,405 [INFO] AnalyticsPlugin:253 - Accepted Software Licenses: 
2024-03-30 11:33:34,405 [INFO] AnalyticsPlugin:255 - Accepted CMSIS Pack Licenses: 
2024-03-30 11:33:34,406 [INFO] AnalyticsPlugin:257 - Accepted Firmware Licenses: 
2024-03-30 11:33:34,440 [INFO] PluginManage:359 - Loaded plugin analytics (category:tool,tabindex:-1)
2024-03-30 11:33:34,440 [INFO] PluginManage:310 - Check plugin cadmodel
2024-03-30 11:33:34,475 [INFO] CADModel:105 - Init CAD model plugin
2024-03-30 11:33:34,476 [INFO] PluginManage:359 - Loaded plugin cadmodel (category:power,tabindex:5)
2024-03-30 11:33:34,476 [INFO] PluginManage:310 - Check plugin clock
2024-03-30 11:33:34,488 [INFO] PluginManage:359 - Loaded plugin clock (category:base,tabindex:2)
2024-03-30 11:33:34,488 [INFO] PluginManage:310 - Check plugin ddr
2024-03-30 11:33:34,490 [INFO] PluginManage:359 - Loaded plugin ddr (category:tool,tabindex:6)
2024-03-30 11:33:34,491 [INFO] PluginManage:310 - Check plugin filemanager
2024-03-30 11:33:34,671 [INFO] PluginManage:359 - Loaded plugin filemanager (category:base,tabindex:10)
2024-03-30 11:33:34,672 [INFO] PluginManage:310 - Check plugin ipmanager
2024-03-30 11:33:34,677 [INFO] PluginManage:359 - Loaded plugin ipmanager (category:base,tabindex:5)
2024-03-30 11:33:34,678 [INFO] PluginManage:310 - Check plugin lpbam
2024-03-30 11:33:34,689 [INFO] PluginManage:359 - Loaded plugin lpbam (category:base,tabindex:0)
2024-03-30 11:33:34,689 [INFO] PluginManage:310 - Check plugin memorymap
2024-03-30 11:33:34,702 [INFO] PluginManage:359 - Loaded plugin memorymap (category:base,tabindex:4)
2024-03-30 11:33:34,703 [INFO] PluginManage:310 - Check plugin pinoutandconfiguration
2024-03-30 11:33:34,710 [INFO] PluginManage:359 - Loaded plugin pinoutandconfiguration (category:base,tabindex:1)
2024-03-30 11:33:34,710 [INFO] PluginManage:310 - Check plugin pinoutconfig
2024-03-30 11:33:34,817 [WARN] SupportedApi:132 - Cannot load RTOS API schema: s4s-elt-must-match.1: The content of 'definitions' must match (annotation?, (simpleType | complexType)?, (unique | key | keyref)*)). A problem was found starting at: attribute.
2024-03-30 11:33:34,984 [INFO] PluginManage:359 - Loaded plugin pinoutconfig (category:base,tabindex:0)
2024-03-30 11:33:34,985 [INFO] PluginManage:310 - Check plugin power
2024-03-30 11:33:34,993 [INFO] PluginManage:359 - Loaded plugin power (category:power,tabindex:4)
2024-03-30 11:33:34,993 [INFO] PluginManage:310 - Check plugin projectmanager
2024-03-30 11:33:35,013 [INFO] PluginManage:359 - Loaded plugin projectmanager (category:projectmanager,tabindex:3)
2024-03-30 11:33:35,014 [INFO] PluginManage:310 - Check plugin thirdparty
2024-03-30 11:33:35,136 [WARN] IntegrityCheckThread:84 - waiting for thirdparty lock release [integrity check]
2024-03-30 11:33:35,137 [INFO] PluginManage:359 - Loaded plugin thirdparty (category:base,tabindex:-1)
2024-03-30 11:33:35,137 [INFO] PluginManage:310 - Check plugin tools
2024-03-30 11:33:35,137 [INFO] IntegrityCheckThread:86 - entering critical section [integrity check]
2024-03-30 11:33:35,140 [INFO] PluginManage:359 - Loaded plugin tools (category:base,tabindex:7)
2024-03-30 11:33:35,140 [INFO] PluginManage:310 - Check plugin tutovideos
2024-03-30 11:33:35,142 [INFO] ThirdPartyUpdaterWithRetryManager:70 - Updater plugin not ready yet. [1/15]
2024-03-30 11:33:35,340 [INFO] PluginManage:359 - Loaded plugin tutovideos (category:base,tabindex:-1)
2024-03-30 11:33:35,340 [INFO] PluginManage:310 - Check plugin updater
2024-03-30 11:33:35,350 [INFO] PluginManage:359 - Loaded plugin updater (category:base,tabindex:12)
2024-03-30 11:33:35,351 [INFO] PluginManage:310 - Check plugin userauth
2024-03-30 11:33:35,356 [INFO] UserAuth:114 - Init User Auth plugin
2024-03-30 11:33:35,356 [INFO] PluginManage:359 - Loaded plugin userauth (category:base,tabindex:14)
2024-03-30 11:33:35,357 [INFO] PluginManage:283 - PluginManage : Loaded plugins [17]
2024-03-30 11:33:35,589 [INFO] PinOutPanel:1561 - setPackage(No Configuration,No Configuration)
2024-03-30 11:33:35,652 [INFO] CADModel:165 - CPN selected for project level
2024-03-30 11:33:35,652 [INFO] CADModel:114 - Register for checkConnection events
2024-03-30 11:33:35,664 [INFO] IPUIPlugin:80 - create IPUIPlugin
2024-03-30 11:33:35,665 [INFO] PluginManager:220 - loadIPPluginJar : add gic
2024-03-30 11:33:35,674 [INFO] IPUIPlugin:80 - create IPUIPlugin
2024-03-30 11:33:35,675 [INFO] PluginManager:220 - loadIPPluginJar : add fmc
2024-03-30 11:33:35,680 [INFO] IPUIPlugin:80 - create IPUIPlugin
2024-03-30 11:33:35,680 [INFO] PluginManager:220 - loadIPPluginJar : add stm32_wpan
2024-03-30 11:33:35,686 [INFO] IPUIPlugin:80 - create IPUIPlugin
2024-03-30 11:33:35,686 [INFO] PluginManager:220 - loadIPPluginJar : add mdma
2024-03-30 11:33:35,689 [INFO] IPUIPlugin:80 - create IPUIPlugin
2024-03-30 11:33:35,690 [INFO] PluginManager:220 - loadIPPluginJar : add usbx
2024-03-30 11:33:35,692 [INFO] IPUIPlugin:80 - create IPUIPlugin
2024-03-30 11:33:35,692 [INFO] PluginManager:220 - loadIPPluginJar : add usart
2024-03-30 11:33:35,694 [INFO] IPUIPlugin:80 - create IPUIPlugin
2024-03-30 11:33:35,695 [INFO] PluginManager:220 - loadIPPluginJar : add gtzc
2024-03-30 11:33:35,697 [INFO] IPUIPlugin:80 - create IPUIPlugin
2024-03-30 11:33:35,698 [INFO] PluginManager:220 - loadIPPluginJar : add nvic
2024-03-30 11:33:35,699 [INFO] IPUIPlugin:80 - create IPUIPlugin
2024-03-30 11:33:35,699 [INFO] PluginManager:220 - loadIPPluginJar : add ltdc
2024-03-30 11:33:35,701 [INFO] IPUIPlugin:80 - create IPUIPlugin
2024-03-30 11:33:35,701 [INFO] PluginManager:220 - loadIPPluginJar : add can
2024-03-30 11:33:35,704 [INFO] IPUIPlugin:80 - create IPUIPlugin
2024-03-30 11:33:35,704 [INFO] PluginManager:220 - loadIPPluginJar : add i3c
2024-03-30 11:33:35,705 [INFO] IPUIPlugin:80 - create IPUIPlugin
2024-03-30 11:33:35,705 [INFO] PluginManager:220 - loadIPPluginJar : add genericplugin
2024-03-30 11:33:35,712 [INFO] IPUIPlugin:80 - create IPUIPlugin
2024-03-30 11:33:35,712 [INFO] PluginManager:220 - loadIPPluginJar : add adc
2024-03-30 11:33:35,714 [INFO] IPUIPlugin:80 - create IPUIPlugin
2024-03-30 11:33:35,714 [INFO] PluginManager:220 - loadIPPluginJar : add tim
2024-03-30 11:33:35,716 [INFO] IPUIPlugin:80 - create IPUIPlugin
2024-03-30 11:33:35,716 [INFO] PluginManager:220 - loadIPPluginJar : add pdm2pcm
2024-03-30 11:33:35,718 [INFO] IPUIPlugin:80 - create IPUIPlugin
2024-03-30 11:33:35,719 [INFO] PluginManager:220 - loadIPPluginJar : add ipddr
2024-03-30 11:33:35,721 [INFO] IPUIPlugin:80 - create IPUIPlugin
2024-03-30 11:33:35,721 [INFO] PluginManager:220 - loadIPPluginJar : add opamp
2024-03-30 11:33:35,725 [INFO] IPUIPlugin:80 - create IPUIPlugin
2024-03-30 11:33:35,725 [INFO] PluginManager:220 - loadIPPluginJar : add touchsensing
2024-03-30 11:33:35,726 [INFO] IPUIPlugin:80 - create IPUIPlugin
2024-03-30 11:33:35,726 [INFO] PluginManager:220 - loadIPPluginJar : add tsc
2024-03-30 11:33:35,729 [INFO] IPUIPlugin:80 - create IPUIPlugin
2024-03-30 11:33:35,729 [INFO] PluginManager:220 - loadIPPluginJar : add sai
2024-03-30 11:33:35,732 [INFO] IPUIPlugin:80 - create IPUIPlugin
2024-03-30 11:33:35,732 [INFO] PluginManager:220 - loadIPPluginJar : add openamp
2024-03-30 11:33:35,733 [INFO] IPUIPlugin:80 - create IPUIPlugin
2024-03-30 11:33:35,734 [INFO] PluginManager:220 - loadIPPluginJar : add ucpd
2024-03-30 11:33:35,736 [INFO] IPUIPlugin:80 - create IPUIPlugin
2024-03-30 11:33:35,736 [INFO] PluginManager:220 - loadIPPluginJar : add aes
2024-03-30 11:33:35,742 [INFO] IPUIPlugin:80 - create IPUIPlugin
2024-03-30 11:33:35,745 [INFO] PluginManager:220 - loadIPPluginJar : add plateformsettings
2024-03-30 11:33:35,746 [INFO] IPUIPlugin:80 - create IPUIPlugin
2024-03-30 11:33:35,746 [INFO] PluginManager:220 - loadIPPluginJar : add comp
2024-03-30 11:33:35,748 [INFO] IPUIPlugin:80 - create IPUIPlugin
2024-03-30 11:33:35,748 [INFO] PluginManager:220 - loadIPPluginJar : add lorawan
2024-03-30 11:33:35,750 [INFO] IPUIPlugin:80 - create IPUIPlugin
2024-03-30 11:33:35,750 [INFO] PluginManager:220 - loadIPPluginJar : add ts
2024-03-30 11:33:35,752 [INFO] IPUIPlugin:80 - create IPUIPlugin
2024-03-30 11:33:35,752 [INFO] PluginManager:220 - loadIPPluginJar : add i2s
2024-03-30 11:33:35,754 [INFO] IPUIPlugin:80 - create IPUIPlugin
2024-03-30 11:33:35,754 [INFO] PluginManager:220 - loadIPPluginJar : add dfsdm
2024-03-30 11:33:35,758 [INFO] IPUIPlugin:80 - create IPUIPlugin
2024-03-30 11:33:35,758 [INFO] PluginManager:220 - loadIPPluginJar : add gpio
2024-03-30 11:33:35,759 [INFO] IPUIPlugin:80 - create IPUIPlugin
2024-03-30 11:33:35,760 [INFO] PluginManager:220 - loadIPPluginJar : add dma3
2024-03-30 11:33:35,762 [INFO] IPUIPlugin:80 - create IPUIPlugin
2024-03-30 11:33:35,762 [INFO] PluginManager:220 - loadIPPluginJar : add resmgrutility
2024-03-30 11:33:35,764 [INFO] IPUIPlugin:80 - create IPUIPlugin
2024-03-30 11:33:35,764 [INFO] PluginManager:220 - loadIPPluginJar : add spi
2024-03-30 11:33:35,765 [INFO] IPUIPlugin:80 - create IPUIPlugin
2024-03-30 11:33:35,765 [INFO] PluginManager:220 - loadIPPluginJar : add cryp
2024-03-30 11:33:35,767 [INFO] IPUIPlugin:80 - create IPUIPlugin
2024-03-30 11:33:35,767 [INFO] PluginManager:220 - loadIPPluginJar : add extmemmanager
2024-03-30 11:33:35,772 [INFO] IPUIPlugin:80 - create IPUIPlugin
2024-03-30 11:33:35,772 [INFO] PluginManager:220 - loadIPPluginJar : add dma
2024-03-30 11:33:35,774 [INFO] IPUIPlugin:80 - create IPUIPlugin
2024-03-30 11:33:35,774 [INFO] PluginManager:220 - loadIPPluginJar : add i2c
2024-03-30 11:33:35,775 [INFO] IPUIPlugin:80 - create IPUIPlugin
2024-03-30 11:33:35,776 [INFO] PluginManager:220 - loadIPPluginJar : add fatfs
2024-03-30 11:33:35,777 [INFO] IPUIPlugin:80 - create IPUIPlugin
2024-03-30 11:33:35,777 [INFO] PluginManager:220 - loadIPPluginJar : add gfxmmu
2024-03-30 11:33:35,778 [INFO] IPUIPlugin:80 - create IPUIPlugin
2024-03-30 11:33:35,778 [INFO] PluginManager:220 - loadIPPluginJar : add quadspi
2024-03-30 11:33:35,780 [INFO] IPUIPlugin:80 - create IPUIPlugin
2024-03-30 11:33:35,780 [INFO] PluginManager:220 - loadIPPluginJar : add hash
2024-03-30 11:33:35,781 [INFO] IPUIPlugin:80 - create IPUIPlugin
2024-03-30 11:33:35,782 [INFO] PluginManager:220 - loadIPPluginJar : add tracer_emb
2024-03-30 11:33:35,787 [INFO] IPUIPlugin:80 - create IPUIPlugin
2024-03-30 11:33:35,787 [INFO] PluginManager:220 - loadIPPluginJar : add linkedlist
2024-03-30 11:33:35,792 [INFO] IPUIPlugin:80 - create IPUIPlugin
2024-03-30 11:33:35,792 [INFO] PluginManager:220 - loadIPPluginJar : add freertos
2024-03-30 11:33:35,897 [INFO] CADModel:165 - CPN selected for project level
2024-03-30 11:33:35,897 [INFO] CADModel:114 - Register for checkConnection events
2024-03-30 11:33:35,898 [FATAL] Updater:308 - Updater called before beeing initialized
2024-03-30 11:33:35,898 [ERROR] CADModel:125 - Updater not yet initialized, retry later 
2024-03-30 11:33:36,003 [INFO] CADModel:165 - CPN selected for project level
2024-03-30 11:33:36,003 [INFO] CADModel:114 - Register for checkConnection events
2024-03-30 11:33:36,004 [FATAL] Updater:308 - Updater called before beeing initialized
2024-03-30 11:33:36,004 [ERROR] CADModel:125 - Updater not yet initialized, retry later 
2024-03-30 11:33:36,007 [FATAL] Updater:308 - Updater called before beeing initialized
2024-03-30 11:33:36,111 [FATAL] Updater:308 - Updater called before beeing initialized
2024-03-30 11:33:36,116 [INFO] DbMcusAds:53 - JSON generation date=Wed Nov 29 05:52:27 EST 2023 (1701255147349)
2024-03-30 11:33:36,116 [FATAL] Updater:308 - Updater called before beeing initialized
2024-03-30 11:33:36,160 [WARN] DetailPanel:346 - Failed to get advertising image, set to default
2024-03-30 11:33:36,249 [FATAL] Updater:308 - Updater called before beeing initialized
2024-03-30 11:33:36,252 [FATAL] Updater:308 - Updater called before beeing initialized
2024-03-30 11:33:36,252 [FATAL] Updater:308 - Updater called before beeing initialized
2024-03-30 11:33:36,252 [WARN] DetailPanel:346 - Failed to get advertising image, set to default
2024-03-30 11:33:36,253 [FATAL] Updater:308 - Updater called before beeing initialized
2024-03-30 11:33:36,310 [ERROR] Updater:1120 - MainUpdater not yet initialized. External WinMGr cannot be set.
2024-03-30 11:33:36,318 [INFO] Updater:1056 - Updater Version found : 6.11.0
2024-03-30 11:33:36,341 [INFO] ApplicationProperties:184 - Using Application install path: /opt/st/stm32cubeide_1.15.0/plugins/com.st.stm32cube.common.mx_6.11.0.202403141607
2024-03-30 11:33:36,919 [INFO] MainUpdater:2873 - connection check result : 10
2024-03-30 11:33:36,920 [INFO] MainUpdater:290 - Updater Check For Update Now.
2024-03-30 11:33:36,920 [INFO] MicroXplorer:498 - Change Database Version : DB.6.0.110
2024-03-30 11:33:36,927 [INFO] McuFinderGlobals:63 - Set McuFinder mode to 2 (CubeIDE integrated)
2024-03-30 11:33:36,927 [INFO] UserAuth:179 - activating auth plugin
2024-03-30 11:33:36,931 [INFO] UserAuth:415 - Internet connection configuration mode: 1
2024-03-30 11:33:36,955 [INFO] JxBrowserEngine:152 - Initiate JxBrowser Engine with user profile folder
2024-03-30 11:33:37,127 [INFO] CheckServerUpdateThread:120 - End of CheckServer Thread
2024-03-30 11:33:37,664 [INFO] WebApp:161 - Instantiating new browser for Auth
2024-03-30 11:33:38,135 [INFO] WebApp:779 - Register for checkConnection events
2024-03-30 11:33:38,136 [INFO] WebApp:414 - Apply proxy settings
2024-03-30 11:33:38,136 [INFO] WebApp:499 - Chromium requires no authentication
2024-03-30 11:33:38,141 [INFO] WebApp:442 - Direct internet connection detected
2024-03-30 11:33:38,348 [WARN] PackLoader:240 - Cannot read IP mode file for STMicroelectronics.X-CUBE-SMBUS.2.1.0
2024-03-30 11:33:38,408 [WARN] PackLoader:240 - Cannot read IP mode file for STMicroelectronics.X-CUBE-TOUCHGFX.4.23.0
2024-03-30 11:33:38,577 [INFO] WebApp:192 - Starting web application
2024-03-30 11:33:38,577 [INFO] WebApp:544 - Web application path used /opt/st/stm32cubeide_1.15.0/plugins/com.st.stm32cube.common.mx_6.11.0.202403141607/db/plugins/mcufinder/reactClient1/index.html
2024-03-30 11:33:38,577 [WARN] PackLoader:240 - Cannot read IP mode file for STMicroelectronics.X-CUBE-AZRTOS-F7.1.1.0
2024-03-30 11:33:38,610 [WARN] PackLoader:240 - Cannot read IP mode file for STMicroelectronics.FP-SNS-MOTENV1.4.3.2
2024-03-30 11:33:38,627 [WARN] PackLoader:240 - Cannot read IP mode file for STMicroelectronics.FP-SNS-FLIGHT1.5.0.2
2024-03-30 11:33:38,646 [WARN] PackLoader:240 - Cannot read IP mode file for STMicroelectronics.X-CUBE-DISPLAY.3.0.0
2024-03-30 11:33:38,675 [WARN] PackLoader:240 - Cannot read IP mode file for STMicroelectronics.X-CUBE-BLE1.7.0.0
2024-03-30 11:33:38,699 [WARN] PackLoader:240 - Cannot read IP mode file for STMicroelectronics.X-CUBE-BLEMGR.3.1.0
2024-03-30 11:33:38,718 [WARN] PackLoader:240 - Cannot read IP mode file for STMicroelectronics.FP-SNS-SMARTAG2.1.2.0
2024-03-30 11:33:38,744 [INFO] LogOutputStream:77 - [STDOUT_REDIRECT] 1 : Invalid condition id : UX_CORESTACK_Condition cause : null
2024-03-30 11:33:38,745 [INFO] LogOutputStream:77 - [STDOUT_REDIRECT] 1 : Invalid condition id : UX_CORESTACK_Condition cause : null
2024-03-30 11:33:38,746 [INFO] LogOutputStream:77 - [STDOUT_REDIRECT] 1 : Invalid condition id : UX_CORESTACK_Condition cause : null
2024-03-30 11:33:38,747 [INFO] LogOutputStream:77 - [STDOUT_REDIRECT] 1 : Invalid condition id : UX_CORESTACK_Condition cause : null
2024-03-30 11:33:38,747 [INFO] LogOutputStream:77 - [STDOUT_REDIRECT] 1 : Invalid condition id : UX_CORESTACK_Condition cause : null
2024-03-30 11:33:38,754 [WARN] PackLoader:240 - Cannot read IP mode file for STMicroelectronics.X-CUBE-AZRTOS-WL.2.0.0
2024-03-30 11:33:38,761 [WARN] PackLoader:240 - Cannot read IP mode file for STMicroelectronics.X-CUBE-BLE2.3.3.0
2024-03-30 11:33:38,781 [WARN] PackLoader:240 - Cannot read IP mode file for STMicroelectronics.X-CUBE-ALGOBUILD.1.3.0
2024-03-30 11:33:38,804 [WARN] PackLoader:240 - Cannot read IP mode file for STMicroelectronics.X-CUBE-AZRTOS-G0.1.1.0
2024-03-30 11:33:39,345 [WARN] PackLoader:240 - Cannot read IP mode file for STMicroelectronics.X-CUBE-NFC4.3.0.0
2024-03-30 11:33:39,350 [WARN] PackLoader:240 - Cannot read IP mode file for STMicroelectronics.FP-ATR-SIGFOX1.3.2.0
2024-03-30 11:33:39,357 [WARN] PackLoader:240 - Cannot read IP mode file for STMicroelectronics.X-CUBE-EEPRMA1.5.1.0
2024-03-30 11:33:39,402 [WARN] PackLoader:240 - Cannot read IP mode file for SEGGER.I-CUBE-embOS.1.3.1
2024-03-30 11:33:39,516 [WARN] PackLoader:240 - Cannot read IP mode file for STMicroelectronics.X-CUBE-GNSS1.6.0.0
2024-03-30 11:33:39,540 [WARN] PackLoader:240 - Cannot read IP mode file for STMicroelectronics.X-CUBE-AZRTOS-F4.1.1.0
2024-03-30 11:33:39,547 [WARN] PackLoader:240 - Cannot read IP mode file for wolfSSL.I-CUBE-wolfSSL.5.6.6
2024-03-30 11:33:39,561 [WARN] PackLoader:240 - Cannot read IP mode file for STMicroelectronics.X-CUBE-AZRTOS-L5.2.0.0
2024-03-30 11:33:39,571 [WARN] PackLoader:240 - Cannot read IP mode file for STMicroelectronics.X-CUBE-NFC6.3.1.0
2024-03-30 11:33:39,578 [WARN] PackLoader:240 - Cannot read IP mode file for STMicroelectronics.X-CUBE-NFC7.1.0.1
2024-03-30 11:33:39,582 [WARN] PackLoader:240 - Cannot read IP mode file for STMicroelectronics.X-CUBE-AI.8.1.0
2024-03-30 11:33:39,600 [WARN] ConditionMgr:438 - getConditionDescription Invalid condition id : LAN8742 Phy interface Condition cause : null
2024-03-30 11:33:39,601 [WARN] PackLoader:240 - Cannot read IP mode file for STMicroelectronics.X-CUBE-AZRTOS-L4.2.0.0
2024-03-30 11:33:39,602 [WARN] ConditionMgr:1039 - genDependencies : Invalid condition id : LAN8742 Phy interface Condition cause : null
2024-03-30 11:33:39,603 [WARN] ConditionMgr:1039 - genDependencies : Invalid condition id : LAN8742 Phy interface Condition cause : null
2024-03-30 11:33:39,603 [WARN] ConditionMgr:1039 - genDependencies : Invalid condition id : LAN8742 Phy interface Condition cause : null
2024-03-30 11:33:39,610 [WARN] PackLoader:240 - Cannot read IP mode file for STMicroelectronics.X-CUBE-SFXS2LP1.4.0.0
2024-03-30 11:33:39,623 [WARN] ConditionMgr:438 - getConditionDescription Invalid condition id : UX DEVICE CLASS RTOS Condition cause : null
2024-03-30 11:33:39,624 [WARN] ConditionMgr:438 - getConditionDescription Invalid condition id : UX DEVICE CLASS RTOS Condition cause : null
2024-03-30 11:33:39,626 [WARN] PackLoader:240 - Cannot read IP mode file for STMicroelectronics.X-CUBE-AZRTOS-WB.2.0.0
2024-03-30 11:33:39,627 [WARN] ConditionMgr:1039 - genDependencies : Invalid condition id : UX DEVICE CLASS RTOS Condition cause : null
2024-03-30 11:33:39,627 [WARN] ConditionMgr:1039 - genDependencies : Invalid condition id : UX DEVICE CLASS RTOS Condition cause : null
2024-03-30 11:33:39,628 [WARN] ConditionMgr:1039 - genDependencies : Invalid condition id : UX DEVICE CLASS RTOS Condition cause : null
2024-03-30 11:33:39,628 [WARN] ConditionMgr:1039 - genDependencies : Invalid condition id : UX DEVICE CLASS RTOS Condition cause : null
2024-03-30 11:33:39,629 [WARN] ConditionMgr:1039 - genDependencies : Invalid condition id : UX DEVICE CLASS RTOS Condition cause : null
2024-03-30 11:33:39,638 [WARN] PackLoader:240 - Cannot read IP mode file for STMicroelectronics.X-CUBE-SUBG2.5.0.0
2024-03-30 11:33:39,659 [WARN] PackLoader:240 - Cannot read IP mode file for STMicroelectronics.X-CUBE-AZRTOS-G4.2.0.0
2024-03-30 11:33:39,673 [WARN] PackLoader:240 - Cannot read IP mode file for Infineon.AIROC-Wi-Fi-Bluetooth-STM32.1.5.1
2024-03-30 11:33:39,682 [WARN] PackLoader:240 - Cannot read IP mode file for STMicroelectronics.FP-SNS-MOTENVWB1.1.3.1
2024-03-30 11:33:39,689 [WARN] PackLoader:240 - Cannot read IP mode file for STMicroelectronics.X-CUBE-ISPU.2.0.0
2024-03-30 11:33:39,779 [WARN] PackLoader:240 - Cannot read IP mode file for STMicroelectronics.X-CUBE-MEMS1.10.0.0
2024-03-30 11:33:40,114 [WARN] PackLoader:240 - Cannot read IP mode file for STMicroelectronics.X-CUBE-FREERTOS.1.1.0
2024-03-30 11:33:40,117 [WARN] PackLoader:240 - Cannot read IP mode file for STMicroelectronics.X-CUBE-ALS.1.0.1
2024-03-30 11:33:40,120 [WARN] PackLoader:240 - Cannot read IP mode file for STMicroelectronics.FP-ATR-ASTRA1.2.0.0
2024-03-30 11:33:40,131 [WARN] PackLoader:240 - Cannot read IP mode file for STMicroelectronics.X-CUBE-TOF1.3.4.1
2024-03-30 11:33:40,177 [WARN] PackLoader:240 - Cannot read IP mode file for STMicroelectronics.X-CUBE-AZRTOS-H7.3.2.0
2024-03-30 11:33:40,182 [INFO] ThirdParty:978 - Integrity check success = true
2024-03-30 11:33:40,182 [INFO] IntegrityCheckThread:100 - exiting critical section [integrity check]
2024-03-30 11:33:40,182 [INFO] IntegrityCheckThread:103 - End integrity checks thread
