2024-04-04 07:37:33,780 [INFO] Activator:176 - 


2024-04-04 07:37:33,782 [INFO] Activator:177 - !SESSION log4j initialized
2024-04-04 07:37:35,804 [INFO] LogOutputStream:77 - [STDOUT_REDIRECT] 
2024-04-04 07:37:38,231 [INFO] ApplicationProperties:184 - Using Application install path: /opt/st/stm32cubeide_1.15.0/plugins/com.st.stm32cube.common.mx_6.11.0.202403141607
2024-04-04 07:37:38,243 [INFO] DbMcusXml:78 - Set database path to: /opt/st/stm32cubeide_1.15.0/plugins/com.st.stm32cube.common.mx_6.11.0.202403141607//db//mcu/
2024-04-04 07:37:38,244 [INFO] ApiDb:274 - Set plugin database path to: /opt/st/stm32cubeide_1.15.0/plugins/com.st.stm32cube.common.mx_6.11.0.202403141607//db//plugins/boardmanager/
2024-04-04 07:37:38,244 [WARN] ApiDb:259 - Overriding images path with different value:  => /opt/st/stm32cubeide_1.15.0/plugins/com.st.stm32cube.common.mx_6.11.0.202403141607//db//plugins/mcufinder/images/
2024-04-04 07:37:38,247 [INFO] ApiDb:250 - Set database path to: /home/anushree/.stmcufinder/plugins/mcufinder//mcu/
2024-04-04 07:37:38,249 [INFO] DbMcusAds:125 - Set database path to: /home/anushree/.stmcufinder/plugins/mcufinder//mcu/
2024-04-04 07:37:38,250 [INFO] CrossReferenceDbSqlite:203 - Set database path to: /home/anushree/.stmcufinder/plugins/mcufinder//mcu/cs/
2024-04-04 07:37:38,376 [INFO] RulesReader:64 - Compatibility file has been processed (297 Rules)
2024-04-04 07:37:38,427 [INFO] DbMcusXml:78 - Set database path to: /opt/st/stm32cubeide_1.15.0/plugins/com.st.stm32cube.common.mx_6.11.0.202403141607//db//mcu/
2024-04-04 07:37:38,427 [INFO] ApiDb:274 - Set plugin database path to: /opt/st/stm32cubeide_1.15.0/plugins/com.st.stm32cube.common.mx_6.11.0.202403141607//db//plugins/boardmanager/
2024-04-04 07:37:38,428 [INFO] ApiDb:261 - Set plugin images path to: /opt/st/stm32cubeide_1.15.0/plugins/com.st.stm32cube.common.mx_6.11.0.202403141607//db//plugins/mcufinder/images/
2024-04-04 07:37:38,428 [WARN] DbFile:41 - Overriding database path with different value: /home/anushree/.stmcufinder/plugins/mcufinder/ => /home/anushree/.stmcufinder/plugins/mcufinder
2024-04-04 07:37:38,428 [INFO] ApiDb:250 - Set database path to: /home/anushree/.stmcufinder/plugins/mcufinder//mcu/
2024-04-04 07:37:38,429 [WARN] DbFile:41 - Overriding database path with different value: /home/anushree/.stmcufinder/plugins/mcufinder/ => /home/anushree/.stmcufinder/plugins/mcufinder
2024-04-04 07:37:38,429 [INFO] DbMcusAds:125 - Set database path to: /home/anushree/.stmcufinder/plugins/mcufinder//mcu/
2024-04-04 07:37:38,429 [WARN] DbFile:41 - Overriding database path with different value: /home/anushree/.stmcufinder/plugins/mcufinder/ => /home/anushree/.stmcufinder/plugins/mcufinder
2024-04-04 07:37:38,429 [WARN] DbFile:41 - Overriding database path with different value: /home/anushree/.stmcufinder/plugins/mcufinder/ => /home/anushree/.stmcufinder/plugins/mcufinder
2024-04-04 07:37:38,429 [INFO] CrossReferenceDbSqlite:203 - Set database path to: /home/anushree/.stmcufinder/plugins/mcufinder//mcu/cs/
2024-04-04 07:37:38,485 [INFO] MainPanel:264 - HeapMemory: 268435456
2024-04-04 07:37:38,599 [INFO] DbMcusXml:78 - Set database path to: /opt/st/stm32cubeide_1.15.0/plugins/com.st.stm32cube.common.mx_6.11.0.202403141607//db//mcu/
2024-04-04 07:37:38,599 [INFO] ApiDb:274 - Set plugin database path to: /opt/st/stm32cubeide_1.15.0/plugins/com.st.stm32cube.common.mx_6.11.0.202403141607//db//plugins/boardmanager/
2024-04-04 07:37:38,599 [INFO] ApiDb:261 - Set plugin images path to: /opt/st/stm32cubeide_1.15.0/plugins/com.st.stm32cube.common.mx_6.11.0.202403141607//db//plugins/mcufinder/images/
2024-04-04 07:37:38,599 [WARN] DbFile:41 - Overriding database path with different value: /home/anushree/.stmcufinder/plugins/mcufinder/ => /home/anushree/.stmcufinder/plugins/mcufinder
2024-04-04 07:37:38,600 [INFO] ApiDb:250 - Set database path to: /home/anushree/.stmcufinder/plugins/mcufinder//mcu/
2024-04-04 07:37:38,600 [WARN] DbFile:41 - Overriding database path with different value: /home/anushree/.stmcufinder/plugins/mcufinder/ => /home/anushree/.stmcufinder/plugins/mcufinder
2024-04-04 07:37:38,600 [INFO] DbMcusAds:125 - Set database path to: /home/anushree/.stmcufinder/plugins/mcufinder//mcu/
2024-04-04 07:37:38,600 [WARN] DbFile:41 - Overriding database path with different value: /home/anushree/.stmcufinder/plugins/mcufinder/ => /home/anushree/.stmcufinder/plugins/mcufinder
2024-04-04 07:37:38,600 [WARN] DbFile:41 - Overriding database path with different value: /home/anushree/.stmcufinder/plugins/mcufinder/ => /home/anushree/.stmcufinder/plugins/mcufinder
2024-04-04 07:37:38,600 [INFO] CrossReferenceDbSqlite:203 - Set database path to: /home/anushree/.stmcufinder/plugins/mcufinder//mcu/cs/
2024-04-04 07:37:38,625 [INFO] ApplicationProperties:184 - Using Application install path: /opt/st/stm32cubeide_1.15.0/plugins/com.st.stm32cube.common.mx_6.11.0.202403141607
2024-04-04 07:37:38,627 [INFO] PluginManage:196 - Search for loadable plugins [exclusion list=, ]
2024-04-04 07:37:38,628 [INFO] PluginManage:310 - Check plugin analytics
2024-04-04 07:37:38,794 [INFO] AnalyticsPlugin:253 - Accepted Software Licenses: 
2024-04-04 07:37:38,794 [INFO] AnalyticsPlugin:255 - Accepted CMSIS Pack Licenses: 
2024-04-04 07:37:38,794 [INFO] AnalyticsPlugin:257 - Accepted Firmware Licenses: 
2024-04-04 07:37:38,798 [INFO] PluginManage:359 - Loaded plugin analytics (category:tool,tabindex:-1)
2024-04-04 07:37:38,799 [INFO] PluginManage:310 - Check plugin cadmodel
2024-04-04 07:37:38,818 [INFO] CADModel:105 - Init CAD model plugin
2024-04-04 07:37:38,819 [INFO] PluginManage:359 - Loaded plugin cadmodel (category:power,tabindex:5)
2024-04-04 07:37:38,819 [INFO] PluginManage:310 - Check plugin clock
2024-04-04 07:37:38,828 [INFO] PluginManage:359 - Loaded plugin clock (category:base,tabindex:2)
2024-04-04 07:37:38,828 [INFO] PluginManage:310 - Check plugin ddr
2024-04-04 07:37:38,830 [INFO] PluginManage:359 - Loaded plugin ddr (category:tool,tabindex:6)
2024-04-04 07:37:38,830 [INFO] PluginManage:310 - Check plugin filemanager
2024-04-04 07:37:38,962 [INFO] PluginManage:359 - Loaded plugin filemanager (category:base,tabindex:10)
2024-04-04 07:37:38,962 [INFO] PluginManage:310 - Check plugin ipmanager
2024-04-04 07:37:38,967 [INFO] PluginManage:359 - Loaded plugin ipmanager (category:base,tabindex:5)
2024-04-04 07:37:38,967 [INFO] PluginManage:310 - Check plugin lpbam
2024-04-04 07:37:38,975 [INFO] PluginManage:359 - Loaded plugin lpbam (category:base,tabindex:0)
2024-04-04 07:37:38,975 [INFO] PluginManage:310 - Check plugin memorymap
2024-04-04 07:37:38,985 [INFO] PluginManage:359 - Loaded plugin memorymap (category:base,tabindex:4)
2024-04-04 07:37:38,985 [INFO] PluginManage:310 - Check plugin pinoutandconfiguration
2024-04-04 07:37:38,991 [INFO] PluginManage:359 - Loaded plugin pinoutandconfiguration (category:base,tabindex:1)
2024-04-04 07:37:38,992 [INFO] PluginManage:310 - Check plugin pinoutconfig
2024-04-04 07:37:39,060 [WARN] SupportedApi:132 - Cannot load RTOS API schema: s4s-elt-must-match.1: The content of 'definitions' must match (annotation?, (simpleType | complexType)?, (unique | key | keyref)*)). A problem was found starting at: attribute.
2024-04-04 07:37:39,172 [INFO] PluginManage:359 - Loaded plugin pinoutconfig (category:base,tabindex:0)
2024-04-04 07:37:39,172 [INFO] PluginManage:310 - Check plugin power
2024-04-04 07:37:39,180 [INFO] PluginManage:359 - Loaded plugin power (category:power,tabindex:4)
2024-04-04 07:37:39,180 [INFO] PluginManage:310 - Check plugin projectmanager
2024-04-04 07:37:39,200 [INFO] PluginManage:359 - Loaded plugin projectmanager (category:projectmanager,tabindex:3)
2024-04-04 07:37:39,200 [INFO] PluginManage:310 - Check plugin thirdparty
2024-04-04 07:37:39,316 [INFO] PluginManage:359 - Loaded plugin thirdparty (category:base,tabindex:-1)
2024-04-04 07:37:39,316 [INFO] PluginManage:310 - Check plugin tools
2024-04-04 07:37:39,319 [INFO] PluginManage:359 - Loaded plugin tools (category:base,tabindex:7)
2024-04-04 07:37:39,319 [INFO] PluginManage:310 - Check plugin tutovideos
2024-04-04 07:37:39,320 [WARN] IntegrityCheckThread:84 - waiting for thirdparty lock release [integrity check]
2024-04-04 07:37:39,320 [INFO] IntegrityCheckThread:86 - entering critical section [integrity check]
2024-04-04 07:37:39,321 [INFO] ThirdPartyUpdaterWithRetryManager:70 - Updater plugin not ready yet. [1/15]
2024-04-04 07:37:39,585 [INFO] PluginManage:359 - Loaded plugin tutovideos (category:base,tabindex:-1)
2024-04-04 07:37:39,586 [INFO] PluginManage:310 - Check plugin updater
2024-04-04 07:37:39,600 [INFO] PluginManage:359 - Loaded plugin updater (category:base,tabindex:12)
2024-04-04 07:37:39,601 [INFO] PluginManage:310 - Check plugin userauth
2024-04-04 07:37:39,608 [INFO] UserAuth:114 - Init User Auth plugin
2024-04-04 07:37:39,608 [INFO] PluginManage:359 - Loaded plugin userauth (category:base,tabindex:14)
2024-04-04 07:37:39,609 [INFO] PluginManage:283 - PluginManage : Loaded plugins [17]
2024-04-04 07:37:39,816 [INFO] PinOutPanel:1561 - setPackage(No Configuration,No Configuration)
2024-04-04 07:37:39,876 [INFO] CADModel:165 - CPN selected for project level
2024-04-04 07:37:39,877 [INFO] CADModel:114 - Register for checkConnection events
2024-04-04 07:37:39,890 [INFO] IPUIPlugin:80 - create IPUIPlugin
2024-04-04 07:37:39,891 [INFO] PluginManager:220 - loadIPPluginJar : add gic
2024-04-04 07:37:39,902 [INFO] IPUIPlugin:80 - create IPUIPlugin
2024-04-04 07:37:39,902 [INFO] PluginManager:220 - loadIPPluginJar : add fmc
2024-04-04 07:37:39,908 [INFO] IPUIPlugin:80 - create IPUIPlugin
2024-04-04 07:37:39,908 [INFO] PluginManager:220 - loadIPPluginJar : add stm32_wpan
2024-04-04 07:37:39,915 [INFO] IPUIPlugin:80 - create IPUIPlugin
2024-04-04 07:37:39,915 [INFO] PluginManager:220 - loadIPPluginJar : add mdma
2024-04-04 07:37:39,919 [INFO] IPUIPlugin:80 - create IPUIPlugin
2024-04-04 07:37:39,919 [INFO] PluginManager:220 - loadIPPluginJar : add usbx
2024-04-04 07:37:39,922 [INFO] IPUIPlugin:80 - create IPUIPlugin
2024-04-04 07:37:39,922 [INFO] PluginManager:220 - loadIPPluginJar : add usart
2024-04-04 07:37:39,925 [INFO] IPUIPlugin:80 - create IPUIPlugin
2024-04-04 07:37:39,925 [INFO] PluginManager:220 - loadIPPluginJar : add gtzc
2024-04-04 07:37:39,929 [INFO] IPUIPlugin:80 - create IPUIPlugin
2024-04-04 07:37:39,929 [INFO] PluginManager:220 - loadIPPluginJar : add nvic
2024-04-04 07:37:39,930 [INFO] IPUIPlugin:80 - create IPUIPlugin
2024-04-04 07:37:39,931 [INFO] PluginManager:220 - loadIPPluginJar : add ltdc
2024-04-04 07:37:39,934 [INFO] IPUIPlugin:80 - create IPUIPlugin
2024-04-04 07:37:39,934 [INFO] PluginManager:220 - loadIPPluginJar : add can
2024-04-04 07:37:39,937 [INFO] IPUIPlugin:80 - create IPUIPlugin
2024-04-04 07:37:39,937 [INFO] PluginManager:220 - loadIPPluginJar : add i3c
2024-04-04 07:37:39,939 [INFO] IPUIPlugin:80 - create IPUIPlugin
2024-04-04 07:37:39,939 [INFO] PluginManager:220 - loadIPPluginJar : add genericplugin
2024-04-04 07:37:39,946 [INFO] IPUIPlugin:80 - create IPUIPlugin
2024-04-04 07:37:39,946 [INFO] PluginManager:220 - loadIPPluginJar : add adc
2024-04-04 07:37:39,948 [INFO] IPUIPlugin:80 - create IPUIPlugin
2024-04-04 07:37:39,948 [INFO] PluginManager:220 - loadIPPluginJar : add tim
2024-04-04 07:37:39,952 [INFO] IPUIPlugin:80 - create IPUIPlugin
2024-04-04 07:37:39,952 [INFO] PluginManager:220 - loadIPPluginJar : add pdm2pcm
2024-04-04 07:37:39,956 [INFO] IPUIPlugin:80 - create IPUIPlugin
2024-04-04 07:37:39,956 [INFO] PluginManager:220 - loadIPPluginJar : add ipddr
2024-04-04 07:37:39,959 [INFO] IPUIPlugin:80 - create IPUIPlugin
2024-04-04 07:37:39,960 [INFO] PluginManager:220 - loadIPPluginJar : add opamp
2024-04-04 07:37:39,965 [INFO] IPUIPlugin:80 - create IPUIPlugin
2024-04-04 07:37:39,966 [INFO] PluginManager:220 - loadIPPluginJar : add touchsensing
2024-04-04 07:37:39,969 [INFO] IPUIPlugin:80 - create IPUIPlugin
2024-04-04 07:37:39,969 [INFO] PluginManager:220 - loadIPPluginJar : add tsc
2024-04-04 07:37:39,973 [INFO] IPUIPlugin:80 - create IPUIPlugin
2024-04-04 07:37:39,974 [INFO] PluginManager:220 - loadIPPluginJar : add sai
2024-04-04 07:37:39,977 [INFO] IPUIPlugin:80 - create IPUIPlugin
2024-04-04 07:37:39,978 [INFO] PluginManager:220 - loadIPPluginJar : add openamp
2024-04-04 07:37:39,980 [INFO] IPUIPlugin:80 - create IPUIPlugin
2024-04-04 07:37:39,980 [INFO] PluginManager:220 - loadIPPluginJar : add ucpd
2024-04-04 07:37:39,983 [INFO] IPUIPlugin:80 - create IPUIPlugin
2024-04-04 07:37:39,983 [INFO] PluginManager:220 - loadIPPluginJar : add aes
2024-04-04 07:37:39,989 [INFO] IPUIPlugin:80 - create IPUIPlugin
2024-04-04 07:37:39,992 [INFO] PluginManager:220 - loadIPPluginJar : add plateformsettings
2024-04-04 07:37:39,994 [INFO] IPUIPlugin:80 - create IPUIPlugin
2024-04-04 07:37:39,994 [INFO] PluginManager:220 - loadIPPluginJar : add comp
2024-04-04 07:37:39,998 [INFO] IPUIPlugin:80 - create IPUIPlugin
2024-04-04 07:37:39,999 [INFO] PluginManager:220 - loadIPPluginJar : add lorawan
2024-04-04 07:37:40,002 [INFO] IPUIPlugin:80 - create IPUIPlugin
2024-04-04 07:37:40,002 [INFO] PluginManager:220 - loadIPPluginJar : add ts
2024-04-04 07:37:40,004 [INFO] IPUIPlugin:80 - create IPUIPlugin
2024-04-04 07:37:40,005 [INFO] PluginManager:220 - loadIPPluginJar : add i2s
2024-04-04 07:37:40,008 [INFO] IPUIPlugin:80 - create IPUIPlugin
2024-04-04 07:37:40,008 [INFO] PluginManager:220 - loadIPPluginJar : add dfsdm
2024-04-04 07:37:40,013 [INFO] IPUIPlugin:80 - create IPUIPlugin
2024-04-04 07:37:40,013 [INFO] PluginManager:220 - loadIPPluginJar : add gpio
2024-04-04 07:37:40,017 [INFO] IPUIPlugin:80 - create IPUIPlugin
2024-04-04 07:37:40,017 [INFO] PluginManager:220 - loadIPPluginJar : add dma3
2024-04-04 07:37:40,022 [INFO] IPUIPlugin:80 - create IPUIPlugin
2024-04-04 07:37:40,023 [INFO] PluginManager:220 - loadIPPluginJar : add resmgrutility
2024-04-04 07:37:40,025 [INFO] IPUIPlugin:80 - create IPUIPlugin
2024-04-04 07:37:40,025 [INFO] PluginManager:220 - loadIPPluginJar : add spi
2024-04-04 07:37:40,028 [INFO] IPUIPlugin:80 - create IPUIPlugin
2024-04-04 07:37:40,029 [INFO] PluginManager:220 - loadIPPluginJar : add cryp
2024-04-04 07:37:40,032 [INFO] IPUIPlugin:80 - create IPUIPlugin
2024-04-04 07:37:40,032 [INFO] PluginManager:220 - loadIPPluginJar : add extmemmanager
2024-04-04 07:37:40,038 [INFO] IPUIPlugin:80 - create IPUIPlugin
2024-04-04 07:37:40,038 [INFO] PluginManager:220 - loadIPPluginJar : add dma
2024-04-04 07:37:40,040 [INFO] IPUIPlugin:80 - create IPUIPlugin
2024-04-04 07:37:40,040 [INFO] PluginManager:220 - loadIPPluginJar : add i2c
2024-04-04 07:37:40,042 [INFO] IPUIPlugin:80 - create IPUIPlugin
2024-04-04 07:37:40,042 [INFO] PluginManager:220 - loadIPPluginJar : add fatfs
2024-04-04 07:37:40,044 [INFO] IPUIPlugin:80 - create IPUIPlugin
2024-04-04 07:37:40,044 [INFO] PluginManager:220 - loadIPPluginJar : add gfxmmu
2024-04-04 07:37:40,046 [INFO] IPUIPlugin:80 - create IPUIPlugin
2024-04-04 07:37:40,046 [INFO] PluginManager:220 - loadIPPluginJar : add quadspi
2024-04-04 07:37:40,048 [INFO] IPUIPlugin:80 - create IPUIPlugin
2024-04-04 07:37:40,049 [INFO] PluginManager:220 - loadIPPluginJar : add hash
2024-04-04 07:37:40,051 [INFO] IPUIPlugin:80 - create IPUIPlugin
2024-04-04 07:37:40,051 [INFO] PluginManager:220 - loadIPPluginJar : add tracer_emb
2024-04-04 07:37:40,057 [INFO] IPUIPlugin:80 - create IPUIPlugin
2024-04-04 07:37:40,057 [INFO] PluginManager:220 - loadIPPluginJar : add linkedlist
2024-04-04 07:37:40,061 [INFO] IPUIPlugin:80 - create IPUIPlugin
2024-04-04 07:37:40,061 [INFO] PluginManager:220 - loadIPPluginJar : add freertos
2024-04-04 07:37:40,178 [INFO] CADModel:165 - CPN selected for project level
2024-04-04 07:37:40,179 [INFO] CADModel:114 - Register for checkConnection events
2024-04-04 07:37:40,179 [FATAL] Updater:308 - Updater called before beeing initialized
2024-04-04 07:37:40,180 [ERROR] CADModel:125 - Updater not yet initialized, retry later 
2024-04-04 07:37:40,372 [INFO] CADModel:165 - CPN selected for project level
2024-04-04 07:37:40,373 [INFO] CADModel:114 - Register for checkConnection events
2024-04-04 07:37:40,373 [FATAL] Updater:308 - Updater called before beeing initialized
2024-04-04 07:37:40,373 [ERROR] CADModel:125 - Updater not yet initialized, retry later 
2024-04-04 07:37:40,376 [FATAL] Updater:308 - Updater called before beeing initialized
2024-04-04 07:37:40,512 [FATAL] Updater:308 - Updater called before beeing initialized
2024-04-04 07:37:40,516 [INFO] DbMcusAds:53 - JSON generation date=Wed Nov 29 05:52:27 EST 2023 (1701255147349)
2024-04-04 07:37:40,517 [FATAL] Updater:308 - Updater called before beeing initialized
2024-04-04 07:37:40,555 [WARN] DetailPanel:346 - Failed to get advertising image, set to default
2024-04-04 07:37:40,643 [FATAL] Updater:308 - Updater called before beeing initialized
2024-04-04 07:37:40,644 [FATAL] Updater:308 - Updater called before beeing initialized
2024-04-04 07:37:40,644 [FATAL] Updater:308 - Updater called before beeing initialized
2024-04-04 07:37:40,645 [WARN] DetailPanel:346 - Failed to get advertising image, set to default
2024-04-04 07:37:40,646 [FATAL] Updater:308 - Updater called before beeing initialized
2024-04-04 07:37:40,690 [ERROR] Updater:1120 - MainUpdater not yet initialized. External WinMGr cannot be set.
2024-04-04 07:37:40,692 [INFO] Updater:1056 - Updater Version found : 6.11.0
2024-04-04 07:37:40,716 [INFO] ApplicationProperties:184 - Using Application install path: /opt/st/stm32cubeide_1.15.0/plugins/com.st.stm32cube.common.mx_6.11.0.202403141607
2024-04-04 07:37:41,086 [INFO] MainUpdater:2873 - connection check result : 10
2024-04-04 07:37:41,087 [INFO] MainUpdater:290 - Updater Check For Update Now.
2024-04-04 07:37:41,088 [INFO] MicroXplorer:498 - Change Database Version : DB.6.0.110
2024-04-04 07:37:41,094 [INFO] McuFinderGlobals:63 - Set McuFinder mode to 2 (CubeIDE integrated)
2024-04-04 07:37:41,095 [INFO] UserAuth:179 - activating auth plugin
2024-04-04 07:37:41,100 [INFO] UserAuth:415 - Internet connection configuration mode: 1
2024-04-04 07:37:41,123 [INFO] JxBrowserEngine:152 - Initiate JxBrowser Engine with user profile folder
2024-04-04 07:37:41,310 [INFO] CheckServerUpdateThread:120 - End of CheckServer Thread
2024-04-04 07:37:41,894 [INFO] WebApp:161 - Instantiating new browser for Auth
2024-04-04 07:37:43,120 [WARN] PackLoader:240 - Cannot read IP mode file for STMicroelectronics.X-CUBE-SMBUS.2.1.0
2024-04-04 07:37:43,131 [WARN] PackLoader:240 - Cannot read IP mode file for STMicroelectronics.X-CUBE-TOUCHGFX.4.23.1
2024-04-04 07:37:43,134 [WARN] PackLoader:240 - Cannot read IP mode file for STMicroelectronics.X-CUBE-TOUCHGFX.4.23.0
2024-04-04 07:37:43,202 [WARN] PackLoader:240 - Cannot read IP mode file for STMicroelectronics.X-CUBE-AZRTOS-F7.1.1.0
2024-04-04 07:37:43,231 [WARN] PackLoader:240 - Cannot read IP mode file for STMicroelectronics.FP-SNS-MOTENV1.4.3.2
2024-04-04 07:37:43,238 [INFO] WebApp:779 - Register for checkConnection events
2024-04-04 07:37:43,254 [INFO] WebApp:414 - Apply proxy settings
2024-04-04 07:37:43,254 [INFO] WebApp:499 - Chromium requires no authentication
2024-04-04 07:37:43,263 [WARN] PackLoader:240 - Cannot read IP mode file for STMicroelectronics.FP-SNS-FLIGHT1.5.0.2
2024-04-04 07:37:43,274 [INFO] WebApp:442 - Direct internet connection detected
2024-04-04 07:37:43,275 [WARN] PackLoader:240 - Cannot read IP mode file for STMicroelectronics.X-CUBE-DISPLAY.3.0.0
2024-04-04 07:37:43,289 [WARN] PackLoader:240 - Cannot read IP mode file for STMicroelectronics.X-CUBE-BLE1.7.0.0
2024-04-04 07:37:43,306 [WARN] PackLoader:240 - Cannot read IP mode file for STMicroelectronics.X-CUBE-BLEMGR.3.1.0
2024-04-04 07:37:43,314 [WARN] PackLoader:240 - Cannot read IP mode file for STMicroelectronics.FP-SNS-SMARTAG2.1.2.0
2024-04-04 07:37:43,329 [INFO] LogOutputStream:77 - [STDOUT_REDIRECT] 1 : Invalid condition id : UX_CORESTACK_Condition cause : null
2024-04-04 07:37:43,331 [INFO] LogOutputStream:77 - [STDOUT_REDIRECT] 1 : Invalid condition id : UX_CORESTACK_Condition cause : null
2024-04-04 07:37:43,332 [INFO] LogOutputStream:77 - [STDOUT_REDIRECT] 1 : Invalid condition id : UX_CORESTACK_Condition cause : null
2024-04-04 07:37:43,332 [INFO] LogOutputStream:77 - [STDOUT_REDIRECT] 1 : Invalid condition id : UX_CORESTACK_Condition cause : null
2024-04-04 07:37:43,332 [INFO] LogOutputStream:77 - [STDOUT_REDIRECT] 1 : Invalid condition id : UX_CORESTACK_Condition cause : null
2024-04-04 07:37:43,345 [WARN] PackLoader:240 - Cannot read IP mode file for STMicroelectronics.X-CUBE-AZRTOS-WL.2.0.0
2024-04-04 07:37:43,356 [WARN] PackLoader:240 - Cannot read IP mode file for STMicroelectronics.FP-SNS-MOTENV1.5.0.0
2024-04-04 07:37:43,363 [WARN] PackLoader:240 - Cannot read IP mode file for STMicroelectronics.X-CUBE-BLE2.3.3.0
2024-04-04 07:37:43,383 [WARN] PackLoader:240 - Cannot read IP mode file for STMicroelectronics.X-CUBE-ALGOBUILD.1.3.0
2024-04-04 07:37:43,437 [WARN] PackLoader:240 - Cannot read IP mode file for STMicroelectronics.X-CUBE-AZRTOS-G0.1.1.0
2024-04-04 07:37:43,457 [WARN] PackLoader:240 - Cannot read IP mode file for STMicroelectronics.X-CUBE-SAFEA1.1.2.2
2024-04-04 07:37:43,468 [WARN] PackLoader:240 - Cannot read IP mode file for STMicroelectronics.X-CUBE-NFC4.3.0.0
2024-04-04 07:37:43,473 [WARN] PackLoader:240 - Cannot read IP mode file for STMicroelectronics.FP-ATR-SIGFOX1.3.2.0
2024-04-04 07:37:43,482 [WARN] PackLoader:240 - Cannot read IP mode file for STMicroelectronics.X-CUBE-EEPRMA1.5.1.0
2024-04-04 07:37:43,549 [WARN] PackLoader:240 - Cannot read IP mode file for SEGGER.I-CUBE-embOS.1.3.1
2024-04-04 07:37:43,632 [WARN] PackLoader:240 - Cannot read IP mode file for STMicroelectronics.X-CUBE-GNSS1.6.0.0
2024-04-04 07:37:43,641 [INFO] WebApp:192 - Starting web application
2024-04-04 07:37:43,641 [INFO] WebApp:544 - Web application path used /opt/st/stm32cubeide_1.15.0/plugins/com.st.stm32cube.common.mx_6.11.0.202403141607/db/plugins/mcufinder/reactClient1/index.html
2024-04-04 07:37:43,653 [WARN] PackLoader:240 - Cannot read IP mode file for STMicroelectronics.X-CUBE-AZRTOS-F4.1.1.0
2024-04-04 07:37:43,661 [WARN] PackLoader:240 - Cannot read IP mode file for wolfSSL.I-CUBE-wolfSSL.5.6.6
2024-04-04 07:37:43,680 [WARN] PackLoader:240 - Cannot read IP mode file for STMicroelectronics.X-CUBE-AZRTOS-L5.2.0.0
2024-04-04 07:37:43,690 [WARN] PackLoader:240 - Cannot read IP mode file for STMicroelectronics.X-CUBE-NFC6.3.1.0
2024-04-04 07:37:43,698 [WARN] PackLoader:240 - Cannot read IP mode file for STMicroelectronics.X-CUBE-NFC7.1.0.1
2024-04-04 07:37:43,702 [WARN] PackLoader:240 - Cannot read IP mode file for STMicroelectronics.X-CUBE-AI.8.1.0
2024-04-04 07:37:43,725 [WARN] ConditionMgr:438 - getConditionDescription Invalid condition id : LAN8742 Phy interface Condition cause : null
2024-04-04 07:37:43,726 [WARN] PackLoader:240 - Cannot read IP mode file for STMicroelectronics.X-CUBE-AZRTOS-L4.2.0.0
2024-04-04 07:37:43,728 [WARN] ConditionMgr:1039 - genDependencies : Invalid condition id : LAN8742 Phy interface Condition cause : null
2024-04-04 07:37:43,735 [WARN] ConditionMgr:1039 - genDependencies : Invalid condition id : LAN8742 Phy interface Condition cause : null
2024-04-04 07:37:43,735 [WARN] ConditionMgr:1039 - genDependencies : Invalid condition id : LAN8742 Phy interface Condition cause : null
2024-04-04 07:37:43,743 [WARN] PackLoader:240 - Cannot read IP mode file for STMicroelectronics.X-CUBE-SFXS2LP1.4.0.0
2024-04-04 07:37:43,764 [WARN] ConditionMgr:438 - getConditionDescription Invalid condition id : UX DEVICE CLASS RTOS Condition cause : null
2024-04-04 07:37:43,765 [WARN] ConditionMgr:438 - getConditionDescription Invalid condition id : UX DEVICE CLASS RTOS Condition cause : null
2024-04-04 07:37:43,770 [WARN] PackLoader:240 - Cannot read IP mode file for STMicroelectronics.X-CUBE-AZRTOS-WB.2.0.0
2024-04-04 07:37:43,771 [WARN] ConditionMgr:1039 - genDependencies : Invalid condition id : UX DEVICE CLASS RTOS Condition cause : null
2024-04-04 07:37:43,771 [WARN] ConditionMgr:1039 - genDependencies : Invalid condition id : UX DEVICE CLASS RTOS Condition cause : null
2024-04-04 07:37:43,773 [WARN] ConditionMgr:1039 - genDependencies : Invalid condition id : UX DEVICE CLASS RTOS Condition cause : null
2024-04-04 07:37:43,774 [WARN] ConditionMgr:1039 - genDependencies : Invalid condition id : UX DEVICE CLASS RTOS Condition cause : null
2024-04-04 07:37:43,774 [WARN] ConditionMgr:1039 - genDependencies : Invalid condition id : UX DEVICE CLASS RTOS Condition cause : null
2024-04-04 07:37:43,794 [WARN] PackLoader:240 - Cannot read IP mode file for STMicroelectronics.X-CUBE-SUBG2.5.0.0
2024-04-04 07:37:43,826 [WARN] PackLoader:240 - Cannot read IP mode file for STMicroelectronics.X-CUBE-AZRTOS-G4.2.0.0
2024-04-04 07:37:43,846 [WARN] PackLoader:240 - Cannot read IP mode file for Infineon.AIROC-Wi-Fi-Bluetooth-STM32.1.5.1
2024-04-04 07:37:43,856 [WARN] PackLoader:240 - Cannot read IP mode file for STMicroelectronics.FP-SNS-MOTENVWB1.1.3.1
2024-04-04 07:37:43,861 [WARN] PackLoader:240 - Cannot read IP mode file for STMicroelectronics.X-CUBE-ISPU.2.0.0
2024-04-04 07:37:43,945 [WARN] PackLoader:240 - Cannot read IP mode file for STMicroelectronics.X-CUBE-MEMS1.10.0.0
2024-04-04 07:37:44,121 [WARN] PackLoader:240 - Cannot read IP mode file for STMicroelectronics.X-CUBE-FREERTOS.1.1.0
2024-04-04 07:37:44,124 [WARN] PackLoader:240 - Cannot read IP mode file for STMicroelectronics.X-CUBE-ALS.1.0.1
2024-04-04 07:37:44,128 [WARN] PackLoader:240 - Cannot read IP mode file for STMicroelectronics.FP-ATR-ASTRA1.2.0.0
2024-04-04 07:37:44,137 [WARN] PackLoader:240 - Cannot read IP mode file for STMicroelectronics.X-CUBE-TOF1.3.4.1
2024-04-04 07:37:44,162 [WARN] PackLoader:240 - Cannot read IP mode file for STMicroelectronics.X-CUBE-AZRTOS-H7.3.2.0
2024-04-04 07:37:44,165 [INFO] ThirdParty:978 - Integrity check success = true
2024-04-04 07:37:44,167 [INFO] IntegrityCheckThread:100 - exiting critical section [integrity check]
2024-04-04 07:37:44,168 [INFO] IntegrityCheckThread:103 - End integrity checks thread
2024-04-04 07:38:46,927 [INFO] Activator:176 - 


2024-04-04 07:38:46,930 [INFO] Activator:177 - !SESSION log4j initialized
2024-04-04 07:38:49,254 [INFO] LogOutputStream:77 - [STDOUT_REDIRECT] 
2024-04-04 07:38:51,178 [INFO] ApplicationProperties:184 - Using Application install path: /opt/st/stm32cubeide_1.15.0/plugins/com.st.stm32cube.common.mx_6.11.0.202403141607
2024-04-04 07:38:51,197 [INFO] DbMcusXml:78 - Set database path to: /opt/st/stm32cubeide_1.15.0/plugins/com.st.stm32cube.common.mx_6.11.0.202403141607//db//mcu/
2024-04-04 07:38:51,197 [INFO] ApiDb:274 - Set plugin database path to: /opt/st/stm32cubeide_1.15.0/plugins/com.st.stm32cube.common.mx_6.11.0.202403141607//db//plugins/boardmanager/
2024-04-04 07:38:51,198 [WARN] ApiDb:259 - Overriding images path with different value:  => /opt/st/stm32cubeide_1.15.0/plugins/com.st.stm32cube.common.mx_6.11.0.202403141607//db//plugins/mcufinder/images/
2024-04-04 07:38:51,203 [INFO] ApiDb:250 - Set database path to: /home/anushree/.stmcufinder/plugins/mcufinder//mcu/
2024-04-04 07:38:51,204 [INFO] DbMcusAds:125 - Set database path to: /home/anushree/.stmcufinder/plugins/mcufinder//mcu/
2024-04-04 07:38:51,207 [INFO] CrossReferenceDbSqlite:203 - Set database path to: /home/anushree/.stmcufinder/plugins/mcufinder//mcu/cs/
2024-04-04 07:38:51,322 [INFO] RulesReader:64 - Compatibility file has been processed (297 Rules)
2024-04-04 07:38:51,376 [INFO] DbMcusXml:78 - Set database path to: /opt/st/stm32cubeide_1.15.0/plugins/com.st.stm32cube.common.mx_6.11.0.202403141607//db//mcu/
2024-04-04 07:38:51,376 [INFO] ApiDb:274 - Set plugin database path to: /opt/st/stm32cubeide_1.15.0/plugins/com.st.stm32cube.common.mx_6.11.0.202403141607//db//plugins/boardmanager/
2024-04-04 07:38:51,376 [INFO] ApiDb:261 - Set plugin images path to: /opt/st/stm32cubeide_1.15.0/plugins/com.st.stm32cube.common.mx_6.11.0.202403141607//db//plugins/mcufinder/images/
2024-04-04 07:38:51,376 [WARN] DbFile:41 - Overriding database path with different value: /home/anushree/.stmcufinder/plugins/mcufinder/ => /home/anushree/.stmcufinder/plugins/mcufinder
2024-04-04 07:38:51,377 [INFO] ApiDb:250 - Set database path to: /home/anushree/.stmcufinder/plugins/mcufinder//mcu/
2024-04-04 07:38:51,377 [WARN] DbFile:41 - Overriding database path with different value: /home/anushree/.stmcufinder/plugins/mcufinder/ => /home/anushree/.stmcufinder/plugins/mcufinder
2024-04-04 07:38:51,377 [INFO] DbMcusAds:125 - Set database path to: /home/anushree/.stmcufinder/plugins/mcufinder//mcu/
2024-04-04 07:38:51,377 [WARN] DbFile:41 - Overriding database path with different value: /home/anushree/.stmcufinder/plugins/mcufinder/ => /home/anushree/.stmcufinder/plugins/mcufinder
2024-04-04 07:38:51,377 [WARN] DbFile:41 - Overriding database path with different value: /home/anushree/.stmcufinder/plugins/mcufinder/ => /home/anushree/.stmcufinder/plugins/mcufinder
2024-04-04 07:38:51,377 [INFO] CrossReferenceDbSqlite:203 - Set database path to: /home/anushree/.stmcufinder/plugins/mcufinder//mcu/cs/
2024-04-04 07:38:51,447 [INFO] MainPanel:264 - HeapMemory: 268435456
2024-04-04 07:38:51,552 [INFO] DbMcusXml:78 - Set database path to: /opt/st/stm32cubeide_1.15.0/plugins/com.st.stm32cube.common.mx_6.11.0.202403141607//db//mcu/
2024-04-04 07:38:51,552 [INFO] ApiDb:274 - Set plugin database path to: /opt/st/stm32cubeide_1.15.0/plugins/com.st.stm32cube.common.mx_6.11.0.202403141607//db//plugins/boardmanager/
2024-04-04 07:38:51,552 [INFO] ApiDb:261 - Set plugin images path to: /opt/st/stm32cubeide_1.15.0/plugins/com.st.stm32cube.common.mx_6.11.0.202403141607//db//plugins/mcufinder/images/
2024-04-04 07:38:51,552 [WARN] DbFile:41 - Overriding database path with different value: /home/anushree/.stmcufinder/plugins/mcufinder/ => /home/anushree/.stmcufinder/plugins/mcufinder
2024-04-04 07:38:51,552 [INFO] ApiDb:250 - Set database path to: /home/anushree/.stmcufinder/plugins/mcufinder//mcu/
2024-04-04 07:38:51,552 [WARN] DbFile:41 - Overriding database path with different value: /home/anushree/.stmcufinder/plugins/mcufinder/ => /home/anushree/.stmcufinder/plugins/mcufinder
2024-04-04 07:38:51,553 [INFO] DbMcusAds:125 - Set database path to: /home/anushree/.stmcufinder/plugins/mcufinder//mcu/
2024-04-04 07:38:51,553 [WARN] DbFile:41 - Overriding database path with different value: /home/anushree/.stmcufinder/plugins/mcufinder/ => /home/anushree/.stmcufinder/plugins/mcufinder
2024-04-04 07:38:51,553 [WARN] DbFile:41 - Overriding database path with different value: /home/anushree/.stmcufinder/plugins/mcufinder/ => /home/anushree/.stmcufinder/plugins/mcufinder
2024-04-04 07:38:51,553 [INFO] CrossReferenceDbSqlite:203 - Set database path to: /home/anushree/.stmcufinder/plugins/mcufinder//mcu/cs/
2024-04-04 07:38:51,568 [INFO] ApplicationProperties:184 - Using Application install path: /opt/st/stm32cubeide_1.15.0/plugins/com.st.stm32cube.common.mx_6.11.0.202403141607
2024-04-04 07:38:51,570 [INFO] PluginManage:196 - Search for loadable plugins [exclusion list=, ]
2024-04-04 07:38:51,571 [INFO] PluginManage:310 - Check plugin analytics
2024-04-04 07:38:51,727 [INFO] AnalyticsPlugin:253 - Accepted Software Licenses: 
2024-04-04 07:38:51,740 [INFO] AnalyticsPlugin:255 - Accepted CMSIS Pack Licenses: 
2024-04-04 07:38:51,740 [INFO] AnalyticsPlugin:257 - Accepted Firmware Licenses: 
2024-04-04 07:38:51,743 [INFO] PluginManage:359 - Loaded plugin analytics (category:tool,tabindex:-1)
2024-04-04 07:38:51,743 [INFO] PluginManage:310 - Check plugin cadmodel
2024-04-04 07:38:51,767 [INFO] CADModel:105 - Init CAD model plugin
2024-04-04 07:38:51,767 [INFO] PluginManage:359 - Loaded plugin cadmodel (category:power,tabindex:5)
2024-04-04 07:38:51,767 [INFO] PluginManage:310 - Check plugin clock
2024-04-04 07:38:51,775 [INFO] PluginManage:359 - Loaded plugin clock (category:base,tabindex:2)
2024-04-04 07:38:51,775 [INFO] PluginManage:310 - Check plugin ddr
2024-04-04 07:38:51,777 [INFO] PluginManage:359 - Loaded plugin ddr (category:tool,tabindex:6)
2024-04-04 07:38:51,777 [INFO] PluginManage:310 - Check plugin filemanager
2024-04-04 07:38:51,904 [INFO] PluginManage:359 - Loaded plugin filemanager (category:base,tabindex:10)
2024-04-04 07:38:51,904 [INFO] PluginManage:310 - Check plugin ipmanager
2024-04-04 07:38:51,909 [INFO] PluginManage:359 - Loaded plugin ipmanager (category:base,tabindex:5)
2024-04-04 07:38:51,910 [INFO] PluginManage:310 - Check plugin lpbam
2024-04-04 07:38:51,918 [INFO] PluginManage:359 - Loaded plugin lpbam (category:base,tabindex:0)
2024-04-04 07:38:51,918 [INFO] PluginManage:310 - Check plugin memorymap
2024-04-04 07:38:51,927 [INFO] PluginManage:359 - Loaded plugin memorymap (category:base,tabindex:4)
2024-04-04 07:38:51,927 [INFO] PluginManage:310 - Check plugin pinoutandconfiguration
2024-04-04 07:38:51,934 [INFO] PluginManage:359 - Loaded plugin pinoutandconfiguration (category:base,tabindex:1)
2024-04-04 07:38:51,934 [INFO] PluginManage:310 - Check plugin pinoutconfig
2024-04-04 07:38:52,011 [WARN] SupportedApi:132 - Cannot load RTOS API schema: s4s-elt-must-match.1: The content of 'definitions' must match (annotation?, (simpleType | complexType)?, (unique | key | keyref)*)). A problem was found starting at: attribute.
2024-04-04 07:38:52,135 [INFO] PluginManage:359 - Loaded plugin pinoutconfig (category:base,tabindex:0)
2024-04-04 07:38:52,135 [INFO] PluginManage:310 - Check plugin power
2024-04-04 07:38:52,144 [INFO] PluginManage:359 - Loaded plugin power (category:power,tabindex:4)
2024-04-04 07:38:52,144 [INFO] PluginManage:310 - Check plugin projectmanager
2024-04-04 07:38:52,160 [INFO] PluginManage:359 - Loaded plugin projectmanager (category:projectmanager,tabindex:3)
2024-04-04 07:38:52,160 [INFO] PluginManage:310 - Check plugin thirdparty
2024-04-04 07:38:52,293 [WARN] IntegrityCheckThread:84 - waiting for thirdparty lock release [integrity check]
2024-04-04 07:38:52,293 [INFO] PluginManage:359 - Loaded plugin thirdparty (category:base,tabindex:-1)
2024-04-04 07:38:52,294 [INFO] PluginManage:310 - Check plugin tools
2024-04-04 07:38:52,293 [INFO] IntegrityCheckThread:86 - entering critical section [integrity check]
2024-04-04 07:38:52,295 [INFO] ThirdPartyUpdaterWithRetryManager:70 - Updater plugin not ready yet. [1/15]
2024-04-04 07:38:52,297 [INFO] PluginManage:359 - Loaded plugin tools (category:base,tabindex:7)
2024-04-04 07:38:52,297 [INFO] PluginManage:310 - Check plugin tutovideos
2024-04-04 07:38:52,429 [INFO] PluginManage:359 - Loaded plugin tutovideos (category:base,tabindex:-1)
2024-04-04 07:38:52,430 [INFO] PluginManage:310 - Check plugin updater
2024-04-04 07:38:52,439 [INFO] PluginManage:359 - Loaded plugin updater (category:base,tabindex:12)
2024-04-04 07:38:52,439 [INFO] PluginManage:310 - Check plugin userauth
2024-04-04 07:38:52,444 [INFO] UserAuth:114 - Init User Auth plugin
2024-04-04 07:38:52,444 [INFO] PluginManage:359 - Loaded plugin userauth (category:base,tabindex:14)
2024-04-04 07:38:52,444 [INFO] PluginManage:283 - PluginManage : Loaded plugins [17]
2024-04-04 07:38:52,629 [INFO] PinOutPanel:1561 - setPackage(No Configuration,No Configuration)
2024-04-04 07:38:52,688 [INFO] CADModel:165 - CPN selected for project level
2024-04-04 07:38:52,689 [INFO] CADModel:114 - Register for checkConnection events
2024-04-04 07:38:52,700 [INFO] IPUIPlugin:80 - create IPUIPlugin
2024-04-04 07:38:52,700 [INFO] PluginManager:220 - loadIPPluginJar : add gic
2024-04-04 07:38:52,709 [INFO] IPUIPlugin:80 - create IPUIPlugin
2024-04-04 07:38:52,709 [INFO] PluginManager:220 - loadIPPluginJar : add fmc
2024-04-04 07:38:52,715 [INFO] IPUIPlugin:80 - create IPUIPlugin
2024-04-04 07:38:52,715 [INFO] PluginManager:220 - loadIPPluginJar : add stm32_wpan
2024-04-04 07:38:52,721 [INFO] IPUIPlugin:80 - create IPUIPlugin
2024-04-04 07:38:52,721 [INFO] PluginManager:220 - loadIPPluginJar : add mdma
2024-04-04 07:38:52,724 [INFO] IPUIPlugin:80 - create IPUIPlugin
2024-04-04 07:38:52,724 [INFO] PluginManager:220 - loadIPPluginJar : add usbx
2024-04-04 07:38:52,726 [INFO] IPUIPlugin:80 - create IPUIPlugin
2024-04-04 07:38:52,726 [INFO] PluginManager:220 - loadIPPluginJar : add usart
2024-04-04 07:38:52,728 [INFO] IPUIPlugin:80 - create IPUIPlugin
2024-04-04 07:38:52,729 [INFO] PluginManager:220 - loadIPPluginJar : add gtzc
2024-04-04 07:38:52,732 [INFO] IPUIPlugin:80 - create IPUIPlugin
2024-04-04 07:38:52,732 [INFO] PluginManager:220 - loadIPPluginJar : add nvic
2024-04-04 07:38:52,733 [INFO] IPUIPlugin:80 - create IPUIPlugin
2024-04-04 07:38:52,733 [INFO] PluginManager:220 - loadIPPluginJar : add ltdc
2024-04-04 07:38:52,736 [INFO] IPUIPlugin:80 - create IPUIPlugin
2024-04-04 07:38:52,736 [INFO] PluginManager:220 - loadIPPluginJar : add can
2024-04-04 07:38:52,741 [INFO] IPUIPlugin:80 - create IPUIPlugin
2024-04-04 07:38:52,742 [INFO] PluginManager:220 - loadIPPluginJar : add i3c
2024-04-04 07:38:52,743 [INFO] IPUIPlugin:80 - create IPUIPlugin
2024-04-04 07:38:52,743 [INFO] PluginManager:220 - loadIPPluginJar : add genericplugin
2024-04-04 07:38:52,748 [INFO] IPUIPlugin:80 - create IPUIPlugin
2024-04-04 07:38:52,749 [INFO] PluginManager:220 - loadIPPluginJar : add adc
2024-04-04 07:38:52,750 [INFO] IPUIPlugin:80 - create IPUIPlugin
2024-04-04 07:38:52,750 [INFO] PluginManager:220 - loadIPPluginJar : add tim
2024-04-04 07:38:52,752 [INFO] IPUIPlugin:80 - create IPUIPlugin
2024-04-04 07:38:52,753 [INFO] PluginManager:220 - loadIPPluginJar : add pdm2pcm
2024-04-04 07:38:52,755 [INFO] IPUIPlugin:80 - create IPUIPlugin
2024-04-04 07:38:52,756 [INFO] PluginManager:220 - loadIPPluginJar : add ipddr
2024-04-04 07:38:52,758 [INFO] IPUIPlugin:80 - create IPUIPlugin
2024-04-04 07:38:52,758 [INFO] PluginManager:220 - loadIPPluginJar : add opamp
2024-04-04 07:38:52,761 [INFO] IPUIPlugin:80 - create IPUIPlugin
2024-04-04 07:38:52,761 [INFO] PluginManager:220 - loadIPPluginJar : add touchsensing
2024-04-04 07:38:52,762 [INFO] IPUIPlugin:80 - create IPUIPlugin
2024-04-04 07:38:52,762 [INFO] PluginManager:220 - loadIPPluginJar : add tsc
2024-04-04 07:38:52,765 [INFO] IPUIPlugin:80 - create IPUIPlugin
2024-04-04 07:38:52,765 [INFO] PluginManager:220 - loadIPPluginJar : add sai
2024-04-04 07:38:52,768 [INFO] IPUIPlugin:80 - create IPUIPlugin
2024-04-04 07:38:52,768 [INFO] PluginManager:220 - loadIPPluginJar : add openamp
2024-04-04 07:38:52,769 [INFO] IPUIPlugin:80 - create IPUIPlugin
2024-04-04 07:38:52,770 [INFO] PluginManager:220 - loadIPPluginJar : add ucpd
2024-04-04 07:38:52,772 [INFO] IPUIPlugin:80 - create IPUIPlugin
2024-04-04 07:38:52,772 [INFO] PluginManager:220 - loadIPPluginJar : add aes
2024-04-04 07:38:52,777 [INFO] IPUIPlugin:80 - create IPUIPlugin
2024-04-04 07:38:52,780 [INFO] PluginManager:220 - loadIPPluginJar : add plateformsettings
2024-04-04 07:38:52,781 [INFO] IPUIPlugin:80 - create IPUIPlugin
2024-04-04 07:38:52,781 [INFO] PluginManager:220 - loadIPPluginJar : add comp
2024-04-04 07:38:52,784 [INFO] IPUIPlugin:80 - create IPUIPlugin
2024-04-04 07:38:52,784 [INFO] PluginManager:220 - loadIPPluginJar : add lorawan
2024-04-04 07:38:52,785 [INFO] IPUIPlugin:80 - create IPUIPlugin
2024-04-04 07:38:52,786 [INFO] PluginManager:220 - loadIPPluginJar : add ts
2024-04-04 07:38:52,787 [INFO] IPUIPlugin:80 - create IPUIPlugin
2024-04-04 07:38:52,787 [INFO] PluginManager:220 - loadIPPluginJar : add i2s
2024-04-04 07:38:52,789 [INFO] IPUIPlugin:80 - create IPUIPlugin
2024-04-04 07:38:52,789 [INFO] PluginManager:220 - loadIPPluginJar : add dfsdm
2024-04-04 07:38:52,793 [INFO] IPUIPlugin:80 - create IPUIPlugin
2024-04-04 07:38:52,793 [INFO] PluginManager:220 - loadIPPluginJar : add gpio
2024-04-04 07:38:52,795 [INFO] IPUIPlugin:80 - create IPUIPlugin
2024-04-04 07:38:52,795 [INFO] PluginManager:220 - loadIPPluginJar : add dma3
2024-04-04 07:38:52,798 [INFO] IPUIPlugin:80 - create IPUIPlugin
2024-04-04 07:38:52,798 [INFO] PluginManager:220 - loadIPPluginJar : add resmgrutility
2024-04-04 07:38:52,800 [INFO] IPUIPlugin:80 - create IPUIPlugin
2024-04-04 07:38:52,800 [INFO] PluginManager:220 - loadIPPluginJar : add spi
2024-04-04 07:38:52,802 [INFO] IPUIPlugin:80 - create IPUIPlugin
2024-04-04 07:38:52,802 [INFO] PluginManager:220 - loadIPPluginJar : add cryp
2024-04-04 07:38:52,804 [INFO] IPUIPlugin:80 - create IPUIPlugin
2024-04-04 07:38:52,804 [INFO] PluginManager:220 - loadIPPluginJar : add extmemmanager
2024-04-04 07:38:52,809 [INFO] IPUIPlugin:80 - create IPUIPlugin
2024-04-04 07:38:52,810 [INFO] PluginManager:220 - loadIPPluginJar : add dma
2024-04-04 07:38:52,812 [INFO] IPUIPlugin:80 - create IPUIPlugin
2024-04-04 07:38:52,812 [INFO] PluginManager:220 - loadIPPluginJar : add i2c
2024-04-04 07:38:52,813 [INFO] IPUIPlugin:80 - create IPUIPlugin
2024-04-04 07:38:52,813 [INFO] PluginManager:220 - loadIPPluginJar : add fatfs
2024-04-04 07:38:52,815 [INFO] IPUIPlugin:80 - create IPUIPlugin
2024-04-04 07:38:52,815 [INFO] PluginManager:220 - loadIPPluginJar : add gfxmmu
2024-04-04 07:38:52,816 [INFO] IPUIPlugin:80 - create IPUIPlugin
2024-04-04 07:38:52,817 [INFO] PluginManager:220 - loadIPPluginJar : add quadspi
2024-04-04 07:38:52,818 [INFO] IPUIPlugin:80 - create IPUIPlugin
2024-04-04 07:38:52,819 [INFO] PluginManager:220 - loadIPPluginJar : add hash
2024-04-04 07:38:52,820 [INFO] IPUIPlugin:80 - create IPUIPlugin
2024-04-04 07:38:52,821 [INFO] PluginManager:220 - loadIPPluginJar : add tracer_emb
2024-04-04 07:38:52,827 [INFO] IPUIPlugin:80 - create IPUIPlugin
2024-04-04 07:38:52,827 [INFO] PluginManager:220 - loadIPPluginJar : add linkedlist
2024-04-04 07:38:52,832 [INFO] IPUIPlugin:80 - create IPUIPlugin
2024-04-04 07:38:52,833 [INFO] PluginManager:220 - loadIPPluginJar : add freertos
2024-04-04 07:38:52,938 [INFO] CADModel:165 - CPN selected for project level
2024-04-04 07:38:52,938 [INFO] CADModel:114 - Register for checkConnection events
2024-04-04 07:38:52,939 [FATAL] Updater:308 - Updater called before beeing initialized
2024-04-04 07:38:52,939 [ERROR] CADModel:125 - Updater not yet initialized, retry later 
2024-04-04 07:38:53,103 [INFO] CADModel:165 - CPN selected for project level
2024-04-04 07:38:53,103 [INFO] CADModel:114 - Register for checkConnection events
2024-04-04 07:38:53,103 [FATAL] Updater:308 - Updater called before beeing initialized
2024-04-04 07:38:53,103 [ERROR] CADModel:125 - Updater not yet initialized, retry later 
2024-04-04 07:38:53,106 [FATAL] Updater:308 - Updater called before beeing initialized
2024-04-04 07:38:53,211 [FATAL] Updater:308 - Updater called before beeing initialized
2024-04-04 07:38:53,215 [INFO] DbMcusAds:53 - JSON generation date=Wed Nov 29 05:52:27 EST 2023 (1701255147349)
2024-04-04 07:38:53,215 [FATAL] Updater:308 - Updater called before beeing initialized
2024-04-04 07:38:53,243 [WARN] DetailPanel:346 - Failed to get advertising image, set to default
2024-04-04 07:38:53,311 [FATAL] Updater:308 - Updater called before beeing initialized
2024-04-04 07:38:53,313 [FATAL] Updater:308 - Updater called before beeing initialized
2024-04-04 07:38:53,313 [FATAL] Updater:308 - Updater called before beeing initialized
2024-04-04 07:38:53,313 [WARN] DetailPanel:346 - Failed to get advertising image, set to default
2024-04-04 07:38:53,314 [FATAL] Updater:308 - Updater called before beeing initialized
2024-04-04 07:38:53,343 [ERROR] Updater:1120 - MainUpdater not yet initialized. External WinMGr cannot be set.
2024-04-04 07:38:53,344 [INFO] Updater:1056 - Updater Version found : 6.11.0
2024-04-04 07:38:53,360 [INFO] ApplicationProperties:184 - Using Application install path: /opt/st/stm32cubeide_1.15.0/plugins/com.st.stm32cube.common.mx_6.11.0.202403141607
2024-04-04 07:38:53,634 [INFO] MainUpdater:2873 - connection check result : 10
2024-04-04 07:38:53,635 [INFO] MainUpdater:290 - Updater Check For Update Now.
2024-04-04 07:38:53,635 [INFO] MicroXplorer:498 - Change Database Version : DB.6.0.110
2024-04-04 07:38:53,640 [INFO] McuFinderGlobals:63 - Set McuFinder mode to 2 (CubeIDE integrated)
2024-04-04 07:38:53,640 [INFO] UserAuth:179 - activating auth plugin
2024-04-04 07:38:53,645 [INFO] UserAuth:415 - Internet connection configuration mode: 1
2024-04-04 07:38:53,656 [INFO] JxBrowserEngine:152 - Initiate JxBrowser Engine with user profile folder
2024-04-04 07:38:53,833 [INFO] CheckServerUpdateThread:120 - End of CheckServer Thread
2024-04-04 07:38:54,272 [INFO] WebApp:161 - Instantiating new browser for Auth
2024-04-04 07:38:54,729 [INFO] WebApp:779 - Register for checkConnection events
2024-04-04 07:38:54,729 [INFO] WebApp:414 - Apply proxy settings
2024-04-04 07:38:54,729 [INFO] WebApp:499 - Chromium requires no authentication
2024-04-04 07:38:54,735 [INFO] WebApp:442 - Direct internet connection detected
2024-04-04 07:38:54,864 [INFO] WebApp:192 - Starting web application
2024-04-04 07:38:54,864 [INFO] WebApp:544 - Web application path used /opt/st/stm32cubeide_1.15.0/plugins/com.st.stm32cube.common.mx_6.11.0.202403141607/db/plugins/mcufinder/reactClient1/index.html
2024-04-04 07:38:55,426 [WARN] PackLoader:240 - Cannot read IP mode file for STMicroelectronics.X-CUBE-SMBUS.2.1.0
2024-04-04 07:38:55,433 [WARN] PackLoader:240 - Cannot read IP mode file for STMicroelectronics.X-CUBE-TOUCHGFX.4.23.1
2024-04-04 07:38:55,436 [WARN] PackLoader:240 - Cannot read IP mode file for STMicroelectronics.X-CUBE-TOUCHGFX.4.23.0
2024-04-04 07:38:55,484 [WARN] PackLoader:240 - Cannot read IP mode file for STMicroelectronics.X-CUBE-AZRTOS-F7.1.1.0
2024-04-04 07:38:55,498 [WARN] PackLoader:240 - Cannot read IP mode file for STMicroelectronics.FP-SNS-MOTENV1.4.3.2
2024-04-04 07:38:55,506 [WARN] PackLoader:240 - Cannot read IP mode file for STMicroelectronics.FP-SNS-FLIGHT1.5.0.2
2024-04-04 07:38:55,517 [WARN] PackLoader:240 - Cannot read IP mode file for STMicroelectronics.X-CUBE-DISPLAY.3.0.0
2024-04-04 07:38:55,534 [WARN] PackLoader:240 - Cannot read IP mode file for STMicroelectronics.X-CUBE-BLE1.7.0.0
2024-04-04 07:38:55,549 [WARN] PackLoader:240 - Cannot read IP mode file for STMicroelectronics.X-CUBE-BLEMGR.3.1.0
2024-04-04 07:38:55,558 [WARN] PackLoader:240 - Cannot read IP mode file for STMicroelectronics.FP-SNS-SMARTAG2.1.2.0
2024-04-04 07:38:55,574 [INFO] LogOutputStream:77 - [STDOUT_REDIRECT] 1 : Invalid condition id : UX_CORESTACK_Condition cause : null
2024-04-04 07:38:55,574 [INFO] LogOutputStream:77 - [STDOUT_REDIRECT] 1 : Invalid condition id : UX_CORESTACK_Condition cause : null
2024-04-04 07:38:55,575 [INFO] LogOutputStream:77 - [STDOUT_REDIRECT] 1 : Invalid condition id : UX_CORESTACK_Condition cause : null
2024-04-04 07:38:55,575 [INFO] LogOutputStream:77 - [STDOUT_REDIRECT] 1 : Invalid condition id : UX_CORESTACK_Condition cause : null
2024-04-04 07:38:55,576 [INFO] LogOutputStream:77 - [STDOUT_REDIRECT] 1 : Invalid condition id : UX_CORESTACK_Condition cause : null
2024-04-04 07:38:55,582 [WARN] PackLoader:240 - Cannot read IP mode file for STMicroelectronics.X-CUBE-AZRTOS-WL.2.0.0
2024-04-04 07:38:55,589 [WARN] PackLoader:240 - Cannot read IP mode file for STMicroelectronics.FP-SNS-MOTENV1.5.0.0
2024-04-04 07:38:55,597 [WARN] PackLoader:240 - Cannot read IP mode file for STMicroelectronics.X-CUBE-BLE2.3.3.0
2024-04-04 07:38:55,606 [WARN] PackLoader:240 - Cannot read IP mode file for STMicroelectronics.X-CUBE-ALGOBUILD.1.3.0
2024-04-04 07:38:55,630 [WARN] PackLoader:240 - Cannot read IP mode file for STMicroelectronics.X-CUBE-AZRTOS-G0.1.1.0
2024-04-04 07:38:55,641 [WARN] PackLoader:240 - Cannot read IP mode file for STMicroelectronics.X-CUBE-SAFEA1.1.2.2
2024-04-04 07:38:55,648 [WARN] PackLoader:240 - Cannot read IP mode file for STMicroelectronics.X-CUBE-NFC4.3.0.0
2024-04-04 07:38:55,652 [WARN] PackLoader:240 - Cannot read IP mode file for STMicroelectronics.FP-ATR-SIGFOX1.3.2.0
2024-04-04 07:38:55,659 [WARN] PackLoader:240 - Cannot read IP mode file for STMicroelectronics.X-CUBE-EEPRMA1.5.1.0
2024-04-04 07:38:55,723 [WARN] PackLoader:240 - Cannot read IP mode file for SEGGER.I-CUBE-embOS.1.3.1
2024-04-04 07:38:55,794 [WARN] PackLoader:240 - Cannot read IP mode file for STMicroelectronics.X-CUBE-GNSS1.6.0.0
2024-04-04 07:38:55,819 [WARN] PackLoader:240 - Cannot read IP mode file for STMicroelectronics.X-CUBE-AZRTOS-F4.1.1.0
2024-04-04 07:38:55,830 [WARN] PackLoader:240 - Cannot read IP mode file for wolfSSL.I-CUBE-wolfSSL.5.6.6
2024-04-04 07:38:55,849 [WARN] PackLoader:240 - Cannot read IP mode file for STMicroelectronics.X-CUBE-AZRTOS-L5.2.0.0
2024-04-04 07:38:55,861 [WARN] PackLoader:240 - Cannot read IP mode file for STMicroelectronics.X-CUBE-NFC6.3.1.0
2024-04-04 07:38:55,870 [WARN] PackLoader:240 - Cannot read IP mode file for STMicroelectronics.X-CUBE-NFC7.1.0.1
2024-04-04 07:38:55,874 [WARN] PackLoader:240 - Cannot read IP mode file for STMicroelectronics.X-CUBE-AI.8.1.0
2024-04-04 07:38:55,895 [WARN] ConditionMgr:438 - getConditionDescription Invalid condition id : LAN8742 Phy interface Condition cause : null
2024-04-04 07:38:55,896 [WARN] PackLoader:240 - Cannot read IP mode file for STMicroelectronics.X-CUBE-AZRTOS-L4.2.0.0
2024-04-04 07:38:55,899 [WARN] ConditionMgr:1039 - genDependencies : Invalid condition id : LAN8742 Phy interface Condition cause : null
2024-04-04 07:38:55,899 [WARN] ConditionMgr:1039 - genDependencies : Invalid condition id : LAN8742 Phy interface Condition cause : null
2024-04-04 07:38:55,900 [WARN] ConditionMgr:1039 - genDependencies : Invalid condition id : LAN8742 Phy interface Condition cause : null
2024-04-04 07:38:55,909 [WARN] PackLoader:240 - Cannot read IP mode file for STMicroelectronics.X-CUBE-SFXS2LP1.4.0.0
2024-04-04 07:38:55,927 [WARN] ConditionMgr:438 - getConditionDescription Invalid condition id : UX DEVICE CLASS RTOS Condition cause : null
2024-04-04 07:38:55,928 [WARN] ConditionMgr:438 - getConditionDescription Invalid condition id : UX DEVICE CLASS RTOS Condition cause : null
2024-04-04 07:38:55,930 [WARN] PackLoader:240 - Cannot read IP mode file for STMicroelectronics.X-CUBE-AZRTOS-WB.2.0.0
2024-04-04 07:38:55,931 [WARN] ConditionMgr:1039 - genDependencies : Invalid condition id : UX DEVICE CLASS RTOS Condition cause : null
2024-04-04 07:38:55,931 [WARN] ConditionMgr:1039 - genDependencies : Invalid condition id : UX DEVICE CLASS RTOS Condition cause : null
2024-04-04 07:38:55,932 [WARN] ConditionMgr:1039 - genDependencies : Invalid condition id : UX DEVICE CLASS RTOS Condition cause : null
2024-04-04 07:38:55,932 [WARN] ConditionMgr:1039 - genDependencies : Invalid condition id : UX DEVICE CLASS RTOS Condition cause : null
2024-04-04 07:38:55,933 [WARN] ConditionMgr:1039 - genDependencies : Invalid condition id : UX DEVICE CLASS RTOS Condition cause : null
2024-04-04 07:38:55,943 [WARN] PackLoader:240 - Cannot read IP mode file for STMicroelectronics.X-CUBE-SUBG2.5.0.0
2024-04-04 07:38:55,976 [WARN] PackLoader:240 - Cannot read IP mode file for STMicroelectronics.X-CUBE-AZRTOS-G4.2.0.0
2024-04-04 07:38:56,001 [WARN] PackLoader:240 - Cannot read IP mode file for Infineon.AIROC-Wi-Fi-Bluetooth-STM32.1.5.1
2024-04-04 07:38:56,009 [WARN] PackLoader:240 - Cannot read IP mode file for STMicroelectronics.FP-SNS-MOTENVWB1.1.3.1
2024-04-04 07:38:56,015 [WARN] PackLoader:240 - Cannot read IP mode file for STMicroelectronics.X-CUBE-ISPU.2.0.0
2024-04-04 07:38:56,077 [WARN] PackLoader:240 - Cannot read IP mode file for STMicroelectronics.X-CUBE-MEMS1.10.0.0
2024-04-04 07:38:56,341 [WARN] PackLoader:240 - Cannot read IP mode file for STMicroelectronics.X-CUBE-FREERTOS.1.1.0
2024-04-04 07:38:56,345 [WARN] PackLoader:240 - Cannot read IP mode file for STMicroelectronics.X-CUBE-ALS.1.0.1
2024-04-04 07:38:56,361 [WARN] PackLoader:240 - Cannot read IP mode file for STMicroelectronics.FP-ATR-ASTRA1.2.0.0
2024-04-04 07:38:56,373 [WARN] PackLoader:240 - Cannot read IP mode file for STMicroelectronics.X-CUBE-TOF1.3.4.1
2024-04-04 07:38:56,412 [WARN] PackLoader:240 - Cannot read IP mode file for STMicroelectronics.X-CUBE-AZRTOS-H7.3.2.0
2024-04-04 07:38:56,417 [INFO] ThirdParty:978 - Integrity check success = true
2024-04-04 07:38:56,423 [INFO] IntegrityCheckThread:100 - exiting critical section [integrity check]
2024-04-04 07:38:56,424 [INFO] IntegrityCheckThread:103 - End integrity checks thread
2024-04-04 07:40:25,923 [INFO] McuFinderGlobals:63 - Set McuFinder mode to 2 (CubeIDE integrated)
2024-04-04 07:40:25,925 [INFO] MainUpdater:2873 - connection check result : 10
2024-04-04 07:40:26,264 [INFO] ApiDb:581 - Connected to CubeFinder SQLite database (/home/anushree/.stmcufinder/plugins/mcufinder/mcu/cube-finder-db.db)
2024-04-04 07:40:26,322 [INFO] ApiDb:668 - CubeFinder database Data Model version=2.1
2024-04-04 07:40:26,322 [INFO] ApiDb:669 - CubeFinder database Configuration version=3.0.39
2024-04-04 07:40:26,323 [INFO] ApiDb:670 - CubeFinder database generation date=2024-03-25 (1711369621)
2024-04-04 07:40:26,323 [INFO] ApiDb:671 - CubeFinder database FW Pack versions=[FP-ATR-ASTRA1_V2.0.0, FP-SNS-FLIGHT1_V5.0.1, FP-SNS-FLIGHT1_V5.0.2, FP-SNS-MOTENV1_V4.3.1, FP-SNS-MOTENV1_V4.3.2, FP-SNS-MOTENVWB1_V1.3.1, FP-SNS-SMARTAG2_V1.2.0, STM32Cube_FW_C0_V1.1.0, STM32Cube_FW_F4_V1.28.0, STM32Cube_FW_F7_V1.17.0, STM32Cube_FW_G0_V1.6.2, STM32Cube_FW_G4_V1.5.2, STM32Cube_FW_H5_V0.5.1, STM32Cube_FW_H5_V1.1.1, STM32Cube_FW_H5_V1.2.0, STM32Cube_FW_H5_V1.2.0RC4, STM32Cube_FW_H7RS_V1.0.0, STM32Cube_FW_H7RS_V1.0.0RC4, STM32Cube_FW_H7_V1.11.0, STM32Cube_FW_L0_V1.12.2, STM32Cube_FW_L5_V1.5.1, STM32Cube_FW_U0_V1.0.0, STM32Cube_FW_U0_V1.0.0RC1, STM32Cube_FW_U5_V1.3.0RC4, STM32Cube_FW_U5_V1.5.0, STM32Cube_FW_U5_V1.5.0RC1, STM32Cube_FW_WBA_V1.0.0RC1, STM32Cube_FW_WBA_V1.2.0, STM32Cube_FW_WBA_V1.2.0RC2, STM32Cube_FW_WBA_V1.3.0, STM32Cube_FW_WBA_V1.3.0RC1, STM32Cube_FW_WB_V1.15.0RC1, STM32Cube_FW_WB_V1.16.0, STM32Cube_FW_WB_V1.16.0RC2, STM32Cube_FW_WB_V1.18.0, STM32Cube_FW_WB_V1.19.0, STM32Cube_FW_WL_V1.3.0, X-CUBE-ALGOBUILD_V1.3.0, X-CUBE-ALS_V1.0.1, X-CUBE-AZRTOS-F4_V1.1.0, X-CUBE-AZRTOS-F7_V1.1.0, X-CUBE-AZRTOS-G0_V1.1.0, X-CUBE-AZRTOS-G4_V2.0.0, X-CUBE-AZRTOS-H7_V3.2.0, X-CUBE-AZRTOS-L4_V1.0.0, X-CUBE-AZRTOS-L4_V2.0.0, X-CUBE-AZRTOS-L5_V1.1.0, X-CUBE-AZRTOS-WB_V2.0.0, X-CUBE-AZRTOS-WL_V2.0.0, X-CUBE-BLE1_V7.0.0, X-CUBE-BLE2_V3.3.0, X-CUBE-BLEMGR_V3.1.0, X-CUBE-EEPRMA1_V4.1.0, X-CUBE-EEPRMA1_V5.1.0, X-CUBE-FREERTOS_V1.1.0, X-CUBE-GNSS1_V6.0.0, X-CUBE-MEMS1_V10.0.0, X-CUBE-MEMS1_V9.1.0, X-CUBE-MEMS1_V9.4.0, X-CUBE-MEMS1_V9.6.0, X-CUBE-NFC4_V3.0.0, X-CUBE-NFC7_V1.0.1, X-CUBE-SFXS2LP1_V4.0.0, X-CUBE-SUBG2_V5.0.0, X-CUBE-TOF1_V3.4.0]
2024-04-04 07:40:26,421 [INFO] DbBoardsSqlite:226 - include board P-NUCLEO-WB55-NUCLEO as a kit item of type 'Nucleo-64'
2024-04-04 07:40:26,422 [INFO] DbBoardsSqlite:226 - include board P-NUCLEO-WB55-USBDONGLE as a kit item of type 'Nucleo USB Dongle'
2024-04-04 07:40:26,423 [INFO] DbBoardsSqlite:226 - include board STEVAL-IDP005V1 as a kit item of type 'Evaluation Board'
2024-04-04 07:40:26,423 [INFO] DbBoardsSqlite:226 - include board STEVAL-IDP005V2 as a kit item of type 'Evaluation Board'
2024-04-04 07:40:26,461 [INFO] ApiDb:240 - Found 483 in-development CPN: [B-G473E-ZEST1S, B-WB1M-WPAN1, B-WL5M-SUBG1, NUCLEO-C031C6, NUCLEO-H503RB, NUCLEO-H533RE, NUCLEO-H563ZI, NUCLEO-H7S3L8, NUCLEO-U031R8, NUCLEO-U083RC, NUCLEO-U545RE-Q, NUCLEO-U5A5ZJ-Q, NUCLEO-WBA52CG, NUCLEO-WBA55CG, STEVAL-PROTEUS1, STEVAL-SMARTAG2, STEVAL-STWINBX1, STM320518-EVAL, STM32C0116-DK, STM32C011D6Y3TR, STM32C011D6Y6TR, STM32C011F4P3, STM32C011F4P6, STM32C011F4U3, STM32C011F4U6TR, STM32C011F6P3, STM32C011F6P6, STM32C011F6U3, STM32C011F6U6TR, STM32C011J4M3, STM32C011J4M6, STM32C011J6M3, STM32C011J6M6, STM32C0316-DK, STM32C031C4T3, STM32C031C4T6, STM32C031C4U3, STM32C031C4U6, STM32C031C6T3, STM32C031C6T6, STM32C031C6U3, STM32C031C6U6, STM32C031F4P3, STM32C031F4P6, STM32C031F6P3, STM32C031F6P6, STM32C031G4U3, STM32C031G4U6, STM32C031G6U3, STM32C031G6U6, STM32C031K4T3, STM32C031K4T6, STM32C031K4U3, STM32C031K4U6, STM32C031K6T3, STM32C031K6T6, STM32C031K6U3, STM32C031K6U6, STM32G071K8TXN, STM32G071K8UXN, STM32G081GBU6N, STM32G081KBT6N, STM32G081KBUXN, STM32G0B1CCT6N, STM32G0B1KCT6, STM32G0B1NEY6TR, STM32G0B1RCT6N, STM32G0C1CCT6, STM32G0C1CCT6N, STM32G0C1CCU6N, STM32G0C1CET6N, STM32G0C1CEU6N, STM32G0C1KCT6, STM32G0C1NEY6TR, STM32G0C1RCI6N, STM32G0C1RCT6N, STM32G0C1REI6N, STM32G0C1RET6N, STM32G0C1VCI6, STM32G0C1VEI6, STM32G471CCT6, STM32G471CCU6, STM32G471CET3, STM32G471CET6, STM32G471CEU3, STM32G471CEU6, STM32G471MCT6, STM32G471MET3, STM32G471MET6, STM32G471MEY6TR, STM32G471QCT6, STM32G471QET3, STM32G471RCT6, STM32G471RET3, STM32G471RET6, STM32G471VCH6, STM32G471VCI6, STM32G471VCT6, STM32G471VEH3, STM32G471VEH6, STM32G471VEI3, STM32G471VEI6, STM32G471VET3, STM32G471VET6, STM32G474CCT6, STM32H503CBT6, STM32H503CBU6, STM32H503EBY6TR, STM32H503KBU6, STM32H503RBT6, STM32H523CCT6, STM32H523CCU6, STM32H523CET6, STM32H523CEU6, STM32H523HEY6TR, STM32H523RCT6, STM32H523RET6, STM32H523VCI6, STM32H523VCT6, STM32H523VEI6, STM32H523VET6, STM32H523ZCJ6, STM32H523ZCT6, STM32H523ZEJ6, STM32H523ZET6, STM32H533CET6, STM32H533CEU6, STM32H533HEY6TR, STM32H533RET6, STM32H533VEI6, STM32H533VET6, STM32H533ZEJ6, STM32H533ZET6, STM32H562AGI6, STM32H562AII6, STM32H562IGK6, STM32H562IGT6, STM32H562IIK6, STM32H562IIT6, STM32H562RGT6, STM32H562RGV6, STM32H562RIT6, STM32H562RIV6, STM32H562VGT6, STM32H562VIT6, STM32H562ZGT6, STM32H562ZIT6, STM32H563AGI6, STM32H563AII3Q, STM32H563AII6, STM32H563IGK6, STM32H563IGT6, STM32H563IIK3Q, STM32H563IIK6, STM32H563IIT3Q, STM32H563IIT6, STM32H563MIY3QTR, STM32H563RGT6, STM32H563RGV6, STM32H563RIT6, STM32H563RIV6, STM32H563VGT6, STM32H563VIT3Q, STM32H563VIT6, STM32H563ZGT6, STM32H563ZIT3Q, STM32H563ZIT6, STM32H573AII3Q, STM32H573AII6, STM32H573I-DK, STM32H573IIK3Q, STM32H573IIK6, STM32H573IIT3Q, STM32H573IIT6, STM32H573MIY3QTR, STM32H573RIT6, STM32H573RIV6, STM32H573VIT3Q, STM32H573VIT6, STM32H573ZIT3Q, STM32H573ZIT6, STM32H7R3A8I6, STM32H7R3I8K6, STM32H7R3I8T6, STM32H7R3L8H6, STM32H7R3L8H6H, STM32H7R3R8V6, STM32H7R3V8H6, STM32H7R3V8T6, STM32H7R3V8Y6, STM32H7R3Z8J6, STM32H7R3Z8T6, STM32H7R7A8I6, STM32H7R7I8K6, STM32H7R7I8T6, STM32H7R7L8H6, STM32H7R7L8H6H, STM32H7R7Z8J6, STM32H7S3A8I6, STM32H7S3I8K6, STM32H7S3I8T6, STM32H7S3L8H6, STM32H7S3L8H6H, STM32H7S3R8V6, STM32H7S3V8H6, STM32H7S3V8T6, STM32H7S3V8Y6, STM32H7S3Z8J6, STM32H7S3Z8T6, STM32H7S78-DK, STM32H7S7A8I6, STM32H7S7I8K6, STM32H7S7I8T6, STM32H7S7L8H6, STM32H7S7L8H6H, STM32H7S7Z8J6, STM32L4R5QGI6STR, STM32MP131AAE3, STM32MP131AAF3, STM32MP131AAG3, STM32MP131CAE3, STM32MP131CAF3, STM32MP131CAG3, STM32MP131DAE7, STM32MP131DAF7, STM32MP131DAG7, STM32MP131FAE7, STM32MP131FAF7, STM32MP131FAG7, STM32MP133AAE3, STM32MP133AAF3, STM32MP133AAG3, STM32MP133CAE3, STM32MP133CAF3, STM32MP133CAG3, STM32MP133DAE7, STM32MP133DAF7, STM32MP133DAG7, STM32MP133FAE7, STM32MP133FAF7, STM32MP133FAG7, STM32MP135AAE3, STM32MP135AAF3, STM32MP135AAG3, STM32MP135CAE3, STM32MP135CAF3, STM32MP135CAG3, STM32MP135DAE7, STM32MP135DAF7, STM32MP135DAG7, STM32MP135F-DK, STM32MP135FAE7, STM32MP135FAF7, STM32MP135FAF7T, STM32MP135FAF7U, STM32MP135FAG7, STM32U031C6T6, STM32U031C6U6, STM32U031C8T6, STM32U031C8U6, STM32U031F4P6, STM32U031F6P6, STM32U031F8P6, STM32U031G6Y6TR, STM32U031G8Y6TR, STM32U031K4U6, STM32U031K6U6, STM32U031K8U6, STM32U031R6I6, STM32U031R6T6, STM32U031R8I6, STM32U031R8T6, STM32U073C8T6, STM32U073C8U6, STM32U073CBT6, STM32U073CBU6, STM32U073CCT6, STM32U073CCU6, STM32U073H8Y6TR, STM32U073HBY6TR, STM32U073HCY6TR, STM32U073K8U6, STM32U073KBU6, STM32U073KCU6, STM32U073M8I6, STM32U073M8T6, STM32U073MBI6, STM32U073MBT6, STM32U073MCI6, STM32U073MCT6, STM32U073R8I6, STM32U073R8T6, STM32U073RBI6, STM32U073RBT6, STM32U073RCI6, STM32U073RCT6, STM32U083C-DK, STM32U083CCT6, STM32U083CCU6, STM32U083HCY6TR, STM32U083KCU6, STM32U083MCI6, STM32U083MCT6, STM32U083RCI6, STM32U083RCT6, STM32U535CBT6, STM32U535CBT6Q, STM32U535CBU6, STM32U535CBU6Q, STM32U535CCT6, STM32U535CCT6Q, STM32U535CCU6, STM32U535CCU6Q, STM32U535CET6, STM32U535CET6Q, STM32U535CEU6, STM32U535CEU6Q, STM32U535JEY6QTR, STM32U535NCY6QTR, STM32U535NEY6QTR, STM32U535RBI6, STM32U535RBI6Q, STM32U535RBT6, STM32U535RBT6Q, STM32U535RCI6, STM32U535RCI6Q, STM32U535RCT6, STM32U535RCT6Q, STM32U535REI6, STM32U535REI6Q, STM32U535RET6, STM32U535RET6Q, STM32U535VCI6, STM32U535VCI6Q, STM32U535VCT6, STM32U535VCT6Q, STM32U535VEI6, STM32U535VEI6Q, STM32U535VET6, STM32U535VET6Q, STM32U545CET6, STM32U545CET6Q, STM32U545CEU6, STM32U545CEU6Q, STM32U545JEY6QTR, STM32U545NEY6QTR, STM32U545REI6, STM32U545REI6Q, STM32U545RET6, STM32U545RET6Q, STM32U545VEI6, STM32U545VEI6Q, STM32U545VET6, STM32U545VET6Q, STM32U595AIH6, STM32U595AIH6Q, STM32U595AJH6, STM32U595AJH6Q, STM32U595QII6, STM32U595QII6Q, STM32U595QJI6, STM32U595QJI6Q, STM32U595RIT6, STM32U595RIT6Q, STM32U595RJT6, STM32U595RJT6Q, STM32U595VIT6, STM32U595VIT6Q, STM32U595VJT6, STM32U595VJT6Q, STM32U595ZIT6, STM32U595ZIT6Q, STM32U595ZIY6QTR, STM32U595ZJT6, STM32U595ZJT6Q, STM32U595ZJY6QTR, STM32U599BJY6QTR, STM32U599NIH6Q, STM32U599NJH6Q, STM32U599VIT6Q, STM32U599VJT6, STM32U599VJT6Q, STM32U599ZIT6Q, STM32U599ZIY6QTR, STM32U599ZJT6Q, STM32U599ZJY6QTR, STM32U5A5AJH6, STM32U5A5AJH6Q, STM32U5A5QII3Q , STM32U5A5QJI6, STM32U5A5QJI6Q, STM32U5A5RJT6, STM32U5A5RJT6Q, STM32U5A5VJT6, STM32U5A5VJT6Q, STM32U5A5ZJT6, STM32U5A5ZJT6Q, STM32U5A5ZJY6QTR, STM32U5A9BJY6QTR, STM32U5A9J-DK, STM32U5A9NJH6Q, STM32U5A9VJT6Q, STM32U5A9ZJT6Q, STM32U5A9ZJY6QTR, STM32U5F7VIT6, STM32U5F7VIT6Q, STM32U5F7VJT6, STM32U5F7VJT6Q, STM32U5F9BJY6QTR, STM32U5F9NJH6Q, STM32U5F9VIT6Q, STM32U5F9VJT6Q, STM32U5F9ZIJ6QTR, STM32U5F9ZIT6Q, STM32U5F9ZJJ6QTR, STM32U5F9ZJT6Q, STM32U5G7VJT6, STM32U5G7VJT6Q, STM32U5G9BJY6QTR, STM32U5G9J-DK1, STM32U5G9J-DK2, STM32U5G9NJH6Q, STM32U5G9VJT6Q, STM32U5G9ZJJ6QTR, STM32U5G9ZJT6Q, STM32WB1MMCH6, STM32WBA50KEU6, STM32WBA50KEU6TR, STM32WBA50KGU6, STM32WBA50KGU6TR, STM32WBA52CEU6, STM32WBA52CEU6TR, STM32WBA52CEU7, STM32WBA52CEU7TR, STM32WBA52CGU6, STM32WBA52CGU6TR, STM32WBA52CGU6U, STM32WBA52CGU7, STM32WBA52CGU7TR, STM32WBA52KEU6, STM32WBA52KEU6TR, STM32WBA52KGU6, STM32WBA52KGU6TR, STM32WBA54CEU6, STM32WBA54CEU6TR, STM32WBA54CEU7, STM32WBA54CEU7TR, STM32WBA54CGU6, STM32WBA54CGU6TR, STM32WBA54CGU7, STM32WBA54CGU7TR, STM32WBA54KEU6, STM32WBA54KEU6TR, STM32WBA54KEU7, STM32WBA54KEU7TR, STM32WBA54KGU6, STM32WBA54KGU6TR, STM32WBA54KGU7, STM32WBA54KGU7TR, STM32WBA55CEU6, STM32WBA55CEU6TR, STM32WBA55CEU7, STM32WBA55CEU7TR, STM32WBA55CGU6, STM32WBA55CGU6TR, STM32WBA55CGU6U, STM32WBA55CGU7, STM32WBA55CGU7TR, STM32WBA55G-DK1, STM32WBA55HEF6, STM32WBA55HEF7, STM32WBA55HGF6, STM32WBA55HGF7, STM32WBA55UEI6, STM32WBA55UEI6TR, STM32WBA55UEI7, STM32WBA55UEI7TR, STM32WBA55UGI6, STM32WBA55UGI6TR, STM32WBA55UGI7, STM32WBA55UGI7TR, STM32WL5MOCH6, STM32WL5MOCH6TR]
2024-04-04 07:40:26,555 [INFO] BoardInfo:889 - No configuration file found for board P-NUCLEO-WB55
2024-04-04 07:40:26,556 [INFO] DbBoards:161 - Kit is not supported: P-NUCLEO-WB55
2024-04-04 07:40:26,559 [INFO] BoardInfo:889 - No configuration file found for board STEVAL-BFA001V1B
2024-04-04 07:40:26,559 [INFO] DbBoards:161 - Kit is not supported: STEVAL-BFA001V1B
2024-04-04 07:40:26,560 [INFO] BoardInfo:889 - No configuration file found for board STEVAL-BFA001V2B
2024-04-04 07:40:26,560 [INFO] DbBoards:161 - Kit is not supported: STEVAL-BFA001V2B
2024-04-04 07:40:26,682 [INFO] DbBoards:168 - Found 199 boards, 196 are supported
2024-04-04 07:40:26,682 [INFO] DbBoards:169 - Found 199 boards, 8 of them is supported for  Bsp
2024-04-04 07:40:26,686 [INFO] ApiDb:668 - CubeFinder database Data Model version=2.1
2024-04-04 07:40:26,686 [INFO] ApiDb:669 - CubeFinder database Configuration version=3.0.39
2024-04-04 07:40:26,686 [INFO] ApiDb:670 - CubeFinder database generation date=2024-03-25 (1711369621)
2024-04-04 07:40:26,687 [INFO] ApiDb:671 - CubeFinder database FW Pack versions=[FP-ATR-ASTRA1_V2.0.0, FP-SNS-FLIGHT1_V5.0.1, FP-SNS-FLIGHT1_V5.0.2, FP-SNS-MOTENV1_V4.3.1, FP-SNS-MOTENV1_V4.3.2, FP-SNS-MOTENVWB1_V1.3.1, FP-SNS-SMARTAG2_V1.2.0, STM32Cube_FW_C0_V1.1.0, STM32Cube_FW_F4_V1.28.0, STM32Cube_FW_F7_V1.17.0, STM32Cube_FW_G0_V1.6.2, STM32Cube_FW_G4_V1.5.2, STM32Cube_FW_H5_V0.5.1, STM32Cube_FW_H5_V1.1.1, STM32Cube_FW_H5_V1.2.0, STM32Cube_FW_H5_V1.2.0RC4, STM32Cube_FW_H7RS_V1.0.0, STM32Cube_FW_H7RS_V1.0.0RC4, STM32Cube_FW_H7_V1.11.0, STM32Cube_FW_L0_V1.12.2, STM32Cube_FW_L5_V1.5.1, STM32Cube_FW_U0_V1.0.0, STM32Cube_FW_U0_V1.0.0RC1, STM32Cube_FW_U5_V1.3.0RC4, STM32Cube_FW_U5_V1.5.0, STM32Cube_FW_U5_V1.5.0RC1, STM32Cube_FW_WBA_V1.0.0RC1, STM32Cube_FW_WBA_V1.2.0, STM32Cube_FW_WBA_V1.2.0RC2, STM32Cube_FW_WBA_V1.3.0, STM32Cube_FW_WBA_V1.3.0RC1, STM32Cube_FW_WB_V1.15.0RC1, STM32Cube_FW_WB_V1.16.0, STM32Cube_FW_WB_V1.16.0RC2, STM32Cube_FW_WB_V1.18.0, STM32Cube_FW_WB_V1.19.0, STM32Cube_FW_WL_V1.3.0, X-CUBE-ALGOBUILD_V1.3.0, X-CUBE-ALS_V1.0.1, X-CUBE-AZRTOS-F4_V1.1.0, X-CUBE-AZRTOS-F7_V1.1.0, X-CUBE-AZRTOS-G0_V1.1.0, X-CUBE-AZRTOS-G4_V2.0.0, X-CUBE-AZRTOS-H7_V3.2.0, X-CUBE-AZRTOS-L4_V1.0.0, X-CUBE-AZRTOS-L4_V2.0.0, X-CUBE-AZRTOS-L5_V1.1.0, X-CUBE-AZRTOS-WB_V2.0.0, X-CUBE-AZRTOS-WL_V2.0.0, X-CUBE-BLE1_V7.0.0, X-CUBE-BLE2_V3.3.0, X-CUBE-BLEMGR_V3.1.0, X-CUBE-EEPRMA1_V4.1.0, X-CUBE-EEPRMA1_V5.1.0, X-CUBE-FREERTOS_V1.1.0, X-CUBE-GNSS1_V6.0.0, X-CUBE-MEMS1_V10.0.0, X-CUBE-MEMS1_V9.1.0, X-CUBE-MEMS1_V9.4.0, X-CUBE-MEMS1_V9.6.0, X-CUBE-NFC4_V3.0.0, X-CUBE-NFC7_V1.0.1, X-CUBE-SFXS2LP1_V4.0.0, X-CUBE-SUBG2_V5.0.0, X-CUBE-TOF1_V3.4.0]
2024-04-04 07:40:28,631 [INFO] ApiDb:240 - Found 483 in-development CPN: [B-G473E-ZEST1S, B-WB1M-WPAN1, B-WL5M-SUBG1, NUCLEO-C031C6, NUCLEO-H503RB, NUCLEO-H533RE, NUCLEO-H563ZI, NUCLEO-H7S3L8, NUCLEO-U031R8, NUCLEO-U083RC, NUCLEO-U545RE-Q, NUCLEO-U5A5ZJ-Q, NUCLEO-WBA52CG, NUCLEO-WBA55CG, STEVAL-PROTEUS1, STEVAL-SMARTAG2, STEVAL-STWINBX1, STM320518-EVAL, STM32C0116-DK, STM32C011D6Y3TR, STM32C011D6Y6TR, STM32C011F4P3, STM32C011F4P6, STM32C011F4U3, STM32C011F4U6TR, STM32C011F6P3, STM32C011F6P6, STM32C011F6U3, STM32C011F6U6TR, STM32C011J4M3, STM32C011J4M6, STM32C011J6M3, STM32C011J6M6, STM32C0316-DK, STM32C031C4T3, STM32C031C4T6, STM32C031C4U3, STM32C031C4U6, STM32C031C6T3, STM32C031C6T6, STM32C031C6U3, STM32C031C6U6, STM32C031F4P3, STM32C031F4P6, STM32C031F6P3, STM32C031F6P6, STM32C031G4U3, STM32C031G4U6, STM32C031G6U3, STM32C031G6U6, STM32C031K4T3, STM32C031K4T6, STM32C031K4U3, STM32C031K4U6, STM32C031K6T3, STM32C031K6T6, STM32C031K6U3, STM32C031K6U6, STM32G071K8TXN, STM32G071K8UXN, STM32G081GBU6N, STM32G081KBT6N, STM32G081KBUXN, STM32G0B1CCT6N, STM32G0B1KCT6, STM32G0B1NEY6TR, STM32G0B1RCT6N, STM32G0C1CCT6, STM32G0C1CCT6N, STM32G0C1CCU6N, STM32G0C1CET6N, STM32G0C1CEU6N, STM32G0C1KCT6, STM32G0C1NEY6TR, STM32G0C1RCI6N, STM32G0C1RCT6N, STM32G0C1REI6N, STM32G0C1RET6N, STM32G0C1VCI6, STM32G0C1VEI6, STM32G471CCT6, STM32G471CCU6, STM32G471CET3, STM32G471CET6, STM32G471CEU3, STM32G471CEU6, STM32G471MCT6, STM32G471MET3, STM32G471MET6, STM32G471MEY6TR, STM32G471QCT6, STM32G471QET3, STM32G471RCT6, STM32G471RET3, STM32G471RET6, STM32G471VCH6, STM32G471VCI6, STM32G471VCT6, STM32G471VEH3, STM32G471VEH6, STM32G471VEI3, STM32G471VEI6, STM32G471VET3, STM32G471VET6, STM32G474CCT6, STM32H503CBT6, STM32H503CBU6, STM32H503EBY6TR, STM32H503KBU6, STM32H503RBT6, STM32H523CCT6, STM32H523CCU6, STM32H523CET6, STM32H523CEU6, STM32H523HEY6TR, STM32H523RCT6, STM32H523RET6, STM32H523VCI6, STM32H523VCT6, STM32H523VEI6, STM32H523VET6, STM32H523ZCJ6, STM32H523ZCT6, STM32H523ZEJ6, STM32H523ZET6, STM32H533CET6, STM32H533CEU6, STM32H533HEY6TR, STM32H533RET6, STM32H533VEI6, STM32H533VET6, STM32H533ZEJ6, STM32H533ZET6, STM32H562AGI6, STM32H562AII6, STM32H562IGK6, STM32H562IGT6, STM32H562IIK6, STM32H562IIT6, STM32H562RGT6, STM32H562RGV6, STM32H562RIT6, STM32H562RIV6, STM32H562VGT6, STM32H562VIT6, STM32H562ZGT6, STM32H562ZIT6, STM32H563AGI6, STM32H563AII3Q, STM32H563AII6, STM32H563IGK6, STM32H563IGT6, STM32H563IIK3Q, STM32H563IIK6, STM32H563IIT3Q, STM32H563IIT6, STM32H563MIY3QTR, STM32H563RGT6, STM32H563RGV6, STM32H563RIT6, STM32H563RIV6, STM32H563VGT6, STM32H563VIT3Q, STM32H563VIT6, STM32H563ZGT6, STM32H563ZIT3Q, STM32H563ZIT6, STM32H573AII3Q, STM32H573AII6, STM32H573I-DK, STM32H573IIK3Q, STM32H573IIK6, STM32H573IIT3Q, STM32H573IIT6, STM32H573MIY3QTR, STM32H573RIT6, STM32H573RIV6, STM32H573VIT3Q, STM32H573VIT6, STM32H573ZIT3Q, STM32H573ZIT6, STM32H7R3A8I6, STM32H7R3I8K6, STM32H7R3I8T6, STM32H7R3L8H6, STM32H7R3L8H6H, STM32H7R3R8V6, STM32H7R3V8H6, STM32H7R3V8T6, STM32H7R3V8Y6, STM32H7R3Z8J6, STM32H7R3Z8T6, STM32H7R7A8I6, STM32H7R7I8K6, STM32H7R7I8T6, STM32H7R7L8H6, STM32H7R7L8H6H, STM32H7R7Z8J6, STM32H7S3A8I6, STM32H7S3I8K6, STM32H7S3I8T6, STM32H7S3L8H6, STM32H7S3L8H6H, STM32H7S3R8V6, STM32H7S3V8H6, STM32H7S3V8T6, STM32H7S3V8Y6, STM32H7S3Z8J6, STM32H7S3Z8T6, STM32H7S78-DK, STM32H7S7A8I6, STM32H7S7I8K6, STM32H7S7I8T6, STM32H7S7L8H6, STM32H7S7L8H6H, STM32H7S7Z8J6, STM32L4R5QGI6STR, STM32MP131AAE3, STM32MP131AAF3, STM32MP131AAG3, STM32MP131CAE3, STM32MP131CAF3, STM32MP131CAG3, STM32MP131DAE7, STM32MP131DAF7, STM32MP131DAG7, STM32MP131FAE7, STM32MP131FAF7, STM32MP131FAG7, STM32MP133AAE3, STM32MP133AAF3, STM32MP133AAG3, STM32MP133CAE3, STM32MP133CAF3, STM32MP133CAG3, STM32MP133DAE7, STM32MP133DAF7, STM32MP133DAG7, STM32MP133FAE7, STM32MP133FAF7, STM32MP133FAG7, STM32MP135AAE3, STM32MP135AAF3, STM32MP135AAG3, STM32MP135CAE3, STM32MP135CAF3, STM32MP135CAG3, STM32MP135DAE7, STM32MP135DAF7, STM32MP135DAG7, STM32MP135F-DK, STM32MP135FAE7, STM32MP135FAF7, STM32MP135FAF7T, STM32MP135FAF7U, STM32MP135FAG7, STM32U031C6T6, STM32U031C6U6, STM32U031C8T6, STM32U031C8U6, STM32U031F4P6, STM32U031F6P6, STM32U031F8P6, STM32U031G6Y6TR, STM32U031G8Y6TR, STM32U031K4U6, STM32U031K6U6, STM32U031K8U6, STM32U031R6I6, STM32U031R6T6, STM32U031R8I6, STM32U031R8T6, STM32U073C8T6, STM32U073C8U6, STM32U073CBT6, STM32U073CBU6, STM32U073CCT6, STM32U073CCU6, STM32U073H8Y6TR, STM32U073HBY6TR, STM32U073HCY6TR, STM32U073K8U6, STM32U073KBU6, STM32U073KCU6, STM32U073M8I6, STM32U073M8T6, STM32U073MBI6, STM32U073MBT6, STM32U073MCI6, STM32U073MCT6, STM32U073R8I6, STM32U073R8T6, STM32U073RBI6, STM32U073RBT6, STM32U073RCI6, STM32U073RCT6, STM32U083C-DK, STM32U083CCT6, STM32U083CCU6, STM32U083HCY6TR, STM32U083KCU6, STM32U083MCI6, STM32U083MCT6, STM32U083RCI6, STM32U083RCT6, STM32U535CBT6, STM32U535CBT6Q, STM32U535CBU6, STM32U535CBU6Q, STM32U535CCT6, STM32U535CCT6Q, STM32U535CCU6, STM32U535CCU6Q, STM32U535CET6, STM32U535CET6Q, STM32U535CEU6, STM32U535CEU6Q, STM32U535JEY6QTR, STM32U535NCY6QTR, STM32U535NEY6QTR, STM32U535RBI6, STM32U535RBI6Q, STM32U535RBT6, STM32U535RBT6Q, STM32U535RCI6, STM32U535RCI6Q, STM32U535RCT6, STM32U535RCT6Q, STM32U535REI6, STM32U535REI6Q, STM32U535RET6, STM32U535RET6Q, STM32U535VCI6, STM32U535VCI6Q, STM32U535VCT6, STM32U535VCT6Q, STM32U535VEI6, STM32U535VEI6Q, STM32U535VET6, STM32U535VET6Q, STM32U545CET6, STM32U545CET6Q, STM32U545CEU6, STM32U545CEU6Q, STM32U545JEY6QTR, STM32U545NEY6QTR, STM32U545REI6, STM32U545REI6Q, STM32U545RET6, STM32U545RET6Q, STM32U545VEI6, STM32U545VEI6Q, STM32U545VET6, STM32U545VET6Q, STM32U595AIH6, STM32U595AIH6Q, STM32U595AJH6, STM32U595AJH6Q, STM32U595QII6, STM32U595QII6Q, STM32U595QJI6, STM32U595QJI6Q, STM32U595RIT6, STM32U595RIT6Q, STM32U595RJT6, STM32U595RJT6Q, STM32U595VIT6, STM32U595VIT6Q, STM32U595VJT6, STM32U595VJT6Q, STM32U595ZIT6, STM32U595ZIT6Q, STM32U595ZIY6QTR, STM32U595ZJT6, STM32U595ZJT6Q, STM32U595ZJY6QTR, STM32U599BJY6QTR, STM32U599NIH6Q, STM32U599NJH6Q, STM32U599VIT6Q, STM32U599VJT6, STM32U599VJT6Q, STM32U599ZIT6Q, STM32U599ZIY6QTR, STM32U599ZJT6Q, STM32U599ZJY6QTR, STM32U5A5AJH6, STM32U5A5AJH6Q, STM32U5A5QII3Q , STM32U5A5QJI6, STM32U5A5QJI6Q, STM32U5A5RJT6, STM32U5A5RJT6Q, STM32U5A5VJT6, STM32U5A5VJT6Q, STM32U5A5ZJT6, STM32U5A5ZJT6Q, STM32U5A5ZJY6QTR, STM32U5A9BJY6QTR, STM32U5A9J-DK, STM32U5A9NJH6Q, STM32U5A9VJT6Q, STM32U5A9ZJT6Q, STM32U5A9ZJY6QTR, STM32U5F7VIT6, STM32U5F7VIT6Q, STM32U5F7VJT6, STM32U5F7VJT6Q, STM32U5F9BJY6QTR, STM32U5F9NJH6Q, STM32U5F9VIT6Q, STM32U5F9VJT6Q, STM32U5F9ZIJ6QTR, STM32U5F9ZIT6Q, STM32U5F9ZJJ6QTR, STM32U5F9ZJT6Q, STM32U5G7VJT6, STM32U5G7VJT6Q, STM32U5G9BJY6QTR, STM32U5G9J-DK1, STM32U5G9J-DK2, STM32U5G9NJH6Q, STM32U5G9VJT6Q, STM32U5G9ZJJ6QTR, STM32U5G9ZJT6Q, STM32WB1MMCH6, STM32WBA50KEU6, STM32WBA50KEU6TR, STM32WBA50KGU6, STM32WBA50KGU6TR, STM32WBA52CEU6, STM32WBA52CEU6TR, STM32WBA52CEU7, STM32WBA52CEU7TR, STM32WBA52CGU6, STM32WBA52CGU6TR, STM32WBA52CGU6U, STM32WBA52CGU7, STM32WBA52CGU7TR, STM32WBA52KEU6, STM32WBA52KEU6TR, STM32WBA52KGU6, STM32WBA52KGU6TR, STM32WBA54CEU6, STM32WBA54CEU6TR, STM32WBA54CEU7, STM32WBA54CEU7TR, STM32WBA54CGU6, STM32WBA54CGU6TR, STM32WBA54CGU7, STM32WBA54CGU7TR, STM32WBA54KEU6, STM32WBA54KEU6TR, STM32WBA54KEU7, STM32WBA54KEU7TR, STM32WBA54KGU6, STM32WBA54KGU6TR, STM32WBA54KGU7, STM32WBA54KGU7TR, STM32WBA55CEU6, STM32WBA55CEU6TR, STM32WBA55CEU7, STM32WBA55CEU7TR, STM32WBA55CGU6, STM32WBA55CGU6TR, STM32WBA55CGU6U, STM32WBA55CGU7, STM32WBA55CGU7TR, STM32WBA55G-DK1, STM32WBA55HEF6, STM32WBA55HEF7, STM32WBA55HGF6, STM32WBA55HGF7, STM32WBA55UEI6, STM32WBA55UEI6TR, STM32WBA55UEI7, STM32WBA55UEI7TR, STM32WBA55UGI6, STM32WBA55UGI6TR, STM32WBA55UGI7, STM32WBA55UGI7TR, STM32WL5MOCH6, STM32WL5MOCH6TR]
2024-04-04 07:40:28,637 [INFO] DbMcus:218 - Found 4094 MCUs, 4094 are supported
2024-04-04 07:40:28,637 [INFO] ApiDb:423 - Load user favorites file /home/anushree/.stm32cubeide/favorites.mcus.txt: 0 item(s)
2024-04-04 07:40:28,637 [INFO] ApiDb:427 - User favorites MCUs=[]
2024-04-04 07:40:28,637 [INFO] DbMcus:224 - Set 0 / 0 favorites MCUs
2024-04-04 07:40:29,066 [INFO] ApiDb:423 - Load user favorites file /home/anushree/.stm32cubeide/favorites.boards.txt: 0 item(s)
2024-04-04 07:40:29,066 [INFO] ApiDb:427 - User favorites Boards=[]
2024-04-04 07:40:29,066 [INFO] DbBoards:198 - Set 0 / 0 favorites Boards
2024-04-04 07:40:29,067 [INFO] McuFinderGlobals:76 - Set McuFinderConnectedMode to true
2024-04-04 07:40:29,072 [INFO] MultiScanPanel:200 - Auto-refresh data requested => check proxy status ongoing
2024-04-04 07:40:29,074 [INFO] FinderPluginLoader:95 - Searching for filters in installed packs
2024-04-04 07:40:30,436 [INFO] LoadUrlFilesThread:185 - End of LoadServerUrlFiles without Thread
2024-04-04 07:40:30,474 [INFO] DetailPanel:341 - Set advertising image to /home/anushree/STM32Cube/Repository//en.prom-stm32wl3-mcu-finder.jpg
2024-04-04 07:40:35,304 [INFO] McuFinderGlobals:76 - Set McuFinderConnectedMode to true
2024-04-04 07:40:35,439 [INFO] ApiDb:448 - Save user favorites file /home/anushree/.stm32cubeide/favorites.mcus.txt: 0 item(s)
2024-04-04 07:40:35,440 [INFO] ApiDb:452 - User favorites MCUs=[]
2024-04-04 07:41:45,670 [ERROR] LogOutputStream:75 - [STDERR_REDIRECT] 
